[2026-04-21T03:14:57.243+00:00] [INFO] Compiling model ID mn1goxe4n
[2026-04-21T03:14:57.244+00:00] [INFO] [compile-pre-compile] Memory: 3.5GiB / 40.0GiB (9%) | working_set: 651.5MiB | peak: 6.9GiB
[2026-04-21T03:15:04.960+00:00] [INFO] -=- Converting ONNX graph: decompose GeLU layers -=-
[2026-04-21T03:15:04.979+00:00] [INFO] Memory: 6.4GiB / 40.0GiB (16%) | working_set: 6.2GiB | peak: 16.2GiB
[2026-04-21T03:15:05.388+00:00] [INFO] Applying ONNX IR shape inference
[2026-04-21T03:15:07.653+00:00] [INFO] Applying ONNX IR rewriter with rules
[2026-04-21T03:15:19.396+00:00] [INFO] Ran 36 passes, 6 triggered
[2026-04-21T03:15:19.396+00:00] [INFO] Passes triggered:
[2026-04-21T03:15:19.430+00:00] [INFO] +------------------------------------+----------+
[2026-04-21T03:15:19.430+00:00] [INFO] | Pass Name                          | Triggers |
[2026-04-21T03:15:19.430+00:00] [INFO] +------------------------------------+----------+
[2026-04-21T03:15:19.430+00:00] [INFO] | OverrideFoldConstantsPass          |        2 |
[2026-04-21T03:15:19.430+00:00] [INFO] | RewritePass                        |        1 |
[2026-04-21T03:15:19.430+00:00] [INFO] | LiftConstantsToInitializersPass    |        1 |
[2026-04-21T03:15:19.430+00:00] [INFO] | DeduplicateInitializersPass        |        1 |
[2026-04-21T03:15:19.430+00:00] [INFO] | CommonSubexpressionEliminationPass |        1 |
[2026-04-21T03:15:19.430+00:00] [INFO] +------------------------------------+----------+
[2026-04-21T03:15:19.434+00:00] [INFO] Model metrics comparison:
[2026-04-21T03:15:19.435+00:00] [INFO] +-----------------+--------+--------+-----------+
[2026-04-21T03:15:19.435+00:00] [INFO] | Metric          | Before |  After |     Delta |
[2026-04-21T03:15:19.435+00:00] [INFO] +-----------------+--------+--------+-----------+
[2026-04-21T03:15:19.435+00:00] [INFO] | Op count        |   7667 |   2237 |     [32m-5430[0m |
[2026-04-21T03:15:19.435+00:00] [INFO] | Model size      | 2.8GiB | 2.8GiB | [32m-525.3KiB[0m |
[2026-04-21T03:15:19.435+00:00] [INFO] | Add             |    256 |    253 |        [32m-3[0m |
[2026-04-21T03:15:19.435+00:00] [INFO] | And             |      2 |      1 |        [32m-1[0m |
[2026-04-21T03:15:19.435+00:00] [INFO] | Cast            |    351 |      2 |      [32m-349[0m |
[2026-04-21T03:15:19.435+00:00] [INFO] | Concat          |    340 |    113 |      [32m-227[0m |
[2026-04-21T03:15:19.435+00:00] [INFO] | Constant        |   2759 |      0 |     [32m-2759[0m |
[2026-04-21T03:15:19.435+00:00] [INFO] | ConstantOfShape |     59 |      0 |       [32m-59[0m |
[2026-04-21T03:15:19.435+00:00] [INFO] | Cos             |      1 |      1 |        +0 |
[2026-04-21T03:15:19.435+00:00] [INFO] | Div             |    169 |    113 |       [32m-56[0m |
[2026-04-21T03:15:19.435+00:00] [INFO] | Equal           |     58 |      0 |       [32m-58[0m |
[2026-04-21T03:15:19.436+00:00] [INFO] | Expand          |     58 |     57 |        [32m-1[0m |
[2026-04-21T03:15:19.436+00:00] [INFO] | Flatten         |      1 |      0 |        [32m-1[0m |
[2026-04-21T03:15:19.436+00:00] [INFO] | Gather          |    372 |      2 |      [32m-370[0m |
[2026-04-21T03:15:19.436+00:00] [INFO] | IsNaN           |     28 |     28 |        +0 |
[2026-04-21T03:15:19.436+00:00] [INFO] | LessOrEqual     |      1 |      0 |        [32m-1[0m |
[2026-04-21T03:15:19.436+00:00] [INFO] | MatMul          |    254 |    254 |        +0 |
[2026-04-21T03:15:19.436+00:00] [INFO] | Mul             |    567 |    450 |      [32m-117[0m |
[2026-04-21T03:15:19.436+00:00] [INFO] | Neg             |     56 |     56 |        +0 |
[2026-04-21T03:15:19.436+00:00] [INFO] | Pow             |    113 |    113 |        +0 |
[2026-04-21T03:15:19.436+00:00] [INFO] | Range           |      3 |      0 |        [32m-3[0m |
[2026-04-21T03:15:19.436+00:00] [INFO] | ReduceMean      |    113 |    113 |        +0 |
[2026-04-21T03:15:19.436+00:00] [INFO] | Reshape         |    228 |    170 |       [32m-58[0m |
[2026-04-21T03:15:19.436+00:00] [INFO] | Shape           |    429 |      0 |      [32m-429[0m |
[2026-04-21T03:15:19.436+00:00] [INFO] | Sigmoid         |     28 |     28 |        +0 |
[2026-04-21T03:15:19.436+00:00] [INFO] | Sin             |      1 |      1 |        +0 |
[2026-04-21T03:15:19.436+00:00] [INFO] | Slice           |    140 |    112 |       [32m-28[0m |
[2026-04-21T03:15:19.436+00:00] [INFO] | Softmax         |     28 |     28 |        +0 |
[2026-04-21T03:15:19.436+00:00] [INFO] | Sqrt            |    113 |    113 |        +0 |
[2026-04-21T03:15:19.436+00:00] [INFO] | Transpose       |    141 |    141 |        +0 |
[2026-04-21T03:15:19.437+00:00] [INFO] | Unsqueeze       |    884 |     59 |      [32m-825[0m |
[2026-04-21T03:15:19.437+00:00] [INFO] | Where           |    114 |     29 |       [32m-85[0m |
[2026-04-21T03:15:19.437+00:00] [INFO] +-----------------+--------+--------+-----------+
[2026-04-21T03:16:05.040+00:00] [INFO] Memory: 13.0GiB / 40.0GiB (32%) | working_set: 10.8GiB | peak: 16.2GiB
[2026-04-21T03:16:35.659+00:00] [INFO] Saving model
[2026-04-21T03:16:36.029+00:00] [INFO] Uploading asset to https://tetrahub-qprod-userdata.s3.amazonaws.com/models/mnwrw463m_H2W4WQgpLLP2nRgJ.onnx.zip?uploadId=Nn9P4oLn53kH6roags0Iwypso_EqJoskbepyRrNL4Cx8kNYNvvefJ1BiP1GOPIVHPZiaxUagMDgcRajn068yJxI.TneNYBuyu_zM6XR.4Zv2ov1L6GlLlcC2JA6H2Q2a&partNumber=1&AWSAccessKeyId=AKIAY25OF7UJU4ZXEREI&Signature=wQ1c59k8YIE
[2026-04-21T03:16:45.407+00:00] [INFO] Successfully uploaded asset with response status: 200
[2026-04-21T03:16:45.407+00:00] [INFO] Uploading asset to https://tetrahub-qprod-userdata.s3.amazonaws.com/models/mnwrw463m_H2W4WQgpLLP2nRgJ.onnx.zip?uploadId=Nn9P4oLn53kH6roags0Iwypso_EqJoskbepyRrNL4Cx8kNYNvvefJ1BiP1GOPIVHPZiaxUagMDgcRajn068yJxI.TneNYBuyu_zM6XR.4Zv2ov1L6GlLlcC2JA6H2Q2a&partNumber=2&AWSAccessKeyId=AKIAY25OF7UJU4ZXEREI&Signature=XlAloQ6Am4U
[2026-04-21T03:16:49.725+00:00] [INFO] Successfully uploaded asset with response status: 200
[2026-04-21T03:16:52.842+00:00] [INFO] Uploading asset to https://tetrahub-qprod-userdata.s3-accelerate.amazonaws.com/
[2026-04-21T03:16:53.008+00:00] [INFO] Successfully uploaded asset with response status: 204
[2026-04-21T03:16:53.009+00:00] [INFO] Successfully computed visualization graph for mnwrw463m
[2026-04-21T03:16:53.239+00:00] [INFO] =================================== Run compile_to_qnn_dlc =================================== 
[2026-04-21T03:16:53.241+00:00] [INFO] Applying HTP-specific optimizations
[2026-04-21T03:16:59.557+00:00] [INFO] -=- ONNX to QNN DLC (qairt-converter) -=-
[2026-04-21T03:16:59.557+00:00] [INFO] Running /tetra/qairt_env/default/2.45.0/bin/python3 /qairt_sdk/default/2.45.0/bin/x86_64-linux-clang/qairt-converter --input_network /tmp/tmpfwgx6u6w/tmpo_0fg_04.onnx --output_path /tmp/tmpfwgx6u6w/graph_dgjnp72e.dlc --preserve_io_datatype past_key_values.0.key past_key_values.0.value past_key_values.1.key past_key_values.1.value past_key_values.2.key past_key_values.2.value past_key_values.3.key past_key_values.3.value past_key_values.4.key past_key_values.4.value past_key_values.5.key past_key_values.5.value past_key_values.6.key past_key_values.6.value past_key_values.7.key past_key_values.7.value past_key_values.8.key past_key_values.8.value past_key_values.9.key past_key_values.9.value past_key_values.10.key past_key_values.10.value past_key_values.11.key past_key_values.11.value past_key_values.12.key past_key_values.12.value past_key_values.13.key past_key_values.13.value past_key_values.14.key past_key_values.14.value past_key_values.15.key past_key_values.15.value past_key_values.16.key past_key_values.16.value past_key_values.17.key past_key_values.17.value past_key_values.18.key past_key_values.18.value past_key_values.19.key past_key_values.19.value past_key_values.20.key past_key_values.20.value past_key_values.21.key past_key_values.21.value past_key_values.22.key past_key_values.22.value past_key_values.23.key past_key_values.23.value past_key_values.24.key past_key_values.24.value past_key_values.25.key past_key_values.25.value past_key_values.26.key past_key_values.26.value past_key_values.27.key past_key_values.27.value output_0 output_1 output_2 output_3 output_4 output_5 output_6 output_7 output_8 output_9 output_10 output_11 output_12 output_13 output_14 output_15 output_16 output_17 output_18 output_19 output_20 output_21 output_22 output_23 output_24 output_25 output_26 output_27 output_28 output_29 output_30 output_31 output_32 output_33 output_34 output_35 output_36 output_37 output_38 output_39 output_40 output_41 output_42 output_43 output_44 output_45 output_46 output_47 output_48 output_49 output_50 output_51 output_52 output_53 output_54 output_55 output_56 --preserve_io_datatype past_key_values.0.key past_key_values.0.value past_key_values.1.key past_key_values.1.value past_key_values.2.key past_key_values.2.value past_key_values.3.key past_key_values.3.value past_key_values.4.key past_key_values.4.value past_key_values.5.key past_key_values.5.value past_key_values.6.key past_key_values.6.value past_key_values.7.key past_key_values.7.value past_key_values.8.key past_key_values.8.value past_key_values.9.key past_key_values.9.value past_key_values.10.key past_key_values.10.value past_key_values.11.key past_key_values.11.value past_key_values.12.key past_key_values.12.value past_key_values.13.key past_key_values.13.value past_key_values.14.key past_key_values.14.value past_key_values.15.key past_key_values.15.value past_key_values.16.key past_key_values.16.value past_key_values.17.key past_key_values.17.value past_key_values.18.key past_key_values.18.value past_key_values.19.key past_key_values.19.value past_key_values.20.key past_key_values.20.value past_key_values.21.key past_key_values.21.value past_key_values.22.key past_key_values.22.value past_key_values.23.key past_key_values.23.value past_key_values.24.key past_key_values.24.value past_key_values.25.key past_key_values.25.value past_key_values.26.key past_key_values.26.value past_key_values.27.key past_key_values.27.value output_0 output_1 output_2 output_3 output_4 output_5 output_6 output_7 output_8 output_9 output_10 output_11 output_12 output_13 output_14 output_15 output_16 output_17 output_18 output_19 output_20 output_21 output_22 output_23 output_24 output_25 output_26 output_27 output_28 output_29 output_30 output_31 output_32 output_33 output_34 output_35 output_36 output_37 output_38 output_39 output_40 output_41 output_42 output_43 output_44 output_45 output_46 output_47 output_48 output_49 output_50 output_51 output_52 output_53 output_54 output_55 output_56 --float_bitwidth 16 --preserve_onnx_output_order
[2026-04-21T03:17:00.263+00:00] [INFO] 2026-04-21 03:17:00,263 - 278 - INFO - INFO_INITIALIZATION_SUCCESS: 
[2026-04-21T03:17:00.453+00:00] [INFO] 2026-04-21 03:17:00,452 - 283 - WARNING - Unable to register converter supported Operation [Inverse:Version 1] with your Onnx installation. Converter will bail if Model contains this Op.
[2026-04-21T03:17:00.459+00:00] [INFO] 2026-04-21 03:17:00,459 - 283 - WARNING - Unable to register converter supported Operation [RMSNormalization:Version 23] with your Onnx installation. Converter will bail if Model contains this Op.
[2026-04-21T03:17:00.465+00:00] [INFO] 2026-04-21 03:17:00,465 - 283 - WARNING - Unable to register converter supported Operation [RotaryEmbedding:Version 23] with your Onnx installation. Converter will bail if Model contains this Op.
[2026-04-21T03:17:00.633+00:00] [INFO] 2026-04-21 03:17:00,632 - 283 - WARNING - --desired_input_shape and -d are deprecated. Use --source_model_input_shape or -s for achieving this functionality
[2026-04-21T03:17:00.633+00:00] [INFO] 2026-04-21 03:17:00,633 - 278 - INFO - Input shape info 
[2026-04-21T03:17:02.113+00:00] [INFO] 2026-04-21 03:17:02,113 - 283 - WARNING - Symbolic shape inference Failed. Exception: Onnxruntime package not found in current environment. Symbolic Shape Inference will be skipped.. Running normal shape inference.
[2026-04-21T03:17:02.646+00:00] [INFO] 2026-04-21 03:17:02,646 - 283 - WARNING - Onnx model simplification failed due to: No module named 'onnxsim'
[2026-04-21T03:17:02.647+00:00] [INFO] 2026-04-21 03:17:02,646 - 283 - WARNING - Simplified model validation failed
[2026-04-21T03:17:02.886+00:00] [INFO] 2026-04-21 03:17:02,886 - 283 - WARNING - Onnx model simplification failed due to: No module named 'onnxsim'
[2026-04-21T03:17:02.886+00:00] [INFO] 2026-04-21 03:17:02,886 - 283 - WARNING - Simplified model validation failed
[2026-04-21T03:17:03.188+00:00] [INFO] 2026-04-21 03:17:03,188 - 283 - WARNING - Only numerical type cast is supported. The cast op: /model/Cast_2 will be interpreted at conversion time
[2026-04-21T03:17:03.196+00:00] [INFO] 2026-04-21 03:17:03,196 - 283 - WARNING - Only numerical type cast is supported. The cast op: /model/rotary_emb/Cast_1 will be interpreted at conversion time
[2026-04-21T03:17:05.094+00:00] [INFO] Memory: 21.3GiB / 40.0GiB (53%) | working_set: 18.4GiB | peak: 21.3GiB
[2026-04-21T03:17:05.952+00:00] [INFO] 2026-04-21 03:17:05,952 - 283 - WARNING - Unused Input nodes found: []
[2026-04-21T03:17:22.297+00:00] [INFO] 2026-04-21 03:17:22,296 - 278 - INFO - INFO_INITIALIZATION_SUCCESS: 
[2026-04-21T03:17:24.169+00:00] [INFO] handleReshapeOp: Squash Reshape Op: /lm_head/MatMul_post_reshape_identity due to IdentityOp. Input shape: IrTensorShape(dims = [1,1,151936] , dy_axes=[]), shape after IrTensorShape(dims = [1,1,151936] , dy_axes=[])
[2026-04-21T03:17:24.184+00:00] [INFO] reEvalMacsParams: Re-evaluated graph statistics after IrOptimizer optimization passes:
[2026-04-21T03:17:24.184+00:00] [INFO] reEvalMacsParams: Total MACs: 638362625
[2026-04-21T03:17:24.184+00:00] [INFO] reEvalMacsParams: Total Params Count: 595984384
[2026-04-21T03:17:26.858+00:00] [INFO] 2026-04-21 03:17:26,858 - 278 - INFO - INFO_CONVERSION_SUCCESS: Conversion completed successfully
[2026-04-21T03:17:42.930+00:00] [INFO] 2026-04-21 03:17:42,930 - 278 - INFO - INFO_WRITE_SUCCESS: 
[2026-04-21T03:17:43.621+00:00] [INFO] -=- Generating .json file from .dlc model (qairt-dlc-to-json) -=-
[2026-04-21T03:17:43.621+00:00] [INFO] Running /qairt_sdk/default/2.45.0/bin/x86_64-linux-clang/qairt-dlc-to-json -i /tmp/tmpwwk0t0o6.dlc -o /tmp/tmpns4ox7_u.json
[2026-04-21T03:17:43.805+00:00] [INFO] Model Json saved at: /tmp/tmpns4ox7_u.json
[2026-04-21T03:17:43.984+00:00] [INFO] -=- Generating .json file from .dlc model (qairt-dlc-to-json) -=-
[2026-04-21T03:17:43.985+00:00] [INFO] Running /qairt_sdk/default/2.45.0/bin/x86_64-linux-clang/qairt-dlc-to-json -i /tmp/tmpwwk0t0o6.dlc -o /tmp/tmpmlqflhl2.json
[2026-04-21T03:17:44.159+00:00] [INFO] Model Json saved at: /tmp/tmpmlqflhl2.json
[2026-04-21T03:17:44.200+00:00] [INFO] Saving model
[2026-04-21T03:17:44.571+00:00] [INFO] Uploading asset to https://tetrahub-qprod-userdata.s3.amazonaws.com/models/mqk265o1q_FhSiLgDyHCv5OtWo.dlc?uploadId=ZyOIr_aR0blAhctywVN0tyspLsL2DyLgqdfGgEmaXTK.Z4qvrcuJvh9FMhfLkQXd38d5f1z7mlJFzLKBrxs4GAzDiPqOC4WaeDXNqAoFMB8ES_Vz6u6J6GF9oPrRudlI&partNumber=1&AWSAccessKeyId=AKIAY25OF7UJU4ZXEREI&Signature=hcAHWKEn0VXnm2wc
[2026-04-21T03:17:53.895+00:00] [INFO] Successfully uploaded asset with response status: 200
[2026-04-21T03:17:53.896+00:00] [INFO] Uploading asset to https://tetrahub-qprod-userdata.s3.amazonaws.com/models/mqk265o1q_FhSiLgDyHCv5OtWo.dlc?uploadId=ZyOIr_aR0blAhctywVN0tyspLsL2DyLgqdfGgEmaXTK.Z4qvrcuJvh9FMhfLkQXd38d5f1z7mlJFzLKBrxs4GAzDiPqOC4WaeDXNqAoFMB8ES_Vz6u6J6GF9oPrRudlI&partNumber=2&AWSAccessKeyId=AKIAY25OF7UJU4ZXEREI&Signature=dzS4xW7fkkJlMZHR
[2026-04-21T03:17:57.703+00:00] [INFO] Successfully uploaded asset with response status: 200
[2026-04-21T03:17:57.993+00:00] [INFO] -=- Generating .json file from .dlc model (qairt-dlc-to-json) -=-
[2026-04-21T03:17:57.993+00:00] [INFO] Running /qairt_sdk/default/2.45.0/bin/x86_64-linux-clang/qairt-dlc-to-json -i /tmp/tmpwwk0t0o6.dlc -o /tmp/tmp8fh8tr39.json
[2026-04-21T03:17:58.173+00:00] [INFO] Model Json saved at: /tmp/tmp8fh8tr39.json
[2026-04-21T03:17:58.542+00:00] [INFO] Uploading asset to https://tetrahub-qprod-userdata.s3-accelerate.amazonaws.com/
[2026-04-21T03:17:58.679+00:00] [INFO] Successfully uploaded asset with response status: 204
[2026-04-21T03:17:58.679+00:00] [INFO] Successfully computed visualization graph for mqk265o1q
[2026-04-21T03:17:58.680+00:00] [INFO] Graph name: graph_dgjnp72e
[2026-04-21T03:17:58.681+00:00] [INFO] -=- QNN DLC models to QNN Context Binary (qnn-context-binary-generator) -=-
[2026-04-21T03:17:58.681+00:00] [INFO] Contents of HTP Settings: {'context': {'weight_sharing_enabled': False}, 'devices': [{'device_id': 0, 'dsp_arch': 'v81', 'soc_model': 88}], 'graphs': [{'fp16_relaxed_precision': 1, 'vtcm_mb': 0, 'O': 3.0, 'graph_names': ['graph_dgjnp72e']}]}
[2026-04-21T03:17:58.681+00:00] [INFO] Contents of HTP Config file used: {'context_configs': {'enable_graphs': ['graph_dgjnp72e']}, 'graph_configs': [{'graph_name': 'graph_dgjnp72e'}], 'backend_extensions': {'shared_library_path': 'libQnnHtpNetRunExtensions.so', 'config_file_path': '/tmp/tmpg6yyk30p/htp_setting.json'}}
[2026-04-21T03:17:58.681+00:00] [INFO] Running /qairt_sdk/default/2.45.0/bin/x86_64-linux-clang/qnn-context-binary-generator --backend /qairt_sdk/default/2.45.0/lib/x86_64-linux-clang/libQnnHtp.so --dlc_path /tmp/tmpwwk0t0o6.dlc --output_dir /tmp/tmpg6yyk30p --binary_file qnn_model --config_file /tmp/tmpg6yyk30p/htp_context.json --profiling_level detailed --profiling_option optrace
[2026-04-21T03:17:58.683+00:00] [INFO] qnn-context-binary-generator pid:67
[2026-04-21T03:17:58.925+00:00] [INFO]  <W> Initializing HtpProvider
[2026-04-21T03:17:58.926+00:00] [INFO]    241.8ms 
[2026-04-21T03:17:58.926+00:00] [INFO] [ ERROR ]  <E> Unsupported input/output datatypes requested for the HTP Op 'Gather' in the node '/model/Gather_5'. There is a mismatch for the combination of inputs and outputs.
[2026-04-21T03:17:58.926+00:00] [INFO]    241.8ms 
[2026-04-21T03:17:58.926+00:00] [INFO] [ ERROR ]  <E> Requested I/O datatype set:
[2026-04-21T03:17:58.926+00:00] [INFO]    in[0]:QNN_DATATYPE_BOOL_8
[2026-04-21T03:17:58.926+00:00] [INFO]    in[1]:QNN_DATATYPE_INT_32
[2026-04-21T03:17:58.926+00:00] [INFO]    out[0]:QNN_DATATYPE_BOOL_8
[2026-04-21T03:17:58.926+00:00] [INFO]    241.8ms 
[2026-04-21T03:17:58.926+00:00] [INFO] [ ERROR ]  <E> Supported I/O datatype sets for the configuration: BF16
[2026-04-21T03:17:58.927+00:00] [INFO]    1:
[2026-04-21T03:17:58.927+00:00] [INFO]    in[0]:QNN_DATATYPE_BFLOAT_16
[2026-04-21T03:17:58.927+00:00] [INFO]    in[1]:QNN_DATATYPE_UINT_32
[2026-04-21T03:17:58.927+00:00] [INFO]    out[0]:QNN_DATATYPE_BFLOAT_16
[2026-04-21T03:17:58.927+00:00] [INFO]    2:
[2026-04-21T03:17:58.927+00:00] [INFO]    in[0]:QNN_DATATYPE_BFLOAT_16
[2026-04-21T03:17:58.927+00:00] [INFO]    in[1]:QNN_DATATYPE_INT_32
[2026-04-21T03:17:58.927+00:00] [INFO]    out[0]:QNN_DATATYPE_BFLOAT_16
[2026-04-21T03:17:58.927+00:00] [INFO]    241.8ms 
[2026-04-21T03:17:58.927+00:00] [INFO] [ ERROR ]  <E> Supported I/O datatype sets for the configuration: FP16
[2026-04-21T03:17:58.927+00:00] [INFO]    1:
[2026-04-21T03:17:58.927+00:00] [INFO]    in[0]:QNN_DATATYPE_FLOAT_16
[2026-04-21T03:17:58.928+00:00] [INFO]    in[1]:QNN_DATATYPE_UINT_32
[2026-04-21T03:17:58.928+00:00] [INFO]    out[0]:QNN_DATATYPE_FLOAT_16
[2026-04-21T03:17:58.928+00:00] [INFO]    2:
[2026-04-21T03:17:58.928+00:00] [INFO]    in[0]:QNN_DATATYPE_FLOAT_16
[2026-04-21T03:17:58.928+00:00] [INFO]    in[1]:QNN_DATATYPE_INT_32
[2026-04-21T03:17:58.928+00:00] [INFO]    out[0]:QNN_DATATYPE_FLOAT_16
[2026-04-21T03:17:58.928+00:00] [INFO]    3:
[2026-04-21T03:17:58.928+00:00] [INFO]    in[0]:QNN_DATATYPE_FLOAT_32
[2026-04-21T03:17:58.928+00:00] [INFO]    in[1]:QNN_DATATYPE_UINT_32
[2026-04-21T03:17:58.928+00:00] [INFO]    out[0]:QNN_DATATYPE_FLOAT_32
[2026-04-21T03:17:58.928+00:00] [INFO]    4:
[2026-04-21T03:17:58.928+00:00] [INFO]    in[0]:QNN_DATATYPE_FLOAT_32
[2026-04-21T03:17:58.928+00:00] [INFO]    in[1]:QNN_DATATYPE_INT_32
[2026-04-21T03:17:58.929+00:00] [INFO]    out[0]:QNN_DATATYPE_FLOAT_32
[2026-04-21T03:17:58.929+00:00] [INFO]    241.8ms 
[2026-04-21T03:17:58.929+00:00] [INFO] [ ERROR ]  <E> Supported I/O datatype sets for the configuration: INT16
[2026-04-21T03:17:58.929+00:00] [INFO]    1:
[2026-04-21T03:17:58.929+00:00] [INFO]    in[0]:QNN_DATATYPE_UFIXED_POINT_16
[2026-04-21T03:17:58.929+00:00] [INFO]    in[1]:QNN_DATATYPE_UINT_32
[2026-04-21T03:17:58.929+00:00] [INFO]    out[0]:QNN_DATATYPE_UFIXED_POINT_16
[2026-04-21T03:17:58.929+00:00] [INFO]    2:
[2026-04-21T03:17:58.929+00:00] [INFO]    in[0]:QNN_DATATYPE_UFIXED_POINT_16
[2026-04-21T03:17:58.929+00:00] [INFO]    in[1]:QNN_DATATYPE_INT_32
[2026-04-21T03:17:58.929+00:00] [INFO]    out[0]:QNN_DATATYPE_UFIXED_POINT_16
[2026-04-21T03:17:58.929+00:00] [INFO]    3:
[2026-04-21T03:17:58.930+00:00] [INFO]    in[0]:QNN_DATATYPE_SFIXED_POINT_16
[2026-04-21T03:17:58.930+00:00] [INFO]    in[1]:QNN_DATATYPE_UINT_32
[2026-04-21T03:17:58.930+00:00] [INFO]    out[0]:QNN_DATATYPE_SFIXED_POINT_16
[2026-04-21T03:17:58.930+00:00] [INFO]    4:
[2026-04-21T03:17:58.930+00:00] [INFO]    in[0]:QNN_DATATYPE_SFIXED_POINT_16
[2026-04-21T03:17:58.930+00:00] [INFO]    in[1]:QNN_DATATYPE_INT_32
[2026-04-21T03:17:58.930+00:00] [INFO]    out[0]:QNN_DATATYPE_SFIXED_POINT_16
[2026-04-21T03:17:58.930+00:00] [INFO]    241.8ms 
[2026-04-21T03:17:58.930+00:00] [INFO] [ ERROR ]  <E> Supported I/O datatype sets for the configuration: INT8
[2026-04-21T03:17:58.930+00:00] [INFO]    1:
[2026-04-21T03:17:58.930+00:00] [INFO]    in[0]:QNN_DATATYPE_UFIXED_POINT_8
[2026-04-21T03:17:58.930+00:00] [INFO]    in[1]:QNN_DATATYPE_UINT_32
[2026-04-21T03:17:58.930+00:00] [INFO]    out[0]:QNN_DATATYPE_UFIXED_POINT_8
[2026-04-21T03:17:58.931+00:00] [INFO]    2:
[2026-04-21T03:17:58.931+00:00] [INFO]    in[0]:QNN_DATATYPE_UFIXED_POINT_8
[2026-04-21T03:17:58.931+00:00] [INFO]    in[1]:QNN_DATATYPE_INT_32
[2026-04-21T03:17:58.931+00:00] [INFO]    out[0]:QNN_DATATYPE_UFIXED_POINT_8
[2026-04-21T03:17:58.931+00:00] [INFO]    3:
[2026-04-21T03:17:58.931+00:00] [INFO]    in[0]:QNN_DATATYPE_SFIXED_POINT_8
[2026-04-21T03:17:58.931+00:00] [INFO]    in[1]:QNN_DATATYPE_UINT_32
[2026-04-21T03:17:58.931+00:00] [INFO]    out[0]:QNN_DATATYPE_SFIXED_POINT_8
[2026-04-21T03:17:58.931+00:00] [INFO]    4:
[2026-04-21T03:17:58.931+00:00] [INFO]    in[0]:QNN_DATATYPE_SFIXED_POINT_8
[2026-04-21T03:17:58.931+00:00] [INFO]    in[1]:QNN_DATATYPE_INT_32
[2026-04-21T03:17:58.931+00:00] [INFO]    out[0]:QNN_DATATYPE_UFIXED_POINT_8
[2026-04-21T03:17:58.932+00:00] [INFO]    5:
[2026-04-21T03:17:58.932+00:00] [INFO]    in[0]:QNN_DATATYPE_SFIXED_POINT_8
[2026-04-21T03:17:58.932+00:00] [INFO]    in[1]:QNN_DATATYPE_INT_32
[2026-04-21T03:17:58.932+00:00] [INFO]    out[0]:QNN_DATATYPE_SFIXED_POINT_8
[2026-04-21T03:17:58.932+00:00] [INFO]    241.8ms 
[2026-04-21T03:17:58.932+00:00] [INFO] [ ERROR ]  <E> Supported I/O datatype sets for the configuration: OTHERS
[2026-04-21T03:17:58.932+00:00] [INFO]    1:
[2026-04-21T03:17:58.932+00:00] [INFO]    in[0]:QNN_DATATYPE_UINT_32
[2026-04-21T03:17:58.932+00:00] [INFO]    in[1]:QNN_DATATYPE_UINT_32
[2026-04-21T03:17:58.932+00:00] [INFO]    out[0]:QNN_DATATYPE_UINT_32
[2026-04-21T03:17:58.932+00:00] [INFO]    2:
[2026-04-21T03:17:58.932+00:00] [INFO]    in[0]:QNN_DATATYPE_UINT_32
[2026-04-21T03:17:58.932+00:00] [INFO]    in[1]:QNN_DATATYPE_INT_32
[2026-04-21T03:17:58.933+00:00] [INFO]    out[0]:QNN_DATATYPE_UINT_32
[2026-04-21T03:17:58.933+00:00] [INFO]    3:
[2026-04-21T03:17:58.933+00:00] [INFO]    in[0]:QNN_DATATYPE_INT_32
[2026-04-21T03:17:58.933+00:00] [INFO]    in[1]:QNN_DATATYPE_UINT_32
[2026-04-21T03:17:58.933+00:00] [INFO]    out[0]:QNN_DATATYPE_INT_32
[2026-04-21T03:17:58.933+00:00] [INFO]    4:
[2026-04-21T03:17:58.933+00:00] [INFO]    in[0]:QNN_DATATYPE_INT_32
[2026-04-21T03:17:58.933+00:00] [INFO]    in[1]:QNN_DATATYPE_INT_32
[2026-04-21T03:17:58.933+00:00] [INFO]    out[0]:QNN_DATATYPE_INT_32
[2026-04-21T03:17:58.933+00:00] [INFO]    241.8ms 
[2026-04-21T03:17:58.933+00:00] [INFO] [ ERROR ]  <E> Please refer to the 'HTP Backend Op Definition Supplement' section of QNN SDK for more details
[2026-04-21T03:17:58.934+00:00] [INFO]    241.8ms 
[2026-04-21T03:17:58.934+00:00] [INFO] [ ERROR ]  <E> QnnBackend_validateOpConfig failed 3110
[2026-04-21T03:17:58.934+00:00] [INFO]    241.8ms 
[2026-04-21T03:17:58.934+00:00] [INFO] [ ERROR ]  <E> Failed to validate op /model/Gather_5 with error 0xc26
[2026-04-21T03:17:58.934+00:00] [INFO]    217.3ms 
[2026-04-21T03:17:58.934+00:00] [INFO] [ ERROR ] Exception encountered: Validate OpConfig failed: QNN_OP_PACKAGE_ERROR_VALIDATION_FAILURE: Op configuration failed validation
[2026-04-21T03:17:58.934+00:00] [INFO]    217.3ms 
[2026-04-21T03:17:58.934+00:00] [INFO] [ ERROR ] Failed to successfully compose graph
[2026-04-21T03:17:58.934+00:00] [INFO]    217.3ms 
[2026-04-21T03:17:58.934+00:00] [INFO] [ ERROR ] Graph composer failed, no graphs were created
[2026-04-21T03:17:58.934+00:00] [INFO]    241.9ms 
[2026-04-21T03:17:58.934+00:00] [INFO] [ ERROR ] Failed in QnnSystemDlc_composeGraphs() with error code 1002
[2026-04-21T03:17:58.935+00:00] [INFO]    241.9ms 
[2026-04-21T03:17:58.935+00:00] [INFO] [ ERROR ] Received nullptr for graphsInput.
[2026-04-21T03:17:58.935+00:00] [INFO]    241.9ms 
[2026-04-21T03:17:58.935+00:00] [INFO] [ ERROR ] Failed to copy graph infos while composing graphs from dlc.
[2026-04-21T03:17:58.935+00:00] [INFO]    241.9ms 
[2026-04-21T03:17:58.935+00:00] [INFO] [ ERROR ] ComposeGraphs Failed with error = 1
[2026-04-21T03:17:58.935+00:00] [INFO] Graph Compose failure
[2026-04-21T03:17:59.083+00:00] [WARNING] Conversion to context binary failed with exit code 14
[2026-04-21T03:17:59.083+00:00] [INFO] Attempting to enqueue job jgn94evk5
