qnn-context-binary-generator pid:2824
 <W> Initializing HtpProvider
    18.9ms [ ERROR ] WindowsFileIO couldn't open libcdsprpc.dll
Starting stage: Graph Preparation Initializing
Completed stage: Graph Preparation Initializing (129 us)
Starting stage: Graph Optimizations
Completed stage: Graph Optimizations (5778505 us)
Starting stage: Post Graph Optimization
Completed stage: Post Graph Optimization (70601 us)
Starting stage: Graph Sequencing for Target
Completed stage: Graph Sequencing for Target (652814 us)
Starting stage: VTCM Allocation
Completed stage: VTCM Allocation (69359 us)
Starting stage: Parallelization Optimization
Completed stage: Parallelization Optimization (29041 us)
Starting stage: Finalizing Graph Sequence

====== DDR bandwidth summary ======
spill_bytes=0
fill_bytes=0
write_total_bytes=29665280
read_total_bytes=635039744

Completed stage: Finalizing Graph Sequence (56027 us)
Starting stage: Completion
Completed stage: Completion (2663 us)
