[2026-04-21T22:32:07.590+00:00] [INFO] Compiling model ID mnzpw78pq
[2026-04-21T22:32:07.591+00:00] [INFO] [compile-pre-compile] Memory: 3.5GiB / 40.0GiB (9%) | working_set: 651.1MiB | peak: 6.9GiB
[2026-04-21T22:32:15.497+00:00] [INFO] -=- Converting ONNX graph: decompose GeLU layers -=-
[2026-04-21T22:32:15.795+00:00] [INFO] Applying ONNX IR shape inference
[2026-04-21T22:32:17.468+00:00] [INFO] Applying ONNX IR rewriter with rules
[2026-04-21T22:32:20.886+00:00] [INFO] Ran 26 passes, 2 triggered
[2026-04-21T22:32:20.886+00:00] [INFO] Passes triggered:
[2026-04-21T22:32:20.907+00:00] [INFO] +-----------------------------+----------+
[2026-04-21T22:32:20.907+00:00] [INFO] | Pass Name                   | Triggers |
[2026-04-21T22:32:20.907+00:00] [INFO] +-----------------------------+----------+
[2026-04-21T22:32:20.907+00:00] [INFO] | RemoveUnusedOpsetsPass      |        1 |
[2026-04-21T22:32:20.907+00:00] [INFO] | DeduplicateInitializersPass |        1 |
[2026-04-21T22:32:20.908+00:00] [INFO] +-----------------------------+----------+
[2026-04-21T22:32:20.910+00:00] [INFO] Model metrics comparison:
[2026-04-21T22:32:20.911+00:00] [INFO] +------------+--------+--------+---------+
[2026-04-21T22:32:20.911+00:00] [INFO] | Metric     | Before |  After |   Delta |
[2026-04-21T22:32:20.911+00:00] [INFO] +------------+--------+--------+---------+
[2026-04-21T22:32:20.911+00:00] [INFO] | Op count   |   2061 |   2061 |      +0 |
[2026-04-21T22:32:20.911+00:00] [INFO] | Model size | 2.8GiB | 2.8GiB | [32m-5.8KiB[0m |
[2026-04-21T22:32:20.911+00:00] [INFO] | Add        |    253 |    253 |      +0 |
[2026-04-21T22:32:20.911+00:00] [INFO] | Cast       |      1 |      1 |      +0 |
[2026-04-21T22:32:20.911+00:00] [INFO] | Concat     |    113 |    113 |      +0 |
[2026-04-21T22:32:20.911+00:00] [INFO] | Cos        |      1 |      1 |      +0 |
[2026-04-21T22:32:20.911+00:00] [INFO] | Div        |    113 |    113 |      +0 |
[2026-04-21T22:32:20.911+00:00] [INFO] | Expand     |     56 |     56 |      +0 |
[2026-04-21T22:32:20.911+00:00] [INFO] | Gather     |      1 |      1 |      +0 |
[2026-04-21T22:32:20.911+00:00] [INFO] | MatMul     |    254 |    254 |      +0 |
[2026-04-21T22:32:20.911+00:00] [INFO] | Mul        |    337 |    337 |      +0 |
[2026-04-21T22:32:20.911+00:00] [INFO] | Neg        |     56 |     56 |      +0 |
[2026-04-21T22:32:20.911+00:00] [INFO] | Pow        |    113 |    113 |      +0 |
[2026-04-21T22:32:20.911+00:00] [INFO] | ReduceMean |    113 |    113 |      +0 |
[2026-04-21T22:32:20.911+00:00] [INFO] | Reshape    |    168 |    168 |      +0 |
[2026-04-21T22:32:20.911+00:00] [INFO] | Sigmoid    |     28 |     28 |      +0 |
[2026-04-21T22:32:20.912+00:00] [INFO] | Sin        |      1 |      1 |      +0 |
[2026-04-21T22:32:20.912+00:00] [INFO] | Slice      |    112 |    112 |      +0 |
[2026-04-21T22:32:20.912+00:00] [INFO] | Softmax    |     28 |     28 |      +0 |
[2026-04-21T22:32:20.912+00:00] [INFO] | Sqrt       |    113 |    113 |      +0 |
[2026-04-21T22:32:20.912+00:00] [INFO] | Transpose  |    141 |    141 |      +0 |
[2026-04-21T22:32:20.912+00:00] [INFO] | Unsqueeze  |     59 |     59 |      +0 |
[2026-04-21T22:32:20.912+00:00] [INFO] +------------+--------+--------+---------+
[2026-04-21T22:33:04.752+00:00] [INFO] Memory: 13.0GiB / 40.0GiB (33%) | working_set: 10.9GiB | peak: 16.2GiB
[2026-04-21T22:33:28.532+00:00] [INFO] Saving model
[2026-04-21T22:33:28.894+00:00] [INFO] Uploading asset to https://tetrahub-qprod-userdata.s3.amazonaws.com/models/mqk241x1q_ZGd9RNqvLcooOLZW.onnx.zip?uploadId=.L1U1OKr3MJotLqDGc_ufX8JgwfWzc9_h8EMp9ME0iHsEugaGDZsvLo1y2Yio8a_DdpQTMR98NVAMsKi30drOqM7_Pt9V7dmrmltmiTLSK0XNtKOts4k4BjIff_02qiE&partNumber=1&AWSAccessKeyId=AKIAY25OF7UJU4ZXEREI&Signature=vdaSBXYtKDy
[2026-04-21T22:33:38.248+00:00] [INFO] Successfully uploaded asset with response status: 200
[2026-04-21T22:33:38.249+00:00] [INFO] Uploading asset to https://tetrahub-qprod-userdata.s3.amazonaws.com/models/mqk241x1q_ZGd9RNqvLcooOLZW.onnx.zip?uploadId=.L1U1OKr3MJotLqDGc_ufX8JgwfWzc9_h8EMp9ME0iHsEugaGDZsvLo1y2Yio8a_DdpQTMR98NVAMsKi30drOqM7_Pt9V7dmrmltmiTLSK0XNtKOts4k4BjIff_02qiE&partNumber=2&AWSAccessKeyId=AKIAY25OF7UJU4ZXEREI&Signature=faDPsKbIbZH
[2026-04-21T22:33:42.564+00:00] [INFO] Successfully uploaded asset with response status: 200
[2026-04-21T22:33:45.553+00:00] [INFO] Uploading asset to https://tetrahub-qprod-userdata.s3-accelerate.amazonaws.com/
[2026-04-21T22:33:45.698+00:00] [INFO] Successfully uploaded asset with response status: 204
[2026-04-21T22:33:45.699+00:00] [INFO] Successfully computed visualization graph for mqk241x1q
[2026-04-21T22:33:45.903+00:00] [INFO] =================================== Run compile_to_qnn_dlc =================================== 
[2026-04-21T22:33:45.906+00:00] [INFO] Applying HTP-specific optimizations
[2026-04-21T22:33:52.435+00:00] [INFO] -=- ONNX to QNN DLC (qairt-converter) -=-
[2026-04-21T22:33:52.436+00:00] [INFO] Running /tetra/qairt_env/default/2.42.0/bin/python3 /qairt_sdk/default/2.42.0/bin/x86_64-linux-clang/qairt-converter --input_network /tmp/tmpc9qju0qa/tmpkuc78omy.onnx --output_path /tmp/tmpc9qju0qa/graph_6grfdb1v.dlc --preserve_io_datatype past_key_values.0.key past_key_values.0.value past_key_values.1.key past_key_values.1.value past_key_values.2.key past_key_values.2.value past_key_values.3.key past_key_values.3.value past_key_values.4.key past_key_values.4.value past_key_values.5.key past_key_values.5.value past_key_values.6.key past_key_values.6.value past_key_values.7.key past_key_values.7.value past_key_values.8.key past_key_values.8.value past_key_values.9.key past_key_values.9.value past_key_values.10.key past_key_values.10.value past_key_values.11.key past_key_values.11.value past_key_values.12.key past_key_values.12.value past_key_values.13.key past_key_values.13.value past_key_values.14.key past_key_values.14.value past_key_values.15.key past_key_values.15.value past_key_values.16.key past_key_values.16.value past_key_values.17.key past_key_values.17.value past_key_values.18.key past_key_values.18.value past_key_values.19.key past_key_values.19.value past_key_values.20.key past_key_values.20.value past_key_values.21.key past_key_values.21.value past_key_values.22.key past_key_values.22.value past_key_values.23.key past_key_values.23.value past_key_values.24.key past_key_values.24.value past_key_values.25.key past_key_values.25.value past_key_values.26.key past_key_values.26.value past_key_values.27.key past_key_values.27.value attention_bias output_0 output_1 output_2 output_3 output_4 output_5 output_6 output_7 output_8 output_9 output_10 output_11 output_12 output_13 output_14 output_15 output_16 output_17 output_18 output_19 output_20 output_21 output_22 output_23 output_24 output_25 output_26 output_27 output_28 output_29 output_30 output_31 output_32 output_33 output_34 output_35 output_36 output_37 output_38 output_39 output_40 output_41 output_42 output_43 output_44 output_45 output_46 output_47 output_48 output_49 output_50 output_51 output_52 output_53 output_54 output_55 output_56 --preserve_io_datatype past_key_values.0.key past_key_values.0.value past_key_values.1.key past_key_values.1.value past_key_values.2.key past_key_values.2.value past_key_values.3.key past_key_values.3.value past_key_values.4.key past_key_values.4.value past_key_values.5.key past_key_values.5.value past_key_values.6.key past_key_values.6.value past_key_values.7.key past_key_values.7.value past_key_values.8.key past_key_values.8.value past_key_values.9.key past_key_values.9.value past_key_values.10.key past_key_values.10.value past_key_values.11.key past_key_values.11.value past_key_values.12.key past_key_values.12.value past_key_values.13.key past_key_values.13.value past_key_values.14.key past_key_values.14.value past_key_values.15.key past_key_values.15.value past_key_values.16.key past_key_values.16.value past_key_values.17.key past_key_values.17.value past_key_values.18.key past_key_values.18.value past_key_values.19.key past_key_values.19.value past_key_values.20.key past_key_values.20.value past_key_values.21.key past_key_values.21.value past_key_values.22.key past_key_values.22.value past_key_values.23.key past_key_values.23.value past_key_values.24.key past_key_values.24.value past_key_values.25.key past_key_values.25.value past_key_values.26.key past_key_values.26.value past_key_values.27.key past_key_values.27.value attention_bias output_0 output_1 output_2 output_3 output_4 output_5 output_6 output_7 output_8 output_9 output_10 output_11 output_12 output_13 output_14 output_15 output_16 output_17 output_18 output_19 output_20 output_21 output_22 output_23 output_24 output_25 output_26 output_27 output_28 output_29 output_30 output_31 output_32 output_33 output_34 output_35 output_36 output_37 output_38 output_39 output_40 output_41 output_42 output_43 output_44 output_45 output_46 output_47 output_48 output_49 output_50 output_51 output_52 output_53 output_54 output_55 output_56 --float_bitwidth 16 --preserve_onnx_output_order
[2026-04-21T22:33:53.053+00:00] [INFO] 2026-04-21 22:33:53,053 - 278 - INFO - INFO_INITIALIZATION_SUCCESS: 
[2026-04-21T22:33:53.220+00:00] [INFO] 2026-04-21 22:33:53,220 - 283 - WARNING - Unable to register converter supported Operation [Inverse:Version 1] with your Onnx installation. Converter will bail if Model contains this Op.
[2026-04-21T22:33:53.366+00:00] [INFO] 2026-04-21 22:33:53,366 - 283 - WARNING - --desired_input_shape and -d are deprecated. Use --source_model_input_shape or -s for achieving this functionality
[2026-04-21T22:33:53.367+00:00] [INFO] 2026-04-21 22:33:53,366 - 278 - INFO - Input shape info 
[2026-04-21T22:33:59.062+00:00] [INFO] 2026-04-21 22:33:59,062 - 283 - WARNING - Symbolic shape inference Failed. Exception: Onnxruntime package not found in current environment. Symbolic Shape Inference will be skipped.. Running normal shape inference.
[2026-04-21T22:33:59.535+00:00] [INFO] 2026-04-21 22:33:59,535 - 283 - WARNING - Onnx model simplification failed due to: No module named 'onnxsim'
[2026-04-21T22:33:59.535+00:00] [INFO] 2026-04-21 22:33:59,535 - 283 - WARNING - Simplified model validation failed
[2026-04-21T22:33:59.759+00:00] [INFO] 2026-04-21 22:33:59,758 - 283 - WARNING - Onnx model simplification failed due to: No module named 'onnxsim'
[2026-04-21T22:33:59.759+00:00] [INFO] 2026-04-21 22:33:59,759 - 283 - WARNING - Simplified model validation failed
[2026-04-21T22:34:00.079+00:00] [INFO] 2026-04-21 22:34:00,079 - 283 - WARNING - Only numerical type cast is supported. The cast op: /model/rotary_emb/Cast_1 will be interpreted at conversion time
[2026-04-21T22:34:01.836+00:00] [INFO] 2026-04-21 22:34:01,836 - 283 - WARNING - Unused Input nodes found: []
[2026-04-21T22:34:04.813+00:00] [INFO] Memory: 23.5GiB / 40.0GiB (59%) | working_set: 20.6GiB | peak: 23.5GiB
[2026-04-21T22:34:15.987+00:00] [INFO] 2026-04-21 22:34:15,987 - 283 - WARNING - Unused Input nodes found: []
[2026-04-21T22:34:15.991+00:00] [INFO] 2026-04-21 22:34:15,990 - 278 - INFO - INFO_INITIALIZATION_SUCCESS: 
[2026-04-21T22:34:20.716+00:00] [INFO] 2026-04-21 22:34:20,716 - 278 - INFO - INFO_CONVERSION_SUCCESS: Conversion completed successfully
[2026-04-21T22:34:38.393+00:00] [INFO] 2026-04-21 22:34:38,393 - 278 - INFO - INFO_WRITE_SUCCESS: 
[2026-04-21T22:34:39.374+00:00] [INFO] -=- Generating .json file from .dlc model (qairt-dlc-to-json) -=-
[2026-04-21T22:34:39.374+00:00] [INFO] Running /qairt_sdk/default/2.42.0/bin/x86_64-linux-clang/qairt-dlc-to-json -i /tmp/tmp628j64e9.dlc -o /tmp/tmp4rhosziv.json
[2026-04-21T22:34:39.559+00:00] [INFO] Model Json saved at: /tmp/tmp4rhosziv.json
[2026-04-21T22:34:39.702+00:00] [INFO] -=- Generating .json file from .dlc model (qairt-dlc-to-json) -=-
[2026-04-21T22:34:39.702+00:00] [INFO] Running /qairt_sdk/default/2.42.0/bin/x86_64-linux-clang/qairt-dlc-to-json -i /tmp/tmp628j64e9.dlc -o /tmp/tmp2d5m5x1p.json
[2026-04-21T22:34:39.877+00:00] [INFO] Model Json saved at: /tmp/tmp2d5m5x1p.json
[2026-04-21T22:34:39.916+00:00] [INFO] Saving model
[2026-04-21T22:34:40.309+00:00] [INFO] Uploading asset to https://tetrahub-qprod-userdata.s3.amazonaws.com/models/mmx910zym_LfxKWd3ZXWw7jZLl.dlc?uploadId=EDpgxsD25b1yGnFSqO8JIGqVMRgDo.fqZvKtZRplNIj90dBTurWuym51rSDKZXvjih9uw1Jk.CnDBVudNZeAIEU.siJ_AHfnMy4CJOZPMIDiBKQvruJ89yl1LrfWSSbL&partNumber=1&AWSAccessKeyId=AKIAY25OF7UJU4ZXEREI&Signature=7EuxkblIyfrHynmS
[2026-04-21T22:34:51.534+00:00] [INFO] Successfully uploaded asset with response status: 200
[2026-04-21T22:34:51.534+00:00] [INFO] Uploading asset to https://tetrahub-qprod-userdata.s3.amazonaws.com/models/mmx910zym_LfxKWd3ZXWw7jZLl.dlc?uploadId=EDpgxsD25b1yGnFSqO8JIGqVMRgDo.fqZvKtZRplNIj90dBTurWuym51rSDKZXvjih9uw1Jk.CnDBVudNZeAIEU.siJ_AHfnMy4CJOZPMIDiBKQvruJ89yl1LrfWSSbL&partNumber=2&AWSAccessKeyId=AKIAY25OF7UJU4ZXEREI&Signature=LgDcF11Tf44yX3dG
[2026-04-21T22:34:55.350+00:00] [INFO] Successfully uploaded asset with response status: 200
[2026-04-21T22:34:55.651+00:00] [INFO] -=- Generating .json file from .dlc model (qairt-dlc-to-json) -=-
[2026-04-21T22:34:55.651+00:00] [INFO] Running /qairt_sdk/default/2.42.0/bin/x86_64-linux-clang/qairt-dlc-to-json -i /tmp/tmp628j64e9.dlc -o /tmp/tmpaahprk4z.json
[2026-04-21T22:34:55.830+00:00] [INFO] Model Json saved at: /tmp/tmpaahprk4z.json
[2026-04-21T22:34:56.496+00:00] [INFO] Uploading asset to https://tetrahub-qprod-userdata.s3-accelerate.amazonaws.com/
[2026-04-21T22:34:56.651+00:00] [INFO] Successfully uploaded asset with response status: 204
[2026-04-21T22:34:56.653+00:00] [INFO] Successfully computed visualization graph for mmx910zym
[2026-04-21T22:34:56.653+00:00] [INFO] Graph name: graph_6grfdb1v
[2026-04-21T22:34:56.654+00:00] [INFO] -=- QNN DLC models to QNN Context Binary (qnn-context-binary-generator) -=-
[2026-04-21T22:34:56.655+00:00] [INFO] Contents of HTP Settings: {'context': {'weight_sharing_enabled': False}, 'devices': [{'device_id': 0, 'dsp_arch': 'v81', 'soc_model': 88}], 'graphs': [{'fp16_relaxed_precision': 1, 'vtcm_mb': 0, 'O': 3.0, 'graph_names': ['graph_6grfdb1v']}]}
[2026-04-21T22:34:56.655+00:00] [INFO] Contents of HTP Config file used: {'context_configs': {'enable_graphs': ['graph_6grfdb1v']}, 'graph_configs': [{'graph_name': 'graph_6grfdb1v'}], 'backend_extensions': {'shared_library_path': 'libQnnHtpNetRunExtensions.so', 'config_file_path': '/tmp/tmpinf6fzf0/htp_setting.json'}}
[2026-04-21T22:34:56.655+00:00] [INFO] Running /qairt_sdk/default/2.42.0/bin/x86_64-linux-clang/qnn-context-binary-generator --backend /qairt_sdk/default/2.42.0/lib/x86_64-linux-clang/libQnnHtp.so --dlc_path /tmp/tmp628j64e9.dlc --output_dir /tmp/tmpinf6fzf0 --binary_file qnn_model --config_file /tmp/tmpinf6fzf0/htp_context.json --profiling_level detailed --profiling_option optrace
[2026-04-21T22:34:56.657+00:00] [INFO] qnn-context-binary-generator pid:67
[2026-04-21T22:35:04.873+00:00] [INFO] Memory: 12.0GiB / 40.0GiB (30%) | working_set: 10.5GiB | peak: 26.4GiB
[2026-04-21T22:35:41.886+00:00] [INFO]  <W> Initializing HtpProvider
[2026-04-21T22:36:04.932+00:00] [INFO] Memory: 16.2GiB / 40.0GiB (40%) | working_set: 14.6GiB | peak: 26.4GiB
[2026-04-21T22:36:48.226+00:00] [INFO] ====== DDR bandwidth summary ======
[2026-04-21T22:36:48.226+00:00] [INFO] spill_bytes=57233408
[2026-04-21T22:36:48.226+00:00] [INFO] fill_bytes=57233408
[2026-04-21T22:36:48.226+00:00] [INFO] write_total_bytes=175283200
[2026-04-21T22:36:48.226+00:00] [INFO] read_total_bytes=1366468608
[2026-04-21T22:36:52.882+00:00] [INFO] -=- Getting JSON file for context binary model (qnn-context-binary-utility) -=-
[2026-04-21T22:36:52.882+00:00] [INFO] Running /qairt_sdk/default/2.42.0/bin/x86_64-linux-clang/qnn-context-binary-utility --context_binary /tmp/tmpa_yt0y8p/model.bin --json_file /tmp/tmp_lm4_rhi.json
[2026-04-21T22:36:53.711+00:00] [INFO] Saving model
[2026-04-21T22:36:54.101+00:00] [INFO] Uploading asset to https://tetrahub-qprod-userdata.s3.amazonaws.com/models/mm6g8542q_kDXdmCVN1MgBFHIV.bin?uploadId=J5hsI3yORlS_ED4GJggJJEkpDi4iBvjdAlRZchAgLe1jDfBnoebKfy8NJZg2CTzgq3ejemdjiOKQfpNN95VbN3hwZmopeKwaXpWD_uDddRdDtyk81VGpI6w.bTwJ.dvw&partNumber=1&AWSAccessKeyId=AKIAY25OF7UJU4ZXEREI&Signature=6qzCRAQHLPHP7fYw
[2026-04-21T22:37:03.441+00:00] [INFO] Successfully uploaded asset with response status: 200
[2026-04-21T22:37:03.442+00:00] [INFO] Uploading asset to https://tetrahub-qprod-userdata.s3.amazonaws.com/models/mm6g8542q_kDXdmCVN1MgBFHIV.bin?uploadId=J5hsI3yORlS_ED4GJggJJEkpDi4iBvjdAlRZchAgLe1jDfBnoebKfy8NJZg2CTzgq3ejemdjiOKQfpNN95VbN3hwZmopeKwaXpWD_uDddRdDtyk81VGpI6w.bTwJ.dvw&partNumber=2&AWSAccessKeyId=AKIAY25OF7UJU4ZXEREI&Signature=ZKUowGOi%2B0Vr3W
[2026-04-21T22:37:04.993+00:00] [INFO] Memory: 10.8GiB / 40.0GiB (27%) | working_set: 10.3GiB | peak: 26.4GiB
[2026-04-21T22:37:07.284+00:00] [INFO] Successfully uploaded asset with response status: 200
[2026-04-21T22:37:07.660+00:00] [INFO] Uploading qnn schematic: default
[2026-04-21T22:37:10.994+00:00] [INFO] Uploading asset to https://tetrahub-qprod-userdata.s3-accelerate.amazonaws.com/
[2026-04-21T22:37:11.152+00:00] [INFO] Successfully uploaded asset with response status: 204
[2026-04-21T22:37:11.152+00:00] [INFO] Successfully computed visualization graph for mm6g8542q
[2026-04-21T22:37:11.299+00:00] [INFO] -=- Compilation completed -=-
[2026-04-21T22:37:11.300+00:00] [INFO] [compile-post-compile] Memory: 9.2GiB / 40.0GiB (23%) | working_set: 9.1GiB | peak: 26.4GiB
