2026-04-23 01:13:05,058 - 278 - INFO - INFO_INITIALIZATION_SUCCESS: 
2026-04-23 01:13:05,657 - 283 - WARNING - Unable to register converter supported Operation [Inverse:Version 1] with your Onnx installation. Converter will bail if Model contains this Op.
2026-04-23 01:13:06,877 - 283 - WARNING - --desired_input_shape and -d are deprecated. Use --source_model_input_shape or -s for achieving this functionality
2026-04-23 01:13:06,877 - 278 - INFO - Input shape info 
2026-04-23 01:13:25,873 - 283 - WARNING - Only numerical type cast is supported. The cast op: /model/layers.0/input_layernorm/Cast will be interpreted at conversion time
2026-04-23 01:13:25,873 - 283 - WARNING - Only numerical type cast is supported. The cast op: /model/layers.0/input_layernorm/Cast_1 will be interpreted at conversion time
2026-04-23 01:13:25,889 - 283 - WARNING - Only numerical type cast is supported. The cast op: /model/layers.0/self_attn/q_norm/Cast will be interpreted at conversion time
2026-04-23 01:13:25,897 - 283 - WARNING - Only numerical type cast is supported. The cast op: /model/layers.0/self_attn/q_norm/Cast_1 will be interpreted at conversion time
2026-04-23 01:13:25,899 - 283 - WARNING - Only numerical type cast is supported. The cast op: /model/layers.0/self_attn/k_norm/Cast will be interpreted at conversion time
2026-04-23 01:13:25,905 - 283 - WARNING - Only numerical type cast is supported. The cast op: /model/layers.0/self_attn/k_norm/Cast_1 will be interpreted at conversion time
2026-04-23 01:13:25,905 - 283 - WARNING - Only numerical type cast is supported. The cast op: /model/layers.0/self_attn/Cast will be interpreted at conversion time
2026-04-23 01:13:25,905 - 283 - WARNING - Only numerical type cast is supported. The cast op: /model/layers.0/self_attn/Cast_1 will be interpreted at conversion time
2026-04-23 01:13:25,926 - 283 - WARNING - Only numerical type cast is supported. The cast op: /model/layers.0/self_attn/Cast_2 will be interpreted at conversion time
2026-04-23 01:13:25,927 - 283 - WARNING - Only numerical type cast is supported. The cast op: /model/layers.0/self_attn/Cast_3 will be interpreted at conversion time
2026-04-23 01:13:25,936 - 278 - INFO - INFO_STATIC_RESHAPE: Applying static reshape to /model/layers.0/self_attn/Concat_7_output_0: new name /model/layers.0/self_attn/Reshape_3_output_0 new shape [-1]
2026-04-23 01:13:25,946 - 278 - INFO - INFO_STATIC_RESHAPE: Applying static reshape to /model/layers.0/self_attn/Concat_9_output_0: new name /model/layers.0/self_attn/Reshape_5_output_0 new shape [-1]
2026-04-23 01:13:25,960 - 283 - WARNING - Only numerical type cast is supported. The cast op: /model/layers.0/post_attention_layernorm/Cast will be interpreted at conversion time
2026-04-23 01:13:25,965 - 283 - WARNING - Only numerical type cast is supported. The cast op: /model/layers.0/post_attention_layernorm/Cast_1 will be interpreted at conversion time
2026-04-23 01:13:25,971 - 283 - WARNING - Only numerical type cast is supported. The cast op: /model/layers.1/input_layernorm/Cast will be interpreted at conversion time
2026-04-23 01:13:25,976 - 283 - WARNING - Only numerical type cast is supported. The cast op: /model/layers.1/input_layernorm/Cast_1 will be interpreted at conversion time
2026-04-23 01:13:25,981 - 283 - WARNING - Only numerical type cast is supported. The cast op: /model/layers.1/self_attn/q_norm/Cast will be interpreted at conversion time
2026-04-23 01:13:25,985 - 283 - WARNING - Only numerical type cast is supported. The cast op: /model/layers.1/self_attn/q_norm/Cast_1 will be interpreted at conversion time
2026-04-23 01:13:25,990 - 283 - WARNING - Only numerical type cast is supported. The cast op: /model/layers.1/self_attn/k_norm/Cast will be interpreted at conversion time
2026-04-23 01:13:25,995 - 283 - WARNING - Only numerical type cast is supported. The cast op: /model/layers.1/self_attn/k_norm/Cast_1 will be interpreted at conversion time
2026-04-23 01:13:26,002 - 283 - WARNING - Only numerical type cast is supported. The cast op: /model/layers.1/self_attn/Cast will be interpreted at conversion time
2026-04-23 01:13:26,002 - 283 - WARNING - Only numerical type cast is supported. The cast op: /model/layers.1/self_attn/Cast_1 will be interpreted at conversion time
2026-04-23 01:13:26,007 - 283 - WARNING - Only numerical type cast is supported. The cast op: /model/layers.1/self_attn/Cast_2 will be interpreted at conversion time
2026-04-23 01:13:26,007 - 283 - WARNING - Only numerical type cast is supported. The cast op: /model/layers.1/self_attn/Cast_3 will be interpreted at conversion time
2026-04-23 01:13:26,014 - 278 - INFO - INFO_STATIC_RESHAPE: Applying static reshape to /model/layers.1/self_attn/Concat_7_output_0: new name /model/layers.1/self_attn/Reshape_3_output_0 new shape [-1]
2026-04-23 01:13:26,014 - 278 - INFO - INFO_STATIC_RESHAPE: Applying static reshape to /model/layers.1/self_attn/Concat_9_output_0: new name /model/layers.1/self_attn/Reshape_5_output_0 new shape [-1]
2026-04-23 01:13:26,030 - 283 - WARNING - Only numerical type cast is supported. The cast op: /model/layers.1/post_attention_layernorm/Cast will be interpreted at conversion time
2026-04-23 01:13:26,030 - 283 - WARNING - Only numerical type cast is supported. The cast op: /model/layers.1/post_attention_layernorm/Cast_1 will be interpreted at conversion time
2026-04-23 01:13:26,051 - 283 - WARNING - Only numerical type cast is supported. The cast op: /model/layers.2/input_layernorm/Cast will be interpreted at conversion time
2026-04-23 01:13:26,056 - 283 - WARNING - Only numerical type cast is supported. The cast op: /model/layers.2/input_layernorm/Cast_1 will be interpreted at conversion time
2026-04-23 01:13:26,060 - 283 - WARNING - Only numerical type cast is supported. The cast op: /model/layers.2/self_attn/q_norm/Cast will be interpreted at conversion time
2026-04-23 01:13:26,065 - 283 - WARNING - Only numerical type cast is supported. The cast op: /model/layers.2/self_attn/q_norm/Cast_1 will be interpreted at conversion time
2026-04-23 01:13:26,077 - 283 - WARNING - Only numerical type cast is supported. The cast op: /model/layers.2/self_attn/k_norm/Cast will be interpreted at conversion time
2026-04-23 01:13:26,077 - 283 - WARNING - Only numerical type cast is supported. The cast op: /model/layers.2/self_attn/k_norm/Cast_1 will be interpreted at conversion time
2026-04-23 01:13:26,093 - 283 - WARNING - Only numerical type cast is supported. The cast op: /model/layers.2/self_attn/Cast will be interpreted at conversion time
2026-04-23 01:13:26,093 - 283 - WARNING - Only numerical type cast is supported. The cast op: /model/layers.2/self_attn/Cast_1 will be interpreted at conversion time
2026-04-23 01:13:26,102 - 283 - WARNING - Only numerical type cast is supported. The cast op: /model/layers.2/self_attn/Cast_2 will be interpreted at conversion time
2026-04-23 01:13:26,102 - 283 - WARNING - Only numerical type cast is supported. The cast op: /model/layers.2/self_attn/Cast_3 will be interpreted at conversion time
2026-04-23 01:13:26,113 - 278 - INFO - INFO_STATIC_RESHAPE: Applying static reshape to /model/layers.2/self_attn/Concat_7_output_0: new name /model/layers.2/self_attn/Reshape_3_output_0 new shape [-1]
2026-04-23 01:13:26,118 - 278 - INFO - INFO_STATIC_RESHAPE: Applying static reshape to /model/layers.2/self_attn/Concat_9_output_0: new name /model/layers.2/self_attn/Reshape_5_output_0 new shape [-1]
2026-04-23 01:13:26,127 - 283 - WARNING - Only numerical type cast is supported. The cast op: /model/layers.2/post_attention_layernorm/Cast will be interpreted at conversion time
2026-04-23 01:13:26,127 - 283 - WARNING - Only numerical type cast is supported. The cast op: /model/layers.2/post_attention_layernorm/Cast_1 will be interpreted at conversion time
2026-04-23 01:13:26,141 - 283 - WARNING - Only numerical type cast is supported. The cast op: /model/layers.3/input_layernorm/Cast will be interpreted at conversion time
2026-04-23 01:13:26,141 - 283 - WARNING - Only numerical type cast is supported. The cast op: /model/layers.3/input_layernorm/Cast_1 will be interpreted at conversion time
2026-04-23 01:13:26,141 - 283 - WARNING - Only numerical type cast is supported. The cast op: /model/layers.3/self_attn/q_norm/Cast will be interpreted at conversion time
2026-04-23 01:13:26,160 - 283 - WARNING - Only numerical type cast is supported. The cast op: /model/layers.3/self_attn/q_norm/Cast_1 will be interpreted at conversion time
2026-04-23 01:13:26,165 - 283 - WARNING - Only numerical type cast is supported. The cast op: /model/layers.3/self_attn/k_norm/Cast will be interpreted at conversion time
2026-04-23 01:13:26,169 - 283 - WARNING - Only numerical type cast is supported. The cast op: /model/layers.3/self_attn/k_norm/Cast_1 will be interpreted at conversion time
2026-04-23 01:13:26,177 - 283 - WARNING - Only numerical type cast is supported. The cast op: /model/layers.3/self_attn/Cast will be interpreted at conversion time
2026-04-23 01:13:26,177 - 283 - WARNING - Only numerical type cast is supported. The cast op: /model/layers.3/self_attn/Cast_1 will be interpreted at conversion time
2026-04-23 01:13:26,182 - 283 - WARNING - Only numerical type cast is supported. The cast op: /model/layers.3/self_attn/Cast_2 will be interpreted at conversion time
2026-04-23 01:13:26,184 - 283 - WARNING - Only numerical type cast is supported. The cast op: /model/layers.3/self_attn/Cast_3 will be interpreted at conversion time
2026-04-23 01:13:26,188 - 278 - INFO - INFO_STATIC_RESHAPE: Applying static reshape to /model/layers.3/self_attn/Concat_7_output_0: new name /model/layers.3/self_attn/Reshape_3_output_0 new shape [-1]
2026-04-23 01:13:26,188 - 278 - INFO - INFO_STATIC_RESHAPE: Applying static reshape to /model/layers.3/self_attn/Concat_9_output_0: new name /model/layers.3/self_attn/Reshape_5_output_0 new shape [-1]
2026-04-23 01:13:26,203 - 283 - WARNING - Only numerical type cast is supported. The cast op: /model/layers.3/post_attention_layernorm/Cast will be interpreted at conversion time
2026-04-23 01:13:26,219 - 283 - WARNING - Only numerical type cast is supported. The cast op: /model/layers.3/post_attention_layernorm/Cast_1 will be interpreted at conversion time
2026-04-23 01:13:26,227 - 283 - WARNING - Only numerical type cast is supported. The cast op: /model/layers.4/input_layernorm/Cast will be interpreted at conversion time
2026-04-23 01:13:26,232 - 283 - WARNING - Only numerical type cast is supported. The cast op: /model/layers.4/input_layernorm/Cast_1 will be interpreted at conversion time
2026-04-23 01:13:26,237 - 283 - WARNING - Only numerical type cast is supported. The cast op: /model/layers.4/self_attn/q_norm/Cast will be interpreted at conversion time
2026-04-23 01:13:26,242 - 283 - WARNING - Only numerical type cast is supported. The cast op: /model/layers.4/self_attn/q_norm/Cast_1 will be interpreted at conversion time
2026-04-23 01:13:26,245 - 283 - WARNING - Only numerical type cast is supported. The cast op: /model/layers.4/self_attn/k_norm/Cast will be interpreted at conversion time
2026-04-23 01:13:26,251 - 283 - WARNING - Only numerical type cast is supported. The cast op: /model/layers.4/self_attn/k_norm/Cast_1 will be interpreted at conversion time
2026-04-23 01:13:26,252 - 283 - WARNING - Only numerical type cast is supported. The cast op: /model/layers.4/self_attn/Cast will be interpreted at conversion time
2026-04-23 01:13:26,252 - 283 - WARNING - Only numerical type cast is supported. The cast op: /model/layers.4/self_attn/Cast_1 will be interpreted at conversion time
2026-04-23 01:13:26,266 - 283 - WARNING - Only numerical type cast is supported. The cast op: /model/layers.4/self_attn/Cast_2 will be interpreted at conversion time
2026-04-23 01:13:26,266 - 283 - WARNING - Only numerical type cast is supported. The cast op: /model/layers.4/self_attn/Cast_3 will be interpreted at conversion time
2026-04-23 01:13:26,275 - 278 - INFO - INFO_STATIC_RESHAPE: Applying static reshape to /model/layers.4/self_attn/Concat_7_output_0: new name /model/layers.4/self_attn/Reshape_3_output_0 new shape [-1]
2026-04-23 01:13:26,282 - 278 - INFO - INFO_STATIC_RESHAPE: Applying static reshape to /model/layers.4/self_attn/Concat_9_output_0: new name /model/layers.4/self_attn/Reshape_5_output_0 new shape [-1]
2026-04-23 01:13:26,296 - 283 - WARNING - Only numerical type cast is supported. The cast op: /model/layers.4/post_attention_layernorm/Cast will be interpreted at conversion time
2026-04-23 01:13:26,301 - 283 - WARNING - Only numerical type cast is supported. The cast op: /model/layers.4/post_attention_layernorm/Cast_1 will be interpreted at conversion time
2026-04-23 01:13:26,306 - 283 - WARNING - Only numerical type cast is supported. The cast op: /model/layers.5/input_layernorm/Cast will be interpreted at conversion time
2026-04-23 01:13:26,312 - 283 - WARNING - Only numerical type cast is supported. The cast op: /model/layers.5/input_layernorm/Cast_1 will be interpreted at conversion time
2026-04-23 01:13:26,317 - 283 - WARNING - Only numerical type cast is supported. The cast op: /model/layers.5/self_attn/q_norm/Cast will be interpreted at conversion time
2026-04-23 01:13:26,322 - 283 - WARNING - Only numerical type cast is supported. The cast op: /model/layers.5/self_attn/q_norm/Cast_1 will be interpreted at conversion time
2026-04-23 01:13:26,326 - 283 - WARNING - Only numerical type cast is supported. The cast op: /model/layers.5/self_attn/k_norm/Cast will be interpreted at conversion time
2026-04-23 01:13:26,331 - 283 - WARNING - Only numerical type cast is supported. The cast op: /model/layers.5/self_attn/k_norm/Cast_1 will be interpreted at conversion time
2026-04-23 01:13:26,338 - 283 - WARNING - Only numerical type cast is supported. The cast op: /model/layers.5/self_attn/Cast will be interpreted at conversion time
2026-04-23 01:13:26,338 - 283 - WARNING - Only numerical type cast is supported. The cast op: /model/layers.5/self_attn/Cast_1 will be interpreted at conversion time
2026-04-23 01:13:26,345 - 283 - WARNING - Only numerical type cast is supported. The cast op: /model/layers.5/self_attn/Cast_2 will be interpreted at conversion time
2026-04-23 01:13:26,345 - 283 - WARNING - Only numerical type cast is supported. The cast op: /model/layers.5/self_attn/Cast_3 will be interpreted at conversion time
2026-04-23 01:13:26,354 - 278 - INFO - INFO_STATIC_RESHAPE: Applying static reshape to /model/layers.5/self_attn/Concat_7_output_0: new name /model/layers.5/self_attn/Reshape_3_output_0 new shape [-1]
2026-04-23 01:13:26,361 - 278 - INFO - INFO_STATIC_RESHAPE: Applying static reshape to /model/layers.5/self_attn/Concat_9_output_0: new name /model/layers.5/self_attn/Reshape_5_output_0 new shape [-1]
2026-04-23 01:13:26,361 - 283 - WARNING - Only numerical type cast is supported. The cast op: /model/layers.5/post_attention_layernorm/Cast will be interpreted at conversion time
2026-04-23 01:13:26,380 - 283 - WARNING - Only numerical type cast is supported. The cast op: /model/layers.5/post_attention_layernorm/Cast_1 will be interpreted at conversion time
2026-04-23 01:13:26,385 - 283 - WARNING - Only numerical type cast is supported. The cast op: /model/layers.6/input_layernorm/Cast will be interpreted at conversion time
2026-04-23 01:13:26,391 - 283 - WARNING - Only numerical type cast is supported. The cast op: /model/layers.6/input_layernorm/Cast_1 will be interpreted at conversion time
2026-04-23 01:13:26,396 - 283 - WARNING - Only numerical type cast is supported. The cast op: /model/layers.6/self_attn/q_norm/Cast will be interpreted at conversion time
2026-04-23 01:13:26,401 - 283 - WARNING - Only numerical type cast is supported. The cast op: /model/layers.6/self_attn/q_norm/Cast_1 will be interpreted at conversion time
2026-04-23 01:13:26,405 - 283 - WARNING - Only numerical type cast is supported. The cast op: /model/layers.6/self_attn/k_norm/Cast will be interpreted at conversion time
2026-04-23 01:13:26,410 - 283 - WARNING - Only numerical type cast is supported. The cast op: /model/layers.6/self_attn/k_norm/Cast_1 will be interpreted at conversion time
2026-04-23 01:13:26,417 - 283 - WARNING - Only numerical type cast is supported. The cast op: /model/layers.6/self_attn/Cast will be interpreted at conversion time
2026-04-23 01:13:26,417 - 283 - WARNING - Only numerical type cast is supported. The cast op: /model/layers.6/self_attn/Cast_1 will be interpreted at conversion time
2026-04-23 01:13:26,424 - 283 - WARNING - Only numerical type cast is supported. The cast op: /model/layers.6/self_attn/Cast_2 will be interpreted at conversion time
2026-04-23 01:13:26,424 - 283 - WARNING - Only numerical type cast is supported. The cast op: /model/layers.6/self_attn/Cast_3 will be interpreted at conversion time
2026-04-23 01:13:26,433 - 278 - INFO - INFO_STATIC_RESHAPE: Applying static reshape to /model/layers.6/self_attn/Concat_7_output_0: new name /model/layers.6/self_attn/Reshape_3_output_0 new shape [-1]
2026-04-23 01:13:26,440 - 278 - INFO - INFO_STATIC_RESHAPE: Applying static reshape to /model/layers.6/self_attn/Concat_9_output_0: new name /model/layers.6/self_attn/Reshape_5_output_0 new shape [-1]
2026-04-23 01:13:26,440 - 283 - WARNING - Only numerical type cast is supported. The cast op: /model/layers.6/post_attention_layernorm/Cast will be interpreted at conversion time
2026-04-23 01:13:26,459 - 283 - WARNING - Only numerical type cast is supported. The cast op: /model/layers.6/post_attention_layernorm/Cast_1 will be interpreted at conversion time
2026-04-23 01:13:26,466 - 283 - WARNING - Only numerical type cast is supported. The cast op: /model/layers.7/input_layernorm/Cast will be interpreted at conversion time
2026-04-23 01:13:26,469 - 283 - WARNING - Only numerical type cast is supported. The cast op: /model/layers.7/input_layernorm/Cast_1 will be interpreted at conversion time
2026-04-23 01:13:26,471 - 283 - WARNING - Only numerical type cast is supported. The cast op: /model/layers.7/self_attn/q_norm/Cast will be interpreted at conversion time
2026-04-23 01:13:26,471 - 283 - WARNING - Only numerical type cast is supported. The cast op: /model/layers.7/self_attn/q_norm/Cast_1 will be interpreted at conversion time
2026-04-23 01:13:26,471 - 283 - WARNING - Only numerical type cast is supported. The cast op: /model/layers.7/self_attn/k_norm/Cast will be interpreted at conversion time
2026-04-23 01:13:26,490 - 283 - WARNING - Only numerical type cast is supported. The cast op: /model/layers.7/self_attn/k_norm/Cast_1 will be interpreted at conversion time
2026-04-23 01:13:26,497 - 283 - WARNING - Only numerical type cast is supported. The cast op: /model/layers.7/self_attn/Cast will be interpreted at conversion time
2026-04-23 01:13:26,497 - 283 - WARNING - Only numerical type cast is supported. The cast op: /model/layers.7/self_attn/Cast_1 will be interpreted at conversion time
2026-04-23 01:13:26,504 - 283 - WARNING - Only numerical type cast is supported. The cast op: /model/layers.7/self_attn/Cast_2 will be interpreted at conversion time
2026-04-23 01:13:26,504 - 283 - WARNING - Only numerical type cast is supported. The cast op: /model/layers.7/self_attn/Cast_3 will be interpreted at conversion time
2026-04-23 01:13:26,513 - 278 - INFO - INFO_STATIC_RESHAPE: Applying static reshape to /model/layers.7/self_attn/Concat_7_output_0: new name /model/layers.7/self_attn/Reshape_3_output_0 new shape [-1]
2026-04-23 01:13:26,520 - 278 - INFO - INFO_STATIC_RESHAPE: Applying static reshape to /model/layers.7/self_attn/Concat_9_output_0: new name /model/layers.7/self_attn/Reshape_5_output_0 new shape [-1]
2026-04-23 01:13:26,534 - 283 - WARNING - Only numerical type cast is supported. The cast op: /model/layers.7/post_attention_layernorm/Cast will be interpreted at conversion time
2026-04-23 01:13:26,539 - 283 - WARNING - Only numerical type cast is supported. The cast op: /model/layers.7/post_attention_layernorm/Cast_1 will be interpreted at conversion time
2026-04-23 01:13:26,544 - 283 - WARNING - Only numerical type cast is supported. The cast op: /model/layers.8/input_layernorm/Cast will be interpreted at conversion time
2026-04-23 01:13:26,549 - 283 - WARNING - Only numerical type cast is supported. The cast op: /model/layers.8/input_layernorm/Cast_1 will be interpreted at conversion time
2026-04-23 01:13:26,555 - 283 - WARNING - Only numerical type cast is supported. The cast op: /model/layers.8/self_attn/q_norm/Cast will be interpreted at conversion time
2026-04-23 01:13:26,558 - 283 - WARNING - Only numerical type cast is supported. The cast op: /model/layers.8/self_attn/q_norm/Cast_1 will be interpreted at conversion time
2026-04-23 01:13:26,563 - 283 - WARNING - Only numerical type cast is supported. The cast op: /model/layers.8/self_attn/k_norm/Cast will be interpreted at conversion time
2026-04-23 01:13:26,567 - 283 - WARNING - Only numerical type cast is supported. The cast op: /model/layers.8/self_attn/k_norm/Cast_1 will be interpreted at conversion time
2026-04-23 01:13:26,574 - 283 - WARNING - Only numerical type cast is supported. The cast op: /model/layers.8/self_attn/Cast will be interpreted at conversion time
2026-04-23 01:13:26,574 - 283 - WARNING - Only numerical type cast is supported. The cast op: /model/layers.8/self_attn/Cast_1 will be interpreted at conversion time
2026-04-23 01:13:26,581 - 283 - WARNING - Only numerical type cast is supported. The cast op: /model/layers.8/self_attn/Cast_2 will be interpreted at conversion time
2026-04-23 01:13:26,581 - 283 - WARNING - Only numerical type cast is supported. The cast op: /model/layers.8/self_attn/Cast_3 will be interpreted at conversion time
2026-04-23 01:13:26,581 - 278 - INFO - INFO_STATIC_RESHAPE: Applying static reshape to /model/layers.8/self_attn/Concat_7_output_0: new name /model/layers.8/self_attn/Reshape_3_output_0 new shape [-1]
2026-04-23 01:13:26,598 - 278 - INFO - INFO_STATIC_RESHAPE: Applying static reshape to /model/layers.8/self_attn/Concat_9_output_0: new name /model/layers.8/self_attn/Reshape_5_output_0 new shape [-1]
2026-04-23 01:13:26,614 - 283 - WARNING - Only numerical type cast is supported. The cast op: /model/layers.8/post_attention_layernorm/Cast will be interpreted at conversion time
2026-04-23 01:13:26,619 - 283 - WARNING - Only numerical type cast is supported. The cast op: /model/layers.8/post_attention_layernorm/Cast_1 will be interpreted at conversion time
2026-04-23 01:13:26,624 - 283 - WARNING - Only numerical type cast is supported. The cast op: /model/layers.9/input_layernorm/Cast will be interpreted at conversion time
2026-04-23 01:13:26,630 - 283 - WARNING - Only numerical type cast is supported. The cast op: /model/layers.9/input_layernorm/Cast_1 will be interpreted at conversion time
2026-04-23 01:13:26,635 - 283 - WARNING - Only numerical type cast is supported. The cast op: /model/layers.9/self_attn/q_norm/Cast will be interpreted at conversion time
2026-04-23 01:13:26,638 - 283 - WARNING - Only numerical type cast is supported. The cast op: /model/layers.9/self_attn/q_norm/Cast_1 will be interpreted at conversion time
2026-04-23 01:13:26,644 - 283 - WARNING - Only numerical type cast is supported. The cast op: /model/layers.9/self_attn/k_norm/Cast will be interpreted at conversion time
2026-04-23 01:13:26,649 - 283 - WARNING - Only numerical type cast is supported. The cast op: /model/layers.9/self_attn/k_norm/Cast_1 will be interpreted at conversion time
2026-04-23 01:13:26,656 - 283 - WARNING - Only numerical type cast is supported. The cast op: /model/layers.9/self_attn/Cast will be interpreted at conversion time
2026-04-23 01:13:26,656 - 283 - WARNING - Only numerical type cast is supported. The cast op: /model/layers.9/self_attn/Cast_1 will be interpreted at conversion time
2026-04-23 01:13:26,661 - 283 - WARNING - Only numerical type cast is supported. The cast op: /model/layers.9/self_attn/Cast_2 will be interpreted at conversion time
2026-04-23 01:13:26,663 - 283 - WARNING - Only numerical type cast is supported. The cast op: /model/layers.9/self_attn/Cast_3 will be interpreted at conversion time
2026-04-23 01:13:26,671 - 278 - INFO - INFO_STATIC_RESHAPE: Applying static reshape to /model/layers.9/self_attn/Concat_7_output_0: new name /model/layers.9/self_attn/Reshape_3_output_0 new shape [-1]
2026-04-23 01:13:26,678 - 278 - INFO - INFO_STATIC_RESHAPE: Applying static reshape to /model/layers.9/self_attn/Concat_9_output_0: new name /model/layers.9/self_attn/Reshape_5_output_0 new shape [-1]
2026-04-23 01:13:26,691 - 283 - WARNING - Only numerical type cast is supported. The cast op: /model/layers.9/post_attention_layernorm/Cast will be interpreted at conversion time
2026-04-23 01:13:26,691 - 283 - WARNING - Only numerical type cast is supported. The cast op: /model/layers.9/post_attention_layernorm/Cast_1 will be interpreted at conversion time
2026-04-23 01:13:26,691 - 283 - WARNING - Only numerical type cast is supported. The cast op: /model/layers.10/input_layernorm/Cast will be interpreted at conversion time
2026-04-23 01:13:26,708 - 283 - WARNING - Only numerical type cast is supported. The cast op: /model/layers.10/input_layernorm/Cast_1 will be interpreted at conversion time
2026-04-23 01:13:26,713 - 283 - WARNING - Only numerical type cast is supported. The cast op: /model/layers.10/self_attn/q_norm/Cast will be interpreted at conversion time
2026-04-23 01:13:26,718 - 283 - WARNING - Only numerical type cast is supported. The cast op: /model/layers.10/self_attn/q_norm/Cast_1 will be interpreted at conversion time
2026-04-23 01:13:26,722 - 283 - WARNING - Only numerical type cast is supported. The cast op: /model/layers.10/self_attn/k_norm/Cast will be interpreted at conversion time
2026-04-23 01:13:26,728 - 283 - WARNING - Only numerical type cast is supported. The cast op: /model/layers.10/self_attn/k_norm/Cast_1 will be interpreted at conversion time
2026-04-23 01:13:26,735 - 283 - WARNING - Only numerical type cast is supported. The cast op: /model/layers.10/self_attn/Cast will be interpreted at conversion time
2026-04-23 01:13:26,735 - 283 - WARNING - Only numerical type cast is supported. The cast op: /model/layers.10/self_attn/Cast_1 will be interpreted at conversion time
2026-04-23 01:13:26,741 - 283 - WARNING - Only numerical type cast is supported. The cast op: /model/layers.10/self_attn/Cast_2 will be interpreted at conversion time
2026-04-23 01:13:26,741 - 283 - WARNING - Only numerical type cast is supported. The cast op: /model/layers.10/self_attn/Cast_3 will be interpreted at conversion time
2026-04-23 01:13:26,750 - 278 - INFO - INFO_STATIC_RESHAPE: Applying static reshape to /model/layers.10/self_attn/Concat_7_output_0: new name /model/layers.10/self_attn/Reshape_3_output_0 new shape [-1]
2026-04-23 01:13:26,757 - 278 - INFO - INFO_STATIC_RESHAPE: Applying static reshape to /model/layers.10/self_attn/Concat_9_output_0: new name /model/layers.10/self_attn/Reshape_5_output_0 new shape [-1]
2026-04-23 01:13:26,772 - 283 - WARNING - Only numerical type cast is supported. The cast op: /model/layers.10/post_attention_layernorm/Cast will be interpreted at conversion time
2026-04-23 01:13:26,776 - 283 - WARNING - Only numerical type cast is supported. The cast op: /model/layers.10/post_attention_layernorm/Cast_1 will be interpreted at conversion time
2026-04-23 01:13:26,783 - 283 - WARNING - Only numerical type cast is supported. The cast op: /model/layers.11/input_layernorm/Cast will be interpreted at conversion time
2026-04-23 01:13:26,786 - 283 - WARNING - Only numerical type cast is supported. The cast op: /model/layers.11/input_layernorm/Cast_1 will be interpreted at conversion time
2026-04-23 01:13:26,791 - 283 - WARNING - Only numerical type cast is supported. The cast op: /model/layers.11/self_attn/q_norm/Cast will be interpreted at conversion time
2026-04-23 01:13:26,796 - 283 - WARNING - Only numerical type cast is supported. The cast op: /model/layers.11/self_attn/q_norm/Cast_1 will be interpreted at conversion time
2026-04-23 01:13:26,800 - 283 - WARNING - Only numerical type cast is supported. The cast op: /model/layers.11/self_attn/k_norm/Cast will be interpreted at conversion time
2026-04-23 01:13:26,805 - 283 - WARNING - Only numerical type cast is supported. The cast op: /model/layers.11/self_attn/k_norm/Cast_1 will be interpreted at conversion time
2026-04-23 01:13:26,812 - 283 - WARNING - Only numerical type cast is supported. The cast op: /model/layers.11/self_attn/Cast will be interpreted at conversion time
2026-04-23 01:13:26,812 - 283 - WARNING - Only numerical type cast is supported. The cast op: /model/layers.11/self_attn/Cast_1 will be interpreted at conversion time
2026-04-23 01:13:26,819 - 283 - WARNING - Only numerical type cast is supported. The cast op: /model/layers.11/self_attn/Cast_2 will be interpreted at conversion time
2026-04-23 01:13:26,819 - 283 - WARNING - Only numerical type cast is supported. The cast op: /model/layers.11/self_attn/Cast_3 will be interpreted at conversion time
2026-04-23 01:13:26,828 - 278 - INFO - INFO_STATIC_RESHAPE: Applying static reshape to /model/layers.11/self_attn/Concat_7_output_0: new name /model/layers.11/self_attn/Reshape_3_output_0 new shape [-1]
2026-04-23 01:13:26,835 - 278 - INFO - INFO_STATIC_RESHAPE: Applying static reshape to /model/layers.11/self_attn/Concat_9_output_0: new name /model/layers.11/self_attn/Reshape_5_output_0 new shape [-1]
2026-04-23 01:13:26,851 - 283 - WARNING - Only numerical type cast is supported. The cast op: /model/layers.11/post_attention_layernorm/Cast will be interpreted at conversion time
2026-04-23 01:13:26,856 - 283 - WARNING - Only numerical type cast is supported. The cast op: /model/layers.11/post_attention_layernorm/Cast_1 will be interpreted at conversion time
2026-04-23 01:13:26,861 - 283 - WARNING - Only numerical type cast is supported. The cast op: /model/layers.12/input_layernorm/Cast will be interpreted at conversion time
2026-04-23 01:13:26,866 - 283 - WARNING - Only numerical type cast is supported. The cast op: /model/layers.12/input_layernorm/Cast_1 will be interpreted at conversion time
2026-04-23 01:13:26,872 - 283 - WARNING - Only numerical type cast is supported. The cast op: /model/layers.12/self_attn/q_norm/Cast will be interpreted at conversion time
2026-04-23 01:13:26,877 - 283 - WARNING - Only numerical type cast is supported. The cast op: /model/layers.12/self_attn/q_norm/Cast_1 will be interpreted at conversion time
2026-04-23 01:13:26,880 - 283 - WARNING - Only numerical type cast is supported. The cast op: /model/layers.12/self_attn/k_norm/Cast will be interpreted at conversion time
2026-04-23 01:13:26,885 - 283 - WARNING - Only numerical type cast is supported. The cast op: /model/layers.12/self_attn/k_norm/Cast_1 will be interpreted at conversion time
2026-04-23 01:13:26,892 - 283 - WARNING - Only numerical type cast is supported. The cast op: /model/layers.12/self_attn/Cast will be interpreted at conversion time
2026-04-23 01:13:26,892 - 283 - WARNING - Only numerical type cast is supported. The cast op: /model/layers.12/self_attn/Cast_1 will be interpreted at conversion time
2026-04-23 01:13:26,899 - 283 - WARNING - Only numerical type cast is supported. The cast op: /model/layers.12/self_attn/Cast_2 will be interpreted at conversion time
2026-04-23 01:13:26,899 - 283 - WARNING - Only numerical type cast is supported. The cast op: /model/layers.12/self_attn/Cast_3 will be interpreted at conversion time
2026-04-23 01:13:26,908 - 278 - INFO - INFO_STATIC_RESHAPE: Applying static reshape to /model/layers.12/self_attn/Concat_7_output_0: new name /model/layers.12/self_attn/Reshape_3_output_0 new shape [-1]
2026-04-23 01:13:26,916 - 278 - INFO - INFO_STATIC_RESHAPE: Applying static reshape to /model/layers.12/self_attn/Concat_9_output_0: new name /model/layers.12/self_attn/Reshape_5_output_0 new shape [-1]
2026-04-23 01:13:26,930 - 283 - WARNING - Only numerical type cast is supported. The cast op: /model/layers.12/post_attention_layernorm/Cast will be interpreted at conversion time
2026-04-23 01:13:26,935 - 283 - WARNING - Only numerical type cast is supported. The cast op: /model/layers.12/post_attention_layernorm/Cast_1 will be interpreted at conversion time
2026-04-23 01:13:26,940 - 283 - WARNING - Only numerical type cast is supported. The cast op: /model/layers.13/input_layernorm/Cast will be interpreted at conversion time
2026-04-23 01:13:26,945 - 283 - WARNING - Only numerical type cast is supported. The cast op: /model/layers.13/input_layernorm/Cast_1 will be interpreted at conversion time
2026-04-23 01:13:26,951 - 283 - WARNING - Only numerical type cast is supported. The cast op: /model/layers.13/self_attn/q_norm/Cast will be interpreted at conversion time
2026-04-23 01:13:26,956 - 283 - WARNING - Only numerical type cast is supported. The cast op: /model/layers.13/self_attn/q_norm/Cast_1 will be interpreted at conversion time
2026-04-23 01:13:26,959 - 283 - WARNING - Only numerical type cast is supported. The cast op: /model/layers.13/self_attn/k_norm/Cast will be interpreted at conversion time
2026-04-23 01:13:26,964 - 283 - WARNING - Only numerical type cast is supported. The cast op: /model/layers.13/self_attn/k_norm/Cast_1 will be interpreted at conversion time
2026-04-23 01:13:26,971 - 283 - WARNING - Only numerical type cast is supported. The cast op: /model/layers.13/self_attn/Cast will be interpreted at conversion time
2026-04-23 01:13:26,971 - 283 - WARNING - Only numerical type cast is supported. The cast op: /model/layers.13/self_attn/Cast_1 will be interpreted at conversion time
2026-04-23 01:13:26,978 - 283 - WARNING - Only numerical type cast is supported. The cast op: /model/layers.13/self_attn/Cast_2 will be interpreted at conversion time
2026-04-23 01:13:26,978 - 283 - WARNING - Only numerical type cast is supported. The cast op: /model/layers.13/self_attn/Cast_3 will be interpreted at conversion time
2026-04-23 01:13:26,987 - 278 - INFO - INFO_STATIC_RESHAPE: Applying static reshape to /model/layers.13/self_attn/Concat_7_output_0: new name /model/layers.13/self_attn/Reshape_3_output_0 new shape [-1]
2026-04-23 01:13:26,994 - 278 - INFO - INFO_STATIC_RESHAPE: Applying static reshape to /model/layers.13/self_attn/Concat_9_output_0: new name /model/layers.13/self_attn/Reshape_5_output_0 new shape [-1]
2026-04-23 01:13:27,008 - 283 - WARNING - Only numerical type cast is supported. The cast op: /model/layers.13/post_attention_layernorm/Cast will be interpreted at conversion time
2026-04-23 01:13:27,013 - 283 - WARNING - Only numerical type cast is supported. The cast op: /model/layers.13/post_attention_layernorm/Cast_1 will be interpreted at conversion time
2026-04-23 01:13:27,019 - 283 - WARNING - Only numerical type cast is supported. The cast op: /model/layers.14/input_layernorm/Cast will be interpreted at conversion time
2026-04-23 01:13:27,024 - 283 - WARNING - Only numerical type cast is supported. The cast op: /model/layers.14/input_layernorm/Cast_1 will be interpreted at conversion time
2026-04-23 01:13:27,029 - 283 - WARNING - Only numerical type cast is supported. The cast op: /model/layers.14/self_attn/q_norm/Cast will be interpreted at conversion time
2026-04-23 01:13:27,034 - 283 - WARNING - Only numerical type cast is supported. The cast op: /model/layers.14/self_attn/q_norm/Cast_1 will be interpreted at conversion time
2026-04-23 01:13:27,038 - 283 - WARNING - Only numerical type cast is supported. The cast op: /model/layers.14/self_attn/k_norm/Cast will be interpreted at conversion time
2026-04-23 01:13:27,042 - 283 - WARNING - Only numerical type cast is supported. The cast op: /model/layers.14/self_attn/k_norm/Cast_1 will be interpreted at conversion time
2026-04-23 01:13:27,049 - 283 - WARNING - Only numerical type cast is supported. The cast op: /model/layers.14/self_attn/Cast will be interpreted at conversion time
2026-04-23 01:13:27,049 - 283 - WARNING - Only numerical type cast is supported. The cast op: /model/layers.14/self_attn/Cast_1 will be interpreted at conversion time
2026-04-23 01:13:27,056 - 283 - WARNING - Only numerical type cast is supported. The cast op: /model/layers.14/self_attn/Cast_2 will be interpreted at conversion time
2026-04-23 01:13:27,056 - 283 - WARNING - Only numerical type cast is supported. The cast op: /model/layers.14/self_attn/Cast_3 will be interpreted at conversion time
2026-04-23 01:13:27,064 - 278 - INFO - INFO_STATIC_RESHAPE: Applying static reshape to /model/layers.14/self_attn/Concat_7_output_0: new name /model/layers.14/self_attn/Reshape_3_output_0 new shape [-1]
2026-04-23 01:13:27,071 - 278 - INFO - INFO_STATIC_RESHAPE: Applying static reshape to /model/layers.14/self_attn/Concat_9_output_0: new name /model/layers.14/self_attn/Reshape_5_output_0 new shape [-1]
2026-04-23 01:13:27,087 - 283 - WARNING - Only numerical type cast is supported. The cast op: /model/layers.14/post_attention_layernorm/Cast will be interpreted at conversion time
2026-04-23 01:13:27,092 - 283 - WARNING - Only numerical type cast is supported. The cast op: /model/layers.14/post_attention_layernorm/Cast_1 will be interpreted at conversion time
2026-04-23 01:13:27,098 - 283 - WARNING - Only numerical type cast is supported. The cast op: /model/layers.15/input_layernorm/Cast will be interpreted at conversion time
2026-04-23 01:13:27,104 - 283 - WARNING - Only numerical type cast is supported. The cast op: /model/layers.15/input_layernorm/Cast_1 will be interpreted at conversion time
2026-04-23 01:13:27,110 - 283 - WARNING - Only numerical type cast is supported. The cast op: /model/layers.15/self_attn/q_norm/Cast will be interpreted at conversion time
2026-04-23 01:13:27,115 - 283 - WARNING - Only numerical type cast is supported. The cast op: /model/layers.15/self_attn/q_norm/Cast_1 will be interpreted at conversion time
2026-04-23 01:13:27,119 - 283 - WARNING - Only numerical type cast is supported. The cast op: /model/layers.15/self_attn/k_norm/Cast will be interpreted at conversion time
2026-04-23 01:13:27,124 - 283 - WARNING - Only numerical type cast is supported. The cast op: /model/layers.15/self_attn/k_norm/Cast_1 will be interpreted at conversion time
2026-04-23 01:13:27,131 - 283 - WARNING - Only numerical type cast is supported. The cast op: /model/layers.15/self_attn/Cast will be interpreted at conversion time
2026-04-23 01:13:27,131 - 283 - WARNING - Only numerical type cast is supported. The cast op: /model/layers.15/self_attn/Cast_1 will be interpreted at conversion time
2026-04-23 01:13:27,139 - 283 - WARNING - Only numerical type cast is supported. The cast op: /model/layers.15/self_attn/Cast_2 will be interpreted at conversion time
2026-04-23 01:13:27,139 - 283 - WARNING - Only numerical type cast is supported. The cast op: /model/layers.15/self_attn/Cast_3 will be interpreted at conversion time
2026-04-23 01:13:27,147 - 278 - INFO - INFO_STATIC_RESHAPE: Applying static reshape to /model/layers.15/self_attn/Concat_7_output_0: new name /model/layers.15/self_attn/Reshape_3_output_0 new shape [-1]
2026-04-23 01:13:27,147 - 278 - INFO - INFO_STATIC_RESHAPE: Applying static reshape to /model/layers.15/self_attn/Concat_9_output_0: new name /model/layers.15/self_attn/Reshape_5_output_0 new shape [-1]
2026-04-23 01:13:27,170 - 283 - WARNING - Only numerical type cast is supported. The cast op: /model/layers.15/post_attention_layernorm/Cast will be interpreted at conversion time
2026-04-23 01:13:27,175 - 283 - WARNING - Only numerical type cast is supported. The cast op: /model/layers.15/post_attention_layernorm/Cast_1 will be interpreted at conversion time
2026-04-23 01:13:27,179 - 283 - WARNING - Only numerical type cast is supported. The cast op: /model/layers.16/input_layernorm/Cast will be interpreted at conversion time
2026-04-23 01:13:27,179 - 283 - WARNING - Only numerical type cast is supported. The cast op: /model/layers.16/input_layernorm/Cast_1 will be interpreted at conversion time
2026-04-23 01:13:27,179 - 283 - WARNING - Only numerical type cast is supported. The cast op: /model/layers.16/self_attn/q_norm/Cast will be interpreted at conversion time
2026-04-23 01:13:27,195 - 283 - WARNING - Only numerical type cast is supported. The cast op: /model/layers.16/self_attn/q_norm/Cast_1 will be interpreted at conversion time
2026-04-23 01:13:27,195 - 283 - WARNING - Only numerical type cast is supported. The cast op: /model/layers.16/self_attn/k_norm/Cast will be interpreted at conversion time
2026-04-23 01:13:27,195 - 283 - WARNING - Only numerical type cast is supported. The cast op: /model/layers.16/self_attn/k_norm/Cast_1 will be interpreted at conversion time
2026-04-23 01:13:27,210 - 283 - WARNING - Only numerical type cast is supported. The cast op: /model/layers.16/self_attn/Cast will be interpreted at conversion time
2026-04-23 01:13:27,210 - 283 - WARNING - Only numerical type cast is supported. The cast op: /model/layers.16/self_attn/Cast_1 will be interpreted at conversion time
2026-04-23 01:13:27,210 - 283 - WARNING - Only numerical type cast is supported. The cast op: /model/layers.16/self_attn/Cast_2 will be interpreted at conversion time
2026-04-23 01:13:27,210 - 283 - WARNING - Only numerical type cast is supported. The cast op: /model/layers.16/self_attn/Cast_3 will be interpreted at conversion time
2026-04-23 01:13:27,232 - 278 - INFO - INFO_STATIC_RESHAPE: Applying static reshape to /model/layers.16/self_attn/Concat_7_output_0: new name /model/layers.16/self_attn/Reshape_3_output_0 new shape [-1]
2026-04-23 01:13:27,239 - 278 - INFO - INFO_STATIC_RESHAPE: Applying static reshape to /model/layers.16/self_attn/Concat_9_output_0: new name /model/layers.16/self_attn/Reshape_5_output_0 new shape [-1]
2026-04-23 01:13:27,242 - 283 - WARNING - Only numerical type cast is supported. The cast op: /model/layers.16/post_attention_layernorm/Cast will be interpreted at conversion time
2026-04-23 01:13:27,258 - 283 - WARNING - Only numerical type cast is supported. The cast op: /model/layers.16/post_attention_layernorm/Cast_1 will be interpreted at conversion time
2026-04-23 01:13:27,258 - 283 - WARNING - Only numerical type cast is supported. The cast op: /model/layers.17/input_layernorm/Cast will be interpreted at conversion time
2026-04-23 01:13:27,258 - 283 - WARNING - Only numerical type cast is supported. The cast op: /model/layers.17/input_layernorm/Cast_1 will be interpreted at conversion time
2026-04-23 01:13:27,274 - 283 - WARNING - Only numerical type cast is supported. The cast op: /model/layers.17/self_attn/q_norm/Cast will be interpreted at conversion time
2026-04-23 01:13:27,279 - 283 - WARNING - Only numerical type cast is supported. The cast op: /model/layers.17/self_attn/q_norm/Cast_1 will be interpreted at conversion time
2026-04-23 01:13:27,283 - 283 - WARNING - Only numerical type cast is supported. The cast op: /model/layers.17/self_attn/k_norm/Cast will be interpreted at conversion time
2026-04-23 01:13:27,288 - 283 - WARNING - Only numerical type cast is supported. The cast op: /model/layers.17/self_attn/k_norm/Cast_1 will be interpreted at conversion time
2026-04-23 01:13:27,295 - 283 - WARNING - Only numerical type cast is supported. The cast op: /model/layers.17/self_attn/Cast will be interpreted at conversion time
2026-04-23 01:13:27,295 - 283 - WARNING - Only numerical type cast is supported. The cast op: /model/layers.17/self_attn/Cast_1 will be interpreted at conversion time
2026-04-23 01:13:27,302 - 283 - WARNING - Only numerical type cast is supported. The cast op: /model/layers.17/self_attn/Cast_2 will be interpreted at conversion time
2026-04-23 01:13:27,302 - 283 - WARNING - Only numerical type cast is supported. The cast op: /model/layers.17/self_attn/Cast_3 will be interpreted at conversion time
2026-04-23 01:13:27,305 - 278 - INFO - INFO_STATIC_RESHAPE: Applying static reshape to /model/layers.17/self_attn/Concat_7_output_0: new name /model/layers.17/self_attn/Reshape_3_output_0 new shape [-1]
2026-04-23 01:13:27,305 - 278 - INFO - INFO_STATIC_RESHAPE: Applying static reshape to /model/layers.17/self_attn/Concat_9_output_0: new name /model/layers.17/self_attn/Reshape_5_output_0 new shape [-1]
2026-04-23 01:13:27,327 - 283 - WARNING - Only numerical type cast is supported. The cast op: /model/layers.17/post_attention_layernorm/Cast will be interpreted at conversion time
2026-04-23 01:13:27,339 - 283 - WARNING - Only numerical type cast is supported. The cast op: /model/layers.17/post_attention_layernorm/Cast_1 will be interpreted at conversion time
2026-04-23 01:13:27,345 - 283 - WARNING - Only numerical type cast is supported. The cast op: /model/layers.18/input_layernorm/Cast will be interpreted at conversion time
2026-04-23 01:13:27,351 - 283 - WARNING - Only numerical type cast is supported. The cast op: /model/layers.18/input_layernorm/Cast_1 will be interpreted at conversion time
2026-04-23 01:13:27,353 - 283 - WARNING - Only numerical type cast is supported. The cast op: /model/layers.18/self_attn/q_norm/Cast will be interpreted at conversion time
2026-04-23 01:13:27,353 - 283 - WARNING - Only numerical type cast is supported. The cast op: /model/layers.18/self_attn/q_norm/Cast_1 will be interpreted at conversion time
2026-04-23 01:13:27,353 - 283 - WARNING - Only numerical type cast is supported. The cast op: /model/layers.18/self_attn/k_norm/Cast will be interpreted at conversion time
2026-04-23 01:13:27,369 - 283 - WARNING - Only numerical type cast is supported. The cast op: /model/layers.18/self_attn/k_norm/Cast_1 will be interpreted at conversion time
2026-04-23 01:13:27,369 - 283 - WARNING - Only numerical type cast is supported. The cast op: /model/layers.18/self_attn/Cast will be interpreted at conversion time
2026-04-23 01:13:27,369 - 283 - WARNING - Only numerical type cast is supported. The cast op: /model/layers.18/self_attn/Cast_1 will be interpreted at conversion time
2026-04-23 01:13:27,385 - 283 - WARNING - Only numerical type cast is supported. The cast op: /model/layers.18/self_attn/Cast_2 will be interpreted at conversion time
2026-04-23 01:13:27,385 - 283 - WARNING - Only numerical type cast is supported. The cast op: /model/layers.18/self_attn/Cast_3 will be interpreted at conversion time
2026-04-23 01:13:27,385 - 278 - INFO - INFO_STATIC_RESHAPE: Applying static reshape to /model/layers.18/self_attn/Concat_7_output_0: new name /model/layers.18/self_attn/Reshape_3_output_0 new shape [-1]
2026-04-23 01:13:27,401 - 278 - INFO - INFO_STATIC_RESHAPE: Applying static reshape to /model/layers.18/self_attn/Concat_9_output_0: new name /model/layers.18/self_attn/Reshape_5_output_0 new shape [-1]
2026-04-23 01:13:27,417 - 283 - WARNING - Only numerical type cast is supported. The cast op: /model/layers.18/post_attention_layernorm/Cast will be interpreted at conversion time
2026-04-23 01:13:27,422 - 283 - WARNING - Only numerical type cast is supported. The cast op: /model/layers.18/post_attention_layernorm/Cast_1 will be interpreted at conversion time
2026-04-23 01:13:27,430 - 283 - WARNING - Only numerical type cast is supported. The cast op: /model/layers.19/input_layernorm/Cast will be interpreted at conversion time
2026-04-23 01:13:27,432 - 283 - WARNING - Only numerical type cast is supported. The cast op: /model/layers.19/input_layernorm/Cast_1 will be interpreted at conversion time
2026-04-23 01:13:27,432 - 283 - WARNING - Only numerical type cast is supported. The cast op: /model/layers.19/self_attn/q_norm/Cast will be interpreted at conversion time
2026-04-23 01:13:27,432 - 283 - WARNING - Only numerical type cast is supported. The cast op: /model/layers.19/self_attn/q_norm/Cast_1 will be interpreted at conversion time
2026-04-23 01:13:27,448 - 283 - WARNING - Only numerical type cast is supported. The cast op: /model/layers.19/self_attn/k_norm/Cast will be interpreted at conversion time
2026-04-23 01:13:27,448 - 283 - WARNING - Only numerical type cast is supported. The cast op: /model/layers.19/self_attn/k_norm/Cast_1 will be interpreted at conversion time
2026-04-23 01:13:27,448 - 283 - WARNING - Only numerical type cast is supported. The cast op: /model/layers.19/self_attn/Cast will be interpreted at conversion time
2026-04-23 01:13:27,448 - 283 - WARNING - Only numerical type cast is supported. The cast op: /model/layers.19/self_attn/Cast_1 will be interpreted at conversion time
2026-04-23 01:13:27,464 - 283 - WARNING - Only numerical type cast is supported. The cast op: /model/layers.19/self_attn/Cast_2 will be interpreted at conversion time
2026-04-23 01:13:27,464 - 283 - WARNING - Only numerical type cast is supported. The cast op: /model/layers.19/self_attn/Cast_3 will be interpreted at conversion time
2026-04-23 01:13:27,464 - 278 - INFO - INFO_STATIC_RESHAPE: Applying static reshape to /model/layers.19/self_attn/Concat_7_output_0: new name /model/layers.19/self_attn/Reshape_3_output_0 new shape [-1]
2026-04-23 01:13:27,480 - 278 - INFO - INFO_STATIC_RESHAPE: Applying static reshape to /model/layers.19/self_attn/Concat_9_output_0: new name /model/layers.19/self_attn/Reshape_5_output_0 new shape [-1]
2026-04-23 01:13:27,499 - 283 - WARNING - Only numerical type cast is supported. The cast op: /model/layers.19/post_attention_layernorm/Cast will be interpreted at conversion time
2026-04-23 01:13:27,505 - 283 - WARNING - Only numerical type cast is supported. The cast op: /model/layers.19/post_attention_layernorm/Cast_1 will be interpreted at conversion time
2026-04-23 01:13:27,512 - 283 - WARNING - Only numerical type cast is supported. The cast op: /model/layers.20/input_layernorm/Cast will be interpreted at conversion time
2026-04-23 01:13:27,517 - 283 - WARNING - Only numerical type cast is supported. The cast op: /model/layers.20/input_layernorm/Cast_1 will be interpreted at conversion time
2026-04-23 01:13:27,520 - 283 - WARNING - Only numerical type cast is supported. The cast op: /model/layers.20/self_attn/q_norm/Cast will be interpreted at conversion time
2026-04-23 01:13:27,526 - 283 - WARNING - Only numerical type cast is supported. The cast op: /model/layers.20/self_attn/q_norm/Cast_1 will be interpreted at conversion time
2026-04-23 01:13:27,531 - 283 - WARNING - Only numerical type cast is supported. The cast op: /model/layers.20/self_attn/k_norm/Cast will be interpreted at conversion time
2026-04-23 01:13:27,536 - 283 - WARNING - Only numerical type cast is supported. The cast op: /model/layers.20/self_attn/k_norm/Cast_1 will be interpreted at conversion time
2026-04-23 01:13:27,543 - 283 - WARNING - Only numerical type cast is supported. The cast op: /model/layers.20/self_attn/Cast will be interpreted at conversion time
2026-04-23 01:13:27,543 - 283 - WARNING - Only numerical type cast is supported. The cast op: /model/layers.20/self_attn/Cast_1 will be interpreted at conversion time
2026-04-23 01:13:27,550 - 283 - WARNING - Only numerical type cast is supported. The cast op: /model/layers.20/self_attn/Cast_2 will be interpreted at conversion time
2026-04-23 01:13:27,550 - 283 - WARNING - Only numerical type cast is supported. The cast op: /model/layers.20/self_attn/Cast_3 will be interpreted at conversion time
2026-04-23 01:13:27,558 - 278 - INFO - INFO_STATIC_RESHAPE: Applying static reshape to /model/layers.20/self_attn/Concat_7_output_0: new name /model/layers.20/self_attn/Reshape_3_output_0 new shape [-1]
2026-04-23 01:13:27,558 - 278 - INFO - INFO_STATIC_RESHAPE: Applying static reshape to /model/layers.20/self_attn/Concat_9_output_0: new name /model/layers.20/self_attn/Reshape_5_output_0 new shape [-1]
2026-04-23 01:13:27,581 - 283 - WARNING - Only numerical type cast is supported. The cast op: /model/layers.20/post_attention_layernorm/Cast will be interpreted at conversion time
2026-04-23 01:13:27,585 - 283 - WARNING - Only numerical type cast is supported. The cast op: /model/layers.20/post_attention_layernorm/Cast_1 will be interpreted at conversion time
2026-04-23 01:13:27,592 - 283 - WARNING - Only numerical type cast is supported. The cast op: /model/layers.21/input_layernorm/Cast will be interpreted at conversion time
2026-04-23 01:13:27,595 - 283 - WARNING - Only numerical type cast is supported. The cast op: /model/layers.21/input_layernorm/Cast_1 will be interpreted at conversion time
2026-04-23 01:13:27,601 - 283 - WARNING - Only numerical type cast is supported. The cast op: /model/layers.21/self_attn/q_norm/Cast will be interpreted at conversion time
2026-04-23 01:13:27,606 - 283 - WARNING - Only numerical type cast is supported. The cast op: /model/layers.21/self_attn/q_norm/Cast_1 will be interpreted at conversion time
2026-04-23 01:13:27,611 - 283 - WARNING - Only numerical type cast is supported. The cast op: /model/layers.21/self_attn/k_norm/Cast will be interpreted at conversion time
2026-04-23 01:13:27,614 - 283 - WARNING - Only numerical type cast is supported. The cast op: /model/layers.21/self_attn/k_norm/Cast_1 will be interpreted at conversion time
2026-04-23 01:13:27,623 - 283 - WARNING - Only numerical type cast is supported. The cast op: /model/layers.21/self_attn/Cast will be interpreted at conversion time
2026-04-23 01:13:27,623 - 283 - WARNING - Only numerical type cast is supported. The cast op: /model/layers.21/self_attn/Cast_1 will be interpreted at conversion time
2026-04-23 01:13:27,629 - 283 - WARNING - Only numerical type cast is supported. The cast op: /model/layers.21/self_attn/Cast_2 will be interpreted at conversion time
2026-04-23 01:13:27,629 - 283 - WARNING - Only numerical type cast is supported. The cast op: /model/layers.21/self_attn/Cast_3 will be interpreted at conversion time
2026-04-23 01:13:27,639 - 278 - INFO - INFO_STATIC_RESHAPE: Applying static reshape to /model/layers.21/self_attn/Concat_7_output_0: new name /model/layers.21/self_attn/Reshape_3_output_0 new shape [-1]
2026-04-23 01:13:27,644 - 278 - INFO - INFO_STATIC_RESHAPE: Applying static reshape to /model/layers.21/self_attn/Concat_9_output_0: new name /model/layers.21/self_attn/Reshape_5_output_0 new shape [-1]
2026-04-23 01:13:27,653 - 283 - WARNING - Only numerical type cast is supported. The cast op: /model/layers.21/post_attention_layernorm/Cast will be interpreted at conversion time
2026-04-23 01:13:27,653 - 283 - WARNING - Only numerical type cast is supported. The cast op: /model/layers.21/post_attention_layernorm/Cast_1 will be interpreted at conversion time
2026-04-23 01:13:27,672 - 283 - WARNING - Only numerical type cast is supported. The cast op: /model/layers.22/input_layernorm/Cast will be interpreted at conversion time
2026-04-23 01:13:27,677 - 283 - WARNING - Only numerical type cast is supported. The cast op: /model/layers.22/input_layernorm/Cast_1 will be interpreted at conversion time
2026-04-23 01:13:27,681 - 283 - WARNING - Only numerical type cast is supported. The cast op: /model/layers.22/self_attn/q_norm/Cast will be interpreted at conversion time
2026-04-23 01:13:27,686 - 283 - WARNING - Only numerical type cast is supported. The cast op: /model/layers.22/self_attn/q_norm/Cast_1 will be interpreted at conversion time
2026-04-23 01:13:27,691 - 283 - WARNING - Only numerical type cast is supported. The cast op: /model/layers.22/self_attn/k_norm/Cast will be interpreted at conversion time
2026-04-23 01:13:27,697 - 283 - WARNING - Only numerical type cast is supported. The cast op: /model/layers.22/self_attn/k_norm/Cast_1 will be interpreted at conversion time
2026-04-23 01:13:27,704 - 283 - WARNING - Only numerical type cast is supported. The cast op: /model/layers.22/self_attn/Cast will be interpreted at conversion time
2026-04-23 01:13:27,704 - 283 - WARNING - Only numerical type cast is supported. The cast op: /model/layers.22/self_attn/Cast_1 will be interpreted at conversion time
2026-04-23 01:13:27,710 - 283 - WARNING - Only numerical type cast is supported. The cast op: /model/layers.22/self_attn/Cast_2 will be interpreted at conversion time
2026-04-23 01:13:27,710 - 283 - WARNING - Only numerical type cast is supported. The cast op: /model/layers.22/self_attn/Cast_3 will be interpreted at conversion time
2026-04-23 01:13:27,719 - 278 - INFO - INFO_STATIC_RESHAPE: Applying static reshape to /model/layers.22/self_attn/Concat_7_output_0: new name /model/layers.22/self_attn/Reshape_3_output_0 new shape [-1]
2026-04-23 01:13:27,726 - 278 - INFO - INFO_STATIC_RESHAPE: Applying static reshape to /model/layers.22/self_attn/Concat_9_output_0: new name /model/layers.22/self_attn/Reshape_5_output_0 new shape [-1]
2026-04-23 01:13:27,740 - 283 - WARNING - Only numerical type cast is supported. The cast op: /model/layers.22/post_attention_layernorm/Cast will be interpreted at conversion time
2026-04-23 01:13:27,746 - 283 - WARNING - Only numerical type cast is supported. The cast op: /model/layers.22/post_attention_layernorm/Cast_1 will be interpreted at conversion time
2026-04-23 01:13:27,751 - 283 - WARNING - Only numerical type cast is supported. The cast op: /model/layers.23/input_layernorm/Cast will be interpreted at conversion time
2026-04-23 01:13:27,756 - 283 - WARNING - Only numerical type cast is supported. The cast op: /model/layers.23/input_layernorm/Cast_1 will be interpreted at conversion time
2026-04-23 01:13:27,761 - 283 - WARNING - Only numerical type cast is supported. The cast op: /model/layers.23/self_attn/q_norm/Cast will be interpreted at conversion time
2026-04-23 01:13:27,766 - 283 - WARNING - Only numerical type cast is supported. The cast op: /model/layers.23/self_attn/q_norm/Cast_1 will be interpreted at conversion time
2026-04-23 01:13:27,770 - 283 - WARNING - Only numerical type cast is supported. The cast op: /model/layers.23/self_attn/k_norm/Cast will be interpreted at conversion time
2026-04-23 01:13:27,775 - 283 - WARNING - Only numerical type cast is supported. The cast op: /model/layers.23/self_attn/k_norm/Cast_1 will be interpreted at conversion time
2026-04-23 01:13:27,782 - 283 - WARNING - Only numerical type cast is supported. The cast op: /model/layers.23/self_attn/Cast will be interpreted at conversion time
2026-04-23 01:13:27,782 - 283 - WARNING - Only numerical type cast is supported. The cast op: /model/layers.23/self_attn/Cast_1 will be interpreted at conversion time
2026-04-23 01:13:27,786 - 283 - WARNING - Only numerical type cast is supported. The cast op: /model/layers.23/self_attn/Cast_2 will be interpreted at conversion time
2026-04-23 01:13:27,786 - 283 - WARNING - Only numerical type cast is supported. The cast op: /model/layers.23/self_attn/Cast_3 will be interpreted at conversion time
2026-04-23 01:13:27,795 - 278 - INFO - INFO_STATIC_RESHAPE: Applying static reshape to /model/layers.23/self_attn/Concat_7_output_0: new name /model/layers.23/self_attn/Reshape_3_output_0 new shape [-1]
2026-04-23 01:13:27,795 - 278 - INFO - INFO_STATIC_RESHAPE: Applying static reshape to /model/layers.23/self_attn/Concat_9_output_0: new name /model/layers.23/self_attn/Reshape_5_output_0 new shape [-1]
2026-04-23 01:13:27,810 - 283 - WARNING - Only numerical type cast is supported. The cast op: /model/layers.23/post_attention_layernorm/Cast will be interpreted at conversion time
2026-04-23 01:13:27,828 - 283 - WARNING - Only numerical type cast is supported. The cast op: /model/layers.23/post_attention_layernorm/Cast_1 will be interpreted at conversion time
2026-04-23 01:13:27,828 - 283 - WARNING - Only numerical type cast is supported. The cast op: /model/layers.24/input_layernorm/Cast will be interpreted at conversion time
2026-04-23 01:13:27,828 - 283 - WARNING - Only numerical type cast is supported. The cast op: /model/layers.24/input_layernorm/Cast_1 will be interpreted at conversion time
2026-04-23 01:13:27,843 - 283 - WARNING - Only numerical type cast is supported. The cast op: /model/layers.24/self_attn/q_norm/Cast will be interpreted at conversion time
2026-04-23 01:13:27,843 - 283 - WARNING - Only numerical type cast is supported. The cast op: /model/layers.24/self_attn/q_norm/Cast_1 will be interpreted at conversion time
2026-04-23 01:13:27,843 - 283 - WARNING - Only numerical type cast is supported. The cast op: /model/layers.24/self_attn/k_norm/Cast will be interpreted at conversion time
2026-04-23 01:13:27,857 - 283 - WARNING - Only numerical type cast is supported. The cast op: /model/layers.24/self_attn/k_norm/Cast_1 will be interpreted at conversion time
2026-04-23 01:13:27,866 - 283 - WARNING - Only numerical type cast is supported. The cast op: /model/layers.24/self_attn/Cast will be interpreted at conversion time
2026-04-23 01:13:27,866 - 283 - WARNING - Only numerical type cast is supported. The cast op: /model/layers.24/self_attn/Cast_1 will be interpreted at conversion time
2026-04-23 01:13:27,873 - 283 - WARNING - Only numerical type cast is supported. The cast op: /model/layers.24/self_attn/Cast_2 will be interpreted at conversion time
2026-04-23 01:13:27,873 - 283 - WARNING - Only numerical type cast is supported. The cast op: /model/layers.24/self_attn/Cast_3 will be interpreted at conversion time
2026-04-23 01:13:27,873 - 278 - INFO - INFO_STATIC_RESHAPE: Applying static reshape to /model/layers.24/self_attn/Concat_7_output_0: new name /model/layers.24/self_attn/Reshape_3_output_0 new shape [-1]
2026-04-23 01:13:27,889 - 278 - INFO - INFO_STATIC_RESHAPE: Applying static reshape to /model/layers.24/self_attn/Concat_9_output_0: new name /model/layers.24/self_attn/Reshape_5_output_0 new shape [-1]
2026-04-23 01:13:27,889 - 283 - WARNING - Only numerical type cast is supported. The cast op: /model/layers.24/post_attention_layernorm/Cast will be interpreted at conversion time
2026-04-23 01:13:27,905 - 283 - WARNING - Only numerical type cast is supported. The cast op: /model/layers.24/post_attention_layernorm/Cast_1 will be interpreted at conversion time
2026-04-23 01:13:27,905 - 283 - WARNING - Only numerical type cast is supported. The cast op: /model/layers.25/input_layernorm/Cast will be interpreted at conversion time
2026-04-23 01:13:27,921 - 283 - WARNING - Only numerical type cast is supported. The cast op: /model/layers.25/input_layernorm/Cast_1 will be interpreted at conversion time
2026-04-23 01:13:27,922 - 283 - WARNING - Only numerical type cast is supported. The cast op: /model/layers.25/self_attn/q_norm/Cast will be interpreted at conversion time
2026-04-23 01:13:27,932 - 283 - WARNING - Only numerical type cast is supported. The cast op: /model/layers.25/self_attn/q_norm/Cast_1 will be interpreted at conversion time
2026-04-23 01:13:27,937 - 283 - WARNING - Only numerical type cast is supported. The cast op: /model/layers.25/self_attn/k_norm/Cast will be interpreted at conversion time
2026-04-23 01:13:27,942 - 283 - WARNING - Only numerical type cast is supported. The cast op: /model/layers.25/self_attn/k_norm/Cast_1 will be interpreted at conversion time
2026-04-23 01:13:27,949 - 283 - WARNING - Only numerical type cast is supported. The cast op: /model/layers.25/self_attn/Cast will be interpreted at conversion time
2026-04-23 01:13:27,949 - 283 - WARNING - Only numerical type cast is supported. The cast op: /model/layers.25/self_attn/Cast_1 will be interpreted at conversion time
2026-04-23 01:13:27,956 - 283 - WARNING - Only numerical type cast is supported. The cast op: /model/layers.25/self_attn/Cast_2 will be interpreted at conversion time
2026-04-23 01:13:27,956 - 283 - WARNING - Only numerical type cast is supported. The cast op: /model/layers.25/self_attn/Cast_3 will be interpreted at conversion time
2026-04-23 01:13:27,964 - 278 - INFO - INFO_STATIC_RESHAPE: Applying static reshape to /model/layers.25/self_attn/Concat_7_output_0: new name /model/layers.25/self_attn/Reshape_3_output_0 new shape [-1]
2026-04-23 01:13:27,968 - 278 - INFO - INFO_STATIC_RESHAPE: Applying static reshape to /model/layers.25/self_attn/Concat_9_output_0: new name /model/layers.25/self_attn/Reshape_5_output_0 new shape [-1]
2026-04-23 01:13:27,984 - 283 - WARNING - Only numerical type cast is supported. The cast op: /model/layers.25/post_attention_layernorm/Cast will be interpreted at conversion time
2026-04-23 01:13:27,984 - 283 - WARNING - Only numerical type cast is supported. The cast op: /model/layers.25/post_attention_layernorm/Cast_1 will be interpreted at conversion time
2026-04-23 01:13:27,999 - 283 - WARNING - Only numerical type cast is supported. The cast op: /model/layers.26/input_layernorm/Cast will be interpreted at conversion time
2026-04-23 01:13:28,001 - 283 - WARNING - Only numerical type cast is supported. The cast op: /model/layers.26/input_layernorm/Cast_1 will be interpreted at conversion time
2026-04-23 01:13:28,001 - 283 - WARNING - Only numerical type cast is supported. The cast op: /model/layers.26/self_attn/q_norm/Cast will be interpreted at conversion time
2026-04-23 01:13:28,001 - 283 - WARNING - Only numerical type cast is supported. The cast op: /model/layers.26/self_attn/q_norm/Cast_1 will be interpreted at conversion time
2026-04-23 01:13:28,020 - 283 - WARNING - Only numerical type cast is supported. The cast op: /model/layers.26/self_attn/k_norm/Cast will be interpreted at conversion time
2026-04-23 01:13:28,022 - 283 - WARNING - Only numerical type cast is supported. The cast op: /model/layers.26/self_attn/k_norm/Cast_1 will be interpreted at conversion time
2026-04-23 01:13:28,031 - 283 - WARNING - Only numerical type cast is supported. The cast op: /model/layers.26/self_attn/Cast will be interpreted at conversion time
2026-04-23 01:13:28,031 - 283 - WARNING - Only numerical type cast is supported. The cast op: /model/layers.26/self_attn/Cast_1 will be interpreted at conversion time
2026-04-23 01:13:28,038 - 283 - WARNING - Only numerical type cast is supported. The cast op: /model/layers.26/self_attn/Cast_2 will be interpreted at conversion time
2026-04-23 01:13:28,038 - 283 - WARNING - Only numerical type cast is supported. The cast op: /model/layers.26/self_attn/Cast_3 will be interpreted at conversion time
2026-04-23 01:13:28,047 - 278 - INFO - INFO_STATIC_RESHAPE: Applying static reshape to /model/layers.26/self_attn/Concat_7_output_0: new name /model/layers.26/self_attn/Reshape_3_output_0 new shape [-1]
2026-04-23 01:13:28,054 - 278 - INFO - INFO_STATIC_RESHAPE: Applying static reshape to /model/layers.26/self_attn/Concat_9_output_0: new name /model/layers.26/self_attn/Reshape_5_output_0 new shape [-1]
2026-04-23 01:13:28,068 - 283 - WARNING - Only numerical type cast is supported. The cast op: /model/layers.26/post_attention_layernorm/Cast will be interpreted at conversion time
2026-04-23 01:13:28,073 - 283 - WARNING - Only numerical type cast is supported. The cast op: /model/layers.26/post_attention_layernorm/Cast_1 will be interpreted at conversion time
2026-04-23 01:13:28,080 - 283 - WARNING - Only numerical type cast is supported. The cast op: /model/layers.27/input_layernorm/Cast will be interpreted at conversion time
2026-04-23 01:13:28,085 - 283 - WARNING - Only numerical type cast is supported. The cast op: /model/layers.27/input_layernorm/Cast_1 will be interpreted at conversion time
2026-04-23 01:13:28,091 - 283 - WARNING - Only numerical type cast is supported. The cast op: /model/layers.27/self_attn/q_norm/Cast will be interpreted at conversion time
2026-04-23 01:13:28,096 - 283 - WARNING - Only numerical type cast is supported. The cast op: /model/layers.27/self_attn/q_norm/Cast_1 will be interpreted at conversion time
2026-04-23 01:13:28,100 - 283 - WARNING - Only numerical type cast is supported. The cast op: /model/layers.27/self_attn/k_norm/Cast will be interpreted at conversion time
2026-04-23 01:13:28,105 - 283 - WARNING - Only numerical type cast is supported. The cast op: /model/layers.27/self_attn/k_norm/Cast_1 will be interpreted at conversion time
2026-04-23 01:13:28,110 - 283 - WARNING - Only numerical type cast is supported. The cast op: /model/layers.27/self_attn/Cast will be interpreted at conversion time
2026-04-23 01:13:28,110 - 283 - WARNING - Only numerical type cast is supported. The cast op: /model/layers.27/self_attn/Cast_1 will be interpreted at conversion time
2026-04-23 01:13:28,110 - 283 - WARNING - Only numerical type cast is supported. The cast op: /model/layers.27/self_attn/Cast_2 will be interpreted at conversion time
2026-04-23 01:13:28,110 - 283 - WARNING - Only numerical type cast is supported. The cast op: /model/layers.27/self_attn/Cast_3 will be interpreted at conversion time
2026-04-23 01:13:28,128 - 278 - INFO - INFO_STATIC_RESHAPE: Applying static reshape to /model/layers.27/self_attn/Concat_7_output_0: new name /model/layers.27/self_attn/Reshape_3_output_0 new shape [-1]
2026-04-23 01:13:28,128 - 278 - INFO - INFO_STATIC_RESHAPE: Applying static reshape to /model/layers.27/self_attn/Concat_9_output_0: new name /model/layers.27/self_attn/Reshape_5_output_0 new shape [-1]
2026-04-23 01:13:28,145 - 283 - WARNING - Only numerical type cast is supported. The cast op: /model/layers.27/post_attention_layernorm/Cast will be interpreted at conversion time
2026-04-23 01:13:28,158 - 283 - WARNING - Only numerical type cast is supported. The cast op: /model/layers.27/post_attention_layernorm/Cast_1 will be interpreted at conversion time
2026-04-23 01:13:28,158 - 283 - WARNING - Only numerical type cast is supported. The cast op: /model/layers.28/input_layernorm/Cast will be interpreted at conversion time
2026-04-23 01:13:28,158 - 283 - WARNING - Only numerical type cast is supported. The cast op: /model/layers.28/input_layernorm/Cast_1 will be interpreted at conversion time
2026-04-23 01:13:28,175 - 283 - WARNING - Only numerical type cast is supported. The cast op: /model/layers.28/self_attn/q_norm/Cast will be interpreted at conversion time
2026-04-23 01:13:28,175 - 283 - WARNING - Only numerical type cast is supported. The cast op: /model/layers.28/self_attn/q_norm/Cast_1 will be interpreted at conversion time
2026-04-23 01:13:28,175 - 283 - WARNING - Only numerical type cast is supported. The cast op: /model/layers.28/self_attn/k_norm/Cast will be interpreted at conversion time
2026-04-23 01:13:28,190 - 283 - WARNING - Only numerical type cast is supported. The cast op: /model/layers.28/self_attn/k_norm/Cast_1 will be interpreted at conversion time
2026-04-23 01:13:28,190 - 283 - WARNING - Only numerical type cast is supported. The cast op: /model/layers.28/self_attn/Cast will be interpreted at conversion time
2026-04-23 01:13:28,190 - 283 - WARNING - Only numerical type cast is supported. The cast op: /model/layers.28/self_attn/Cast_1 will be interpreted at conversion time
2026-04-23 01:13:28,205 - 283 - WARNING - Only numerical type cast is supported. The cast op: /model/layers.28/self_attn/Cast_2 will be interpreted at conversion time
2026-04-23 01:13:28,205 - 283 - WARNING - Only numerical type cast is supported. The cast op: /model/layers.28/self_attn/Cast_3 will be interpreted at conversion time
2026-04-23 01:13:28,205 - 278 - INFO - INFO_STATIC_RESHAPE: Applying static reshape to /model/layers.28/self_attn/Concat_7_output_0: new name /model/layers.28/self_attn/Reshape_3_output_0 new shape [-1]
2026-04-23 01:13:28,221 - 278 - INFO - INFO_STATIC_RESHAPE: Applying static reshape to /model/layers.28/self_attn/Concat_9_output_0: new name /model/layers.28/self_attn/Reshape_5_output_0 new shape [-1]
2026-04-23 01:13:28,228 - 283 - WARNING - Only numerical type cast is supported. The cast op: /model/layers.28/post_attention_layernorm/Cast will be interpreted at conversion time
2026-04-23 01:13:28,244 - 283 - WARNING - Only numerical type cast is supported. The cast op: /model/layers.28/post_attention_layernorm/Cast_1 will be interpreted at conversion time
2026-04-23 01:13:28,251 - 283 - WARNING - Only numerical type cast is supported. The cast op: /model/layers.29/input_layernorm/Cast will be interpreted at conversion time
2026-04-23 01:13:28,256 - 283 - WARNING - Only numerical type cast is supported. The cast op: /model/layers.29/input_layernorm/Cast_1 will be interpreted at conversion time
2026-04-23 01:13:28,261 - 283 - WARNING - Only numerical type cast is supported. The cast op: /model/layers.29/self_attn/q_norm/Cast will be interpreted at conversion time
2026-04-23 01:13:28,265 - 283 - WARNING - Only numerical type cast is supported. The cast op: /model/layers.29/self_attn/q_norm/Cast_1 will be interpreted at conversion time
2026-04-23 01:13:28,268 - 283 - WARNING - Only numerical type cast is supported. The cast op: /model/layers.29/self_attn/k_norm/Cast will be interpreted at conversion time
2026-04-23 01:13:28,268 - 283 - WARNING - Only numerical type cast is supported. The cast op: /model/layers.29/self_attn/k_norm/Cast_1 will be interpreted at conversion time
2026-04-23 01:13:28,285 - 283 - WARNING - Only numerical type cast is supported. The cast op: /model/layers.29/self_attn/Cast will be interpreted at conversion time
2026-04-23 01:13:28,285 - 283 - WARNING - Only numerical type cast is supported. The cast op: /model/layers.29/self_attn/Cast_1 will be interpreted at conversion time
2026-04-23 01:13:28,292 - 283 - WARNING - Only numerical type cast is supported. The cast op: /model/layers.29/self_attn/Cast_2 will be interpreted at conversion time
2026-04-23 01:13:28,292 - 283 - WARNING - Only numerical type cast is supported. The cast op: /model/layers.29/self_attn/Cast_3 will be interpreted at conversion time
2026-04-23 01:13:28,302 - 278 - INFO - INFO_STATIC_RESHAPE: Applying static reshape to /model/layers.29/self_attn/Concat_7_output_0: new name /model/layers.29/self_attn/Reshape_3_output_0 new shape [-1]
2026-04-23 01:13:28,307 - 278 - INFO - INFO_STATIC_RESHAPE: Applying static reshape to /model/layers.29/self_attn/Concat_9_output_0: new name /model/layers.29/self_attn/Reshape_5_output_0 new shape [-1]
2026-04-23 01:13:28,316 - 283 - WARNING - Only numerical type cast is supported. The cast op: /model/layers.29/post_attention_layernorm/Cast will be interpreted at conversion time
2026-04-23 01:13:28,328 - 283 - WARNING - Only numerical type cast is supported. The cast op: /model/layers.29/post_attention_layernorm/Cast_1 will be interpreted at conversion time
2026-04-23 01:13:28,332 - 283 - WARNING - Only numerical type cast is supported. The cast op: /model/layers.30/input_layernorm/Cast will be interpreted at conversion time
2026-04-23 01:13:28,332 - 283 - WARNING - Only numerical type cast is supported. The cast op: /model/layers.30/input_layernorm/Cast_1 will be interpreted at conversion time
2026-04-23 01:13:28,332 - 283 - WARNING - Only numerical type cast is supported. The cast op: /model/layers.30/self_attn/q_norm/Cast will be interpreted at conversion time
2026-04-23 01:13:28,350 - 283 - WARNING - Only numerical type cast is supported. The cast op: /model/layers.30/self_attn/q_norm/Cast_1 will be interpreted at conversion time
2026-04-23 01:13:28,351 - 283 - WARNING - Only numerical type cast is supported. The cast op: /model/layers.30/self_attn/k_norm/Cast will be interpreted at conversion time
2026-04-23 01:13:28,351 - 283 - WARNING - Only numerical type cast is supported. The cast op: /model/layers.30/self_attn/k_norm/Cast_1 will be interpreted at conversion time
2026-04-23 01:13:28,364 - 283 - WARNING - Only numerical type cast is supported. The cast op: /model/layers.30/self_attn/Cast will be interpreted at conversion time
2026-04-23 01:13:28,364 - 283 - WARNING - Only numerical type cast is supported. The cast op: /model/layers.30/self_attn/Cast_1 will be interpreted at conversion time
2026-04-23 01:13:28,364 - 283 - WARNING - Only numerical type cast is supported. The cast op: /model/layers.30/self_attn/Cast_2 will be interpreted at conversion time
2026-04-23 01:13:28,364 - 283 - WARNING - Only numerical type cast is supported. The cast op: /model/layers.30/self_attn/Cast_3 will be interpreted at conversion time
2026-04-23 01:13:28,382 - 278 - INFO - INFO_STATIC_RESHAPE: Applying static reshape to /model/layers.30/self_attn/Concat_7_output_0: new name /model/layers.30/self_attn/Reshape_3_output_0 new shape [-1]
2026-04-23 01:13:28,389 - 278 - INFO - INFO_STATIC_RESHAPE: Applying static reshape to /model/layers.30/self_attn/Concat_9_output_0: new name /model/layers.30/self_attn/Reshape_5_output_0 new shape [-1]
2026-04-23 01:13:28,396 - 283 - WARNING - Only numerical type cast is supported. The cast op: /model/layers.30/post_attention_layernorm/Cast will be interpreted at conversion time
2026-04-23 01:13:28,396 - 283 - WARNING - Only numerical type cast is supported. The cast op: /model/layers.30/post_attention_layernorm/Cast_1 will be interpreted at conversion time
2026-04-23 01:13:28,412 - 283 - WARNING - Only numerical type cast is supported. The cast op: /model/layers.31/input_layernorm/Cast will be interpreted at conversion time
2026-04-23 01:13:28,412 - 283 - WARNING - Only numerical type cast is supported. The cast op: /model/layers.31/input_layernorm/Cast_1 will be interpreted at conversion time
2026-04-23 01:13:28,412 - 283 - WARNING - Only numerical type cast is supported. The cast op: /model/layers.31/self_attn/q_norm/Cast will be interpreted at conversion time
2026-04-23 01:13:28,429 - 283 - WARNING - Only numerical type cast is supported. The cast op: /model/layers.31/self_attn/q_norm/Cast_1 will be interpreted at conversion time
2026-04-23 01:13:28,429 - 283 - WARNING - Only numerical type cast is supported. The cast op: /model/layers.31/self_attn/k_norm/Cast will be interpreted at conversion time
2026-04-23 01:13:28,429 - 283 - WARNING - Only numerical type cast is supported. The cast op: /model/layers.31/self_attn/k_norm/Cast_1 will be interpreted at conversion time
2026-04-23 01:13:28,444 - 283 - WARNING - Only numerical type cast is supported. The cast op: /model/layers.31/self_attn/Cast will be interpreted at conversion time
2026-04-23 01:13:28,444 - 283 - WARNING - Only numerical type cast is supported. The cast op: /model/layers.31/self_attn/Cast_1 will be interpreted at conversion time
2026-04-23 01:13:28,444 - 283 - WARNING - Only numerical type cast is supported. The cast op: /model/layers.31/self_attn/Cast_2 will be interpreted at conversion time
2026-04-23 01:13:28,444 - 283 - WARNING - Only numerical type cast is supported. The cast op: /model/layers.31/self_attn/Cast_3 will be interpreted at conversion time
2026-04-23 01:13:28,460 - 278 - INFO - INFO_STATIC_RESHAPE: Applying static reshape to /model/layers.31/self_attn/Concat_7_output_0: new name /model/layers.31/self_attn/Reshape_3_output_0 new shape [-1]
2026-04-23 01:13:28,460 - 278 - INFO - INFO_STATIC_RESHAPE: Applying static reshape to /model/layers.31/self_attn/Concat_9_output_0: new name /model/layers.31/self_attn/Reshape_5_output_0 new shape [-1]
2026-04-23 01:13:28,476 - 283 - WARNING - Only numerical type cast is supported. The cast op: /model/layers.31/post_attention_layernorm/Cast will be interpreted at conversion time
2026-04-23 01:13:28,492 - 283 - WARNING - Only numerical type cast is supported. The cast op: /model/layers.31/post_attention_layernorm/Cast_1 will be interpreted at conversion time
2026-04-23 01:13:28,499 - 283 - WARNING - Only numerical type cast is supported. The cast op: /model/layers.32/input_layernorm/Cast will be interpreted at conversion time
2026-04-23 01:13:28,504 - 283 - WARNING - Only numerical type cast is supported. The cast op: /model/layers.32/input_layernorm/Cast_1 will be interpreted at conversion time
2026-04-23 01:13:28,508 - 283 - WARNING - Only numerical type cast is supported. The cast op: /model/layers.32/self_attn/q_norm/Cast will be interpreted at conversion time
2026-04-23 01:13:28,508 - 283 - WARNING - Only numerical type cast is supported. The cast op: /model/layers.32/self_attn/q_norm/Cast_1 will be interpreted at conversion time
2026-04-23 01:13:28,508 - 283 - WARNING - Only numerical type cast is supported. The cast op: /model/layers.32/self_attn/k_norm/Cast will be interpreted at conversion time
2026-04-23 01:13:28,524 - 283 - WARNING - Only numerical type cast is supported. The cast op: /model/layers.32/self_attn/k_norm/Cast_1 will be interpreted at conversion time
2026-04-23 01:13:28,529 - 283 - WARNING - Only numerical type cast is supported. The cast op: /model/layers.32/self_attn/Cast will be interpreted at conversion time
2026-04-23 01:13:28,529 - 283 - WARNING - Only numerical type cast is supported. The cast op: /model/layers.32/self_attn/Cast_1 will be interpreted at conversion time
2026-04-23 01:13:28,529 - 283 - WARNING - Only numerical type cast is supported. The cast op: /model/layers.32/self_attn/Cast_2 will be interpreted at conversion time
2026-04-23 01:13:28,529 - 283 - WARNING - Only numerical type cast is supported. The cast op: /model/layers.32/self_attn/Cast_3 will be interpreted at conversion time
2026-04-23 01:13:28,539 - 278 - INFO - INFO_STATIC_RESHAPE: Applying static reshape to /model/layers.32/self_attn/Concat_7_output_0: new name /model/layers.32/self_attn/Reshape_3_output_0 new shape [-1]
2026-04-23 01:13:28,539 - 278 - INFO - INFO_STATIC_RESHAPE: Applying static reshape to /model/layers.32/self_attn/Concat_9_output_0: new name /model/layers.32/self_attn/Reshape_5_output_0 new shape [-1]
2026-04-23 01:13:28,555 - 283 - WARNING - Only numerical type cast is supported. The cast op: /model/layers.32/post_attention_layernorm/Cast will be interpreted at conversion time
2026-04-23 01:13:28,573 - 283 - WARNING - Only numerical type cast is supported. The cast op: /model/layers.32/post_attention_layernorm/Cast_1 will be interpreted at conversion time
2026-04-23 01:13:28,580 - 283 - WARNING - Only numerical type cast is supported. The cast op: /model/layers.33/input_layernorm/Cast will be interpreted at conversion time
2026-04-23 01:13:28,585 - 283 - WARNING - Only numerical type cast is supported. The cast op: /model/layers.33/input_layernorm/Cast_1 will be interpreted at conversion time
2026-04-23 01:13:28,590 - 283 - WARNING - Only numerical type cast is supported. The cast op: /model/layers.33/self_attn/q_norm/Cast will be interpreted at conversion time
2026-04-23 01:13:28,595 - 283 - WARNING - Only numerical type cast is supported. The cast op: /model/layers.33/self_attn/q_norm/Cast_1 will be interpreted at conversion time
2026-04-23 01:13:28,599 - 283 - WARNING - Only numerical type cast is supported. The cast op: /model/layers.33/self_attn/k_norm/Cast will be interpreted at conversion time
2026-04-23 01:13:28,604 - 283 - WARNING - Only numerical type cast is supported. The cast op: /model/layers.33/self_attn/k_norm/Cast_1 will be interpreted at conversion time
2026-04-23 01:13:28,611 - 283 - WARNING - Only numerical type cast is supported. The cast op: /model/layers.33/self_attn/Cast will be interpreted at conversion time
2026-04-23 01:13:28,611 - 283 - WARNING - Only numerical type cast is supported. The cast op: /model/layers.33/self_attn/Cast_1 will be interpreted at conversion time
2026-04-23 01:13:28,618 - 283 - WARNING - Only numerical type cast is supported. The cast op: /model/layers.33/self_attn/Cast_2 will be interpreted at conversion time
2026-04-23 01:13:28,618 - 283 - WARNING - Only numerical type cast is supported. The cast op: /model/layers.33/self_attn/Cast_3 will be interpreted at conversion time
2026-04-23 01:13:28,627 - 278 - INFO - INFO_STATIC_RESHAPE: Applying static reshape to /model/layers.33/self_attn/Concat_7_output_0: new name /model/layers.33/self_attn/Reshape_3_output_0 new shape [-1]
2026-04-23 01:13:28,634 - 278 - INFO - INFO_STATIC_RESHAPE: Applying static reshape to /model/layers.33/self_attn/Concat_9_output_0: new name /model/layers.33/self_attn/Reshape_5_output_0 new shape [-1]
2026-04-23 01:13:28,648 - 283 - WARNING - Only numerical type cast is supported. The cast op: /model/layers.33/post_attention_layernorm/Cast will be interpreted at conversion time
2026-04-23 01:13:28,653 - 283 - WARNING - Only numerical type cast is supported. The cast op: /model/layers.33/post_attention_layernorm/Cast_1 will be interpreted at conversion time
2026-04-23 01:13:28,660 - 283 - WARNING - Only numerical type cast is supported. The cast op: /model/layers.34/input_layernorm/Cast will be interpreted at conversion time
2026-04-23 01:13:28,665 - 283 - WARNING - Only numerical type cast is supported. The cast op: /model/layers.34/input_layernorm/Cast_1 will be interpreted at conversion time
2026-04-23 01:13:28,670 - 283 - WARNING - Only numerical type cast is supported. The cast op: /model/layers.34/self_attn/q_norm/Cast will be interpreted at conversion time
2026-04-23 01:13:28,676 - 283 - WARNING - Only numerical type cast is supported. The cast op: /model/layers.34/self_attn/q_norm/Cast_1 will be interpreted at conversion time
2026-04-23 01:13:28,679 - 283 - WARNING - Only numerical type cast is supported. The cast op: /model/layers.34/self_attn/k_norm/Cast will be interpreted at conversion time
2026-04-23 01:13:28,684 - 283 - WARNING - Only numerical type cast is supported. The cast op: /model/layers.34/self_attn/k_norm/Cast_1 will be interpreted at conversion time
2026-04-23 01:13:28,691 - 283 - WARNING - Only numerical type cast is supported. The cast op: /model/layers.34/self_attn/Cast will be interpreted at conversion time
2026-04-23 01:13:28,691 - 283 - WARNING - Only numerical type cast is supported. The cast op: /model/layers.34/self_attn/Cast_1 will be interpreted at conversion time
2026-04-23 01:13:28,698 - 283 - WARNING - Only numerical type cast is supported. The cast op: /model/layers.34/self_attn/Cast_2 will be interpreted at conversion time
2026-04-23 01:13:28,698 - 283 - WARNING - Only numerical type cast is supported. The cast op: /model/layers.34/self_attn/Cast_3 will be interpreted at conversion time
2026-04-23 01:13:28,709 - 278 - INFO - INFO_STATIC_RESHAPE: Applying static reshape to /model/layers.34/self_attn/Concat_7_output_0: new name /model/layers.34/self_attn/Reshape_3_output_0 new shape [-1]
2026-04-23 01:13:28,714 - 278 - INFO - INFO_STATIC_RESHAPE: Applying static reshape to /model/layers.34/self_attn/Concat_9_output_0: new name /model/layers.34/self_attn/Reshape_5_output_0 new shape [-1]
2026-04-23 01:13:28,730 - 283 - WARNING - Only numerical type cast is supported. The cast op: /model/layers.34/post_attention_layernorm/Cast will be interpreted at conversion time
2026-04-23 01:13:28,736 - 283 - WARNING - Only numerical type cast is supported. The cast op: /model/layers.34/post_attention_layernorm/Cast_1 will be interpreted at conversion time
2026-04-23 01:13:28,738 - 283 - WARNING - Only numerical type cast is supported. The cast op: /model/layers.35/input_layernorm/Cast will be interpreted at conversion time
2026-04-23 01:13:28,748 - 283 - WARNING - Only numerical type cast is supported. The cast op: /model/layers.35/input_layernorm/Cast_1 will be interpreted at conversion time
2026-04-23 01:13:28,753 - 283 - WARNING - Only numerical type cast is supported. The cast op: /model/layers.35/self_attn/q_norm/Cast will be interpreted at conversion time
2026-04-23 01:13:28,758 - 283 - WARNING - Only numerical type cast is supported. The cast op: /model/layers.35/self_attn/q_norm/Cast_1 will be interpreted at conversion time
2026-04-23 01:13:28,763 - 283 - WARNING - Only numerical type cast is supported. The cast op: /model/layers.35/self_attn/k_norm/Cast will be interpreted at conversion time
2026-04-23 01:13:28,767 - 283 - WARNING - Only numerical type cast is supported. The cast op: /model/layers.35/self_attn/k_norm/Cast_1 will be interpreted at conversion time
2026-04-23 01:13:28,775 - 283 - WARNING - Only numerical type cast is supported. The cast op: /model/layers.35/self_attn/Cast will be interpreted at conversion time
2026-04-23 01:13:28,775 - 283 - WARNING - Only numerical type cast is supported. The cast op: /model/layers.35/self_attn/Cast_1 will be interpreted at conversion time
2026-04-23 01:13:28,782 - 283 - WARNING - Only numerical type cast is supported. The cast op: /model/layers.35/self_attn/Cast_2 will be interpreted at conversion time
2026-04-23 01:13:28,782 - 283 - WARNING - Only numerical type cast is supported. The cast op: /model/layers.35/self_attn/Cast_3 will be interpreted at conversion time
2026-04-23 01:13:28,791 - 278 - INFO - INFO_STATIC_RESHAPE: Applying static reshape to /model/layers.35/self_attn/Concat_7_output_0: new name /model/layers.35/self_attn/Reshape_3_output_0 new shape [-1]
2026-04-23 01:13:28,791 - 278 - INFO - INFO_STATIC_RESHAPE: Applying static reshape to /model/layers.35/self_attn/Concat_9_output_0: new name /model/layers.35/self_attn/Reshape_5_output_0 new shape [-1]
2026-04-23 01:13:28,814 - 283 - WARNING - Only numerical type cast is supported. The cast op: /model/layers.35/post_attention_layernorm/Cast will be interpreted at conversion time
2026-04-23 01:13:28,819 - 283 - WARNING - Only numerical type cast is supported. The cast op: /model/layers.35/post_attention_layernorm/Cast_1 will be interpreted at conversion time
2026-04-23 01:13:28,824 - 283 - WARNING - Only numerical type cast is supported. The cast op: /model/norm/Cast will be interpreted at conversion time
2026-04-23 01:13:28,829 - 283 - WARNING - Only numerical type cast is supported. The cast op: /model/norm/Cast_1 will be interpreted at conversion time
C:\Qualcomm\AIStack\QAIRT\2.45.40.260406\lib\python\qti\aisw\converters\common\converter_ir\op_graph.py:1390: RuntimeWarning: overflow encountered in scalar add
  self.total_params_count += node.op.params_count
2026-04-23 01:14:04,461 - 278 - INFO - INFO_INITIALIZATION_SUCCESS: 
modeltools::iroptimizer::removeIdentity::handleReshapeOp: Squash Reshape Op: /lm_head/MatMul_post_reshape_identity due to IdentityOp. Input shape: IrTensorShape(dims = [1,1,151936] , dy_axes=[]), shape after IrTensorShape(dims = [1,1,151936] , dy_axes=[])

modeltools::IrGraph::reEvalMacsParams: Re-evaluated graph statistics after IrOptimizer optimization passes:
modeltools::IrGraph::reEvalMacsParams: Total MACs: 4142761984
modeltools::IrGraph::reEvalMacsParams: Total Params Count: 4022272000
2026-04-23 01:14:34,772 - 278 - INFO - INFO_CONVERSION_SUCCESS: Conversion completed successfully
2026-04-23 01:14:34,835 - 278 - INFO - INFO_WRITE_SUCCESS: 
