qnn-context-binary-generator pid:35268
 <W> Initializing HtpProvider
Starting stage: Graph Preparation Initializing
Completed stage: Graph Preparation Initializing (271 us)
Starting stage: Graph Optimizations
Completed stage: Graph Optimizations (1192 us)
Starting stage: Post Graph Optimization
Completed stage: Post Graph Optimization (425 us)
Starting stage: Graph Sequencing for Target
Completed stage: Graph Sequencing for Target (537 us)
Starting stage: VTCM Allocation
Completed stage: VTCM Allocation (66 us)
Starting stage: Parallelization Optimization
Completed stage: Parallelization Optimization (1735 us)
Starting stage: Finalizing Graph Sequence

====== DDR bandwidth summary ======
spill_bytes=0
fill_bytes=0
write_total_bytes=6144
read_total_bytes=6144

Completed stage: Finalizing Graph Sequence (132756 us)
Starting stage: Completion
Completed stage: Completion (29 us)
