qnn-context-binary-generator pid:8528
 <W> Initializing HtpProvider
    19.8ms [ ERROR ] WindowsFileIO couldn't open libcdsprpc.dll
Starting stage: Graph Preparation Initializing
Completed stage: Graph Preparation Initializing (131 us)
Starting stage: Graph Optimizations
Completed stage: Graph Optimizations (20889191 us)
Starting stage: Post Graph Optimization
Completed stage: Post Graph Optimization (60411 us)
Starting stage: Graph Sequencing for Target
 [                                                  ]   0% [##################################################] 100%
Completed stage: Graph Sequencing for Target (2267923 us)
Starting stage: VTCM Allocation
Completed stage: VTCM Allocation (136199 us)
Starting stage: Parallelization Optimization
Completed stage: Parallelization Optimization (27777 us)
Starting stage: Finalizing Graph Sequence

====== DDR bandwidth summary ======
spill_bytes=0
fill_bytes=0
write_total_bytes=29665280
read_total_bytes=337969152

Completed stage: Finalizing Graph Sequence (43199 us)
Starting stage: Completion
Completed stage: Completion (2445 us)
