qnn-context-binary-generator pid:18540
 <W> Initializing HtpProvider
    20.4ms [ ERROR ] WindowsFileIO couldn't open libcdsprpc.dll
Starting stage: Graph Preparation Initializing
Completed stage: Graph Preparation Initializing (146 us)
Starting stage: Graph Optimizations
Completed stage: Graph Optimizations (21262163 us)
Starting stage: Post Graph Optimization
Completed stage: Post Graph Optimization (60799 us)
Starting stage: Graph Sequencing for Target
 [                                                  ]   0% [##################################################] 100%
Completed stage: Graph Sequencing for Target (2338243 us)
Starting stage: VTCM Allocation
Completed stage: VTCM Allocation (137108 us)
Starting stage: Parallelization Optimization
Completed stage: Parallelization Optimization (28309 us)
Starting stage: Finalizing Graph Sequence

====== DDR bandwidth summary ======
spill_bytes=0
fill_bytes=0
write_total_bytes=29665280
read_total_bytes=337969152

Completed stage: Finalizing Graph Sequence (43196 us)
Starting stage: Completion
Completed stage: Completion (2567 us)
