[2026-04-21T04:09:04.960+00:00] [INFO] Compiling model ID mq8gj7rzm
[2026-04-21T04:09:04.960+00:00] [INFO] [compile-pre-compile] Memory: 3.5GiB / 40.0GiB (9%) | working_set: 648.0MiB | peak: 6.9GiB
[2026-04-21T04:09:05.683+00:00] [INFO] Memory: 4.1GiB / 40.0GiB (10%) | working_set: 1.8GiB | peak: 6.9GiB
[2026-04-21T04:09:12.839+00:00] [INFO] -=- Converting ONNX graph: decompose GeLU layers -=-
[2026-04-21T04:09:13.249+00:00] [INFO] Applying ONNX IR shape inference
[2026-04-21T04:09:14.918+00:00] [INFO] Applying ONNX IR rewriter with rules
[2026-04-21T04:09:21.216+00:00] [INFO] Ran 36 passes, 6 triggered
[2026-04-21T04:09:21.217+00:00] [INFO] Passes triggered:
[2026-04-21T04:09:21.243+00:00] [INFO] +------------------------------------+----------+
[2026-04-21T04:09:21.243+00:00] [INFO] | Pass Name                          | Triggers |
[2026-04-21T04:09:21.243+00:00] [INFO] +------------------------------------+----------+
[2026-04-21T04:09:21.243+00:00] [INFO] | OverrideFoldConstantsPass          |        2 |
[2026-04-21T04:09:21.243+00:00] [INFO] | RewritePass                        |        1 |
[2026-04-21T04:09:21.243+00:00] [INFO] | RemoveUnusedOpsetsPass             |        1 |
[2026-04-21T04:09:21.243+00:00] [INFO] | DeduplicateInitializersPass        |        1 |
[2026-04-21T04:09:21.243+00:00] [INFO] | CommonSubexpressionEliminationPass |        1 |
[2026-04-21T04:09:21.243+00:00] [INFO] +------------------------------------+----------+
[2026-04-21T04:09:21.247+00:00] [INFO] Model metrics comparison:
[2026-04-21T04:09:21.248+00:00] [INFO] +------------+--------+--------+----------+
[2026-04-21T04:09:21.248+00:00] [INFO] | Metric     | Before |  After |    Delta |
[2026-04-21T04:09:21.248+00:00] [INFO] +------------+--------+--------+----------+
[2026-04-21T04:09:21.248+00:00] [INFO] | Op count   |   2185 |   2125 |      [32m-60[0m |
[2026-04-21T04:09:21.248+00:00] [INFO] | Model size | 2.8GiB | 2.8GiB | [32m-13.8KiB[0m |
[2026-04-21T04:09:21.248+00:00] [INFO] | Add        |    254 |    253 |       [32m-1[0m |
[2026-04-21T04:09:21.248+00:00] [INFO] | And        |      1 |      1 |       +0 |
[2026-04-21T04:09:21.248+00:00] [INFO] | Cast       |      5 |      4 |       [32m-1[0m |
[2026-04-21T04:09:21.248+00:00] [INFO] | Concat     |    113 |    113 |       +0 |
[2026-04-21T04:09:21.248+00:00] [INFO] | Cos        |      1 |      1 |       +0 |
[2026-04-21T04:09:21.249+00:00] [INFO] | Div        |    113 |    113 |       +0 |
[2026-04-21T04:09:21.249+00:00] [INFO] | Expand     |     56 |     56 |       +0 |
[2026-04-21T04:09:21.249+00:00] [INFO] | Flatten    |      1 |      0 |       [32m-1[0m |
[2026-04-21T04:09:21.249+00:00] [INFO] | Gather     |      3 |      2 |       [32m-1[0m |
[2026-04-21T04:09:21.249+00:00] [INFO] | IsNaN      |     28 |     28 |       +0 |
[2026-04-21T04:09:21.249+00:00] [INFO] | MatMul     |    254 |    254 |       +0 |
[2026-04-21T04:09:21.249+00:00] [INFO] | Mul        |    338 |    337 |       [32m-1[0m |
[2026-04-21T04:09:21.249+00:00] [INFO] | Neg        |     56 |     56 |       +0 |
[2026-04-21T04:09:21.249+00:00] [INFO] | Pow        |    113 |    113 |       +0 |
[2026-04-21T04:09:21.249+00:00] [INFO] | ReduceMean |    113 |    113 |       +0 |
[2026-04-21T04:09:21.249+00:00] [INFO] | Reshape    |    169 |    170 |       [31m+1[0m |
[2026-04-21T04:09:21.249+00:00] [INFO] | Shape      |      1 |      0 |       [32m-1[0m |
[2026-04-21T04:09:21.249+00:00] [INFO] | Sigmoid    |     28 |     28 |       +0 |
[2026-04-21T04:09:21.249+00:00] [INFO] | Sin        |      1 |      1 |       +0 |
[2026-04-21T04:09:21.249+00:00] [INFO] | Slice      |    140 |    112 |      [32m-28[0m |
[2026-04-21T04:09:21.249+00:00] [INFO] | Softmax    |     28 |     28 |       +0 |
[2026-04-21T04:09:21.249+00:00] [INFO] | Sqrt       |    113 |    113 |       +0 |
[2026-04-21T04:09:21.249+00:00] [INFO] | Transpose  |    141 |    141 |       +0 |
[2026-04-21T04:09:21.250+00:00] [INFO] | Unsqueeze  |     59 |     59 |       +0 |
[2026-04-21T04:09:21.250+00:00] [INFO] | Where      |     56 |     29 |      [32m-27[0m |
[2026-04-21T04:09:21.250+00:00] [INFO] +------------+--------+--------+----------+
[2026-04-21T04:10:05.744+00:00] [INFO] Memory: 12.9GiB / 40.0GiB (32%) | working_set: 10.7GiB | peak: 16.2GiB
[2026-04-21T04:10:37.784+00:00] [INFO] Saving model
[2026-04-21T04:10:38.166+00:00] [INFO] Uploading asset to https://tetrahub-qprod-userdata.s3.amazonaws.com/models/mqk2659wq_yMLtrX8sHq0zRG3T.onnx.zip?uploadId=wE8zdUahNoNPl9QYot.7kYfB9YKLXLzIAeC0IscHzPQFmQYZ7xt5T9yK1Uuk4QLEh7kgIriRahctmEwy0Ws1d737NABu5c976lEcKrvT0BLAz.1kf.oCtDVrYTPD8Abx&partNumber=1&AWSAccessKeyId=AKIAY25OF7UJU4ZXEREI&Signature=GoI3hbPTNwm
[2026-04-21T04:10:53.613+00:00] [INFO] Successfully uploaded asset with response status: 200
[2026-04-21T04:10:53.613+00:00] [INFO] Uploading asset to https://tetrahub-qprod-userdata.s3.amazonaws.com/models/mqk2659wq_yMLtrX8sHq0zRG3T.onnx.zip?uploadId=wE8zdUahNoNPl9QYot.7kYfB9YKLXLzIAeC0IscHzPQFmQYZ7xt5T9yK1Uuk4QLEh7kgIriRahctmEwy0Ws1d737NABu5c976lEcKrvT0BLAz.1kf.oCtDVrYTPD8Abx&partNumber=2&AWSAccessKeyId=AKIAY25OF7UJU4ZXEREI&Signature=NXmkNSz%2BE
[2026-04-21T04:10:57.911+00:00] [INFO] Successfully uploaded asset with response status: 200
[2026-04-21T04:11:01.018+00:00] [INFO] Uploading asset to https://tetrahub-qprod-userdata.s3-accelerate.amazonaws.com/
[2026-04-21T04:11:01.126+00:00] [INFO] Successfully uploaded asset with response status: 204
[2026-04-21T04:11:01.126+00:00] [INFO] Successfully computed visualization graph for mqk2659wq
[2026-04-21T04:11:01.371+00:00] [INFO] =================================== Run compile_to_qnn_dlc =================================== 
[2026-04-21T04:11:01.405+00:00] [INFO] Applying HTP-specific optimizations
[2026-04-21T04:11:07.994+00:00] [INFO] -=- ONNX to QNN DLC (qairt-converter) -=-
[2026-04-21T04:11:07.994+00:00] [INFO] Running /tetra/qairt_env/default/2.45.0/bin/python3 /qairt_sdk/default/2.45.0/bin/x86_64-linux-clang/qairt-converter --input_network /tmp/tmpkbtqr83x/tmpwatnnrum.onnx --output_path /tmp/tmpkbtqr83x/graph_51zow8i9.dlc --preserve_io_datatype past_key_values.0.key past_key_values.0.value past_key_values.1.key past_key_values.1.value past_key_values.2.key past_key_values.2.value past_key_values.3.key past_key_values.3.value past_key_values.4.key past_key_values.4.value past_key_values.5.key past_key_values.5.value past_key_values.6.key past_key_values.6.value past_key_values.7.key past_key_values.7.value past_key_values.8.key past_key_values.8.value past_key_values.9.key past_key_values.9.value past_key_values.10.key past_key_values.10.value past_key_values.11.key past_key_values.11.value past_key_values.12.key past_key_values.12.value past_key_values.13.key past_key_values.13.value past_key_values.14.key past_key_values.14.value past_key_values.15.key past_key_values.15.value past_key_values.16.key past_key_values.16.value past_key_values.17.key past_key_values.17.value past_key_values.18.key past_key_values.18.value past_key_values.19.key past_key_values.19.value past_key_values.20.key past_key_values.20.value past_key_values.21.key past_key_values.21.value past_key_values.22.key past_key_values.22.value past_key_values.23.key past_key_values.23.value past_key_values.24.key past_key_values.24.value past_key_values.25.key past_key_values.25.value past_key_values.26.key past_key_values.26.value past_key_values.27.key past_key_values.27.value output_0 output_1 output_2 output_3 output_4 output_5 output_6 output_7 output_8 output_9 output_10 output_11 output_12 output_13 output_14 output_15 output_16 output_17 output_18 output_19 output_20 output_21 output_22 output_23 output_24 output_25 output_26 output_27 output_28 output_29 output_30 output_31 output_32 output_33 output_34 output_35 output_36 output_37 output_38 output_39 output_40 output_41 output_42 output_43 output_44 output_45 output_46 output_47 output_48 output_49 output_50 output_51 output_52 output_53 output_54 output_55 output_56 --preserve_io_datatype past_key_values.0.key past_key_values.0.value past_key_values.1.key past_key_values.1.value past_key_values.2.key past_key_values.2.value past_key_values.3.key past_key_values.3.value past_key_values.4.key past_key_values.4.value past_key_values.5.key past_key_values.5.value past_key_values.6.key past_key_values.6.value past_key_values.7.key past_key_values.7.value past_key_values.8.key past_key_values.8.value past_key_values.9.key past_key_values.9.value past_key_values.10.key past_key_values.10.value past_key_values.11.key past_key_values.11.value past_key_values.12.key past_key_values.12.value past_key_values.13.key past_key_values.13.value past_key_values.14.key past_key_values.14.value past_key_values.15.key past_key_values.15.value past_key_values.16.key past_key_values.16.value past_key_values.17.key past_key_values.17.value past_key_values.18.key past_key_values.18.value past_key_values.19.key past_key_values.19.value past_key_values.20.key past_key_values.20.value past_key_values.21.key past_key_values.21.value past_key_values.22.key past_key_values.22.value past_key_values.23.key past_key_values.23.value past_key_values.24.key past_key_values.24.value past_key_values.25.key past_key_values.25.value past_key_values.26.key past_key_values.26.value past_key_values.27.key past_key_values.27.value output_0 output_1 output_2 output_3 output_4 output_5 output_6 output_7 output_8 output_9 output_10 output_11 output_12 output_13 output_14 output_15 output_16 output_17 output_18 output_19 output_20 output_21 output_22 output_23 output_24 output_25 output_26 output_27 output_28 output_29 output_30 output_31 output_32 output_33 output_34 output_35 output_36 output_37 output_38 output_39 output_40 output_41 output_42 output_43 output_44 output_45 output_46 output_47 output_48 output_49 output_50 output_51 output_52 output_53 output_54 output_55 output_56 --float_bitwidth 16 --preserve_onnx_output_order
[2026-04-21T04:11:08.729+00:00] [INFO] 2026-04-21 04:11:08,729 - 278 - INFO - INFO_INITIALIZATION_SUCCESS: 
[2026-04-21T04:11:08.926+00:00] [INFO] 2026-04-21 04:11:08,926 - 283 - WARNING - Unable to register converter supported Operation [Inverse:Version 1] with your Onnx installation. Converter will bail if Model contains this Op.
[2026-04-21T04:11:08.932+00:00] [INFO] 2026-04-21 04:11:08,932 - 283 - WARNING - Unable to register converter supported Operation [RMSNormalization:Version 23] with your Onnx installation. Converter will bail if Model contains this Op.
[2026-04-21T04:11:08.939+00:00] [INFO] 2026-04-21 04:11:08,939 - 283 - WARNING - Unable to register converter supported Operation [RotaryEmbedding:Version 23] with your Onnx installation. Converter will bail if Model contains this Op.
[2026-04-21T04:11:09.113+00:00] [INFO] 2026-04-21 04:11:09,113 - 283 - WARNING - --desired_input_shape and -d are deprecated. Use --source_model_input_shape or -s for achieving this functionality
[2026-04-21T04:11:09.113+00:00] [INFO] 2026-04-21 04:11:09,113 - 278 - INFO - Input shape info 
[2026-04-21T04:11:10.655+00:00] [INFO] 2026-04-21 04:11:10,655 - 283 - WARNING - Symbolic shape inference Failed. Exception: Onnxruntime package not found in current environment. Symbolic Shape Inference will be skipped.. Running normal shape inference.
[2026-04-21T04:11:11.214+00:00] [INFO] 2026-04-21 04:11:11,214 - 283 - WARNING - Onnx model simplification failed due to: No module named 'onnxsim'
[2026-04-21T04:11:11.214+00:00] [INFO] 2026-04-21 04:11:11,214 - 283 - WARNING - Simplified model validation failed
[2026-04-21T04:11:11.467+00:00] [INFO] 2026-04-21 04:11:11,467 - 283 - WARNING - Onnx model simplification failed due to: No module named 'onnxsim'
[2026-04-21T04:11:11.468+00:00] [INFO] 2026-04-21 04:11:11,467 - 283 - WARNING - Simplified model validation failed
[2026-04-21T04:11:11.569+00:00] [INFO] 2026-04-21 04:11:11,569 - 283 - WARNING - Only numerical type cast is supported. The cast op: /model/Cast_2 will be interpreted at conversion time
[2026-04-21T04:11:11.572+00:00] [INFO] 2026-04-21 04:11:11,572 - 283 - WARNING - Only numerical type cast is supported. The cast op: model_Gather_5_cast_data_bool_to_int8 will be interpreted at conversion time
[2026-04-21T04:11:11.573+00:00] [INFO] 2026-04-21 04:11:11,573 - 283 - WARNING - Only numerical type cast is supported. The cast op: model_Gather_5_cast_out_int8_to_bool will be interpreted at conversion time
[2026-04-21T04:11:11.816+00:00] [INFO] 2026-04-21 04:11:11,816 - 283 - WARNING - Only numerical type cast is supported. The cast op: /model/rotary_emb/Cast_1 will be interpreted at conversion time
[2026-04-21T04:11:14.536+00:00] [INFO] 2026-04-21 04:11:14,536 - 283 - WARNING - Unused Input nodes found: []
[2026-04-21T04:11:30.135+00:00] [INFO] 2026-04-21 04:11:30,135 - 278 - INFO - INFO_INITIALIZATION_SUCCESS: 
[2026-04-21T04:11:32.057+00:00] [INFO] handleReshapeOp: Squash Reshape Op: /lm_head/MatMul_post_reshape_identity due to IdentityOp. Input shape: IrTensorShape(dims = [1,1,151936] , dy_axes=[]), shape after IrTensorShape(dims = [1,1,151936] , dy_axes=[])
[2026-04-21T04:11:32.072+00:00] [INFO] reEvalMacsParams: Re-evaluated graph statistics after IrOptimizer optimization passes:
[2026-04-21T04:11:32.072+00:00] [INFO] reEvalMacsParams: Total MACs: 638362625
[2026-04-21T04:11:32.072+00:00] [INFO] reEvalMacsParams: Total Params Count: 595984384
[2026-04-21T04:11:34.642+00:00] [INFO] 2026-04-21 04:11:34,642 - 278 - INFO - INFO_CONVERSION_SUCCESS: Conversion completed successfully
[2026-04-21T04:11:49.489+00:00] [INFO] 2026-04-21 04:11:49,488 - 278 - INFO - INFO_WRITE_SUCCESS: 
[2026-04-21T04:11:50.209+00:00] [INFO] -=- Generating .json file from .dlc model (qairt-dlc-to-json) -=-
[2026-04-21T04:11:50.209+00:00] [INFO] Running /qairt_sdk/default/2.45.0/bin/x86_64-linux-clang/qairt-dlc-to-json -i /tmp/tmp9mtf76kr.dlc -o /tmp/tmpd8ag06kq.json
[2026-04-21T04:11:50.398+00:00] [INFO] Model Json saved at: /tmp/tmpd8ag06kq.json
[2026-04-21T04:11:50.576+00:00] [INFO] -=- Generating .json file from .dlc model (qairt-dlc-to-json) -=-
[2026-04-21T04:11:50.576+00:00] [INFO] Running /qairt_sdk/default/2.45.0/bin/x86_64-linux-clang/qairt-dlc-to-json -i /tmp/tmp9mtf76kr.dlc -o /tmp/tmp4ulw4y4_.json
[2026-04-21T04:11:50.756+00:00] [INFO] Model Json saved at: /tmp/tmp4ulw4y4_.json
[2026-04-21T04:11:50.802+00:00] [INFO] Saving model
[2026-04-21T04:11:51.171+00:00] [INFO] Uploading asset to https://tetrahub-qprod-userdata.s3.amazonaws.com/models/mnop72d9m_Mq5OKS1igj5Z6whb.dlc?uploadId=GA4RjreF2VmUCpUsZ2zitnfPoO7vCO4gpN0FiE9nJQ2RZ.qy7via2ZqEI7.yyW1Xbbk2PDZRLz3Dkr.DF7RNH5CIrUfqCEQztNLHPEtV1YVC4HvliIo4STU6vzlXpPu4&partNumber=1&AWSAccessKeyId=AKIAY25OF7UJU4ZXEREI&Signature=YN1F7hkBEeUSafEf
[2026-04-21T04:12:00.507+00:00] [INFO] Successfully uploaded asset with response status: 200
[2026-04-21T04:12:00.508+00:00] [INFO] Uploading asset to https://tetrahub-qprod-userdata.s3.amazonaws.com/models/mnop72d9m_Mq5OKS1igj5Z6whb.dlc?uploadId=GA4RjreF2VmUCpUsZ2zitnfPoO7vCO4gpN0FiE9nJQ2RZ.qy7via2ZqEI7.yyW1Xbbk2PDZRLz3Dkr.DF7RNH5CIrUfqCEQztNLHPEtV1YVC4HvliIo4STU6vzlXpPu4&partNumber=2&AWSAccessKeyId=AKIAY25OF7UJU4ZXEREI&Signature=gehNYCrGwhQCLpUh
[2026-04-21T04:12:04.303+00:00] [INFO] Successfully uploaded asset with response status: 200
[2026-04-21T04:12:04.603+00:00] [INFO] -=- Generating .json file from .dlc model (qairt-dlc-to-json) -=-
[2026-04-21T04:12:04.603+00:00] [INFO] Running /qairt_sdk/default/2.45.0/bin/x86_64-linux-clang/qairt-dlc-to-json -i /tmp/tmp9mtf76kr.dlc -o /tmp/tmpe3wp94o5.json
[2026-04-21T04:12:04.788+00:00] [INFO] Model Json saved at: /tmp/tmpe3wp94o5.json
[2026-04-21T04:12:05.087+00:00] [INFO] Uploading asset to https://tetrahub-qprod-userdata.s3-accelerate.amazonaws.com/
[2026-04-21T04:12:05.233+00:00] [INFO] Successfully uploaded asset with response status: 204
[2026-04-21T04:12:05.234+00:00] [INFO] Successfully computed visualization graph for mnop72d9m
[2026-04-21T04:12:05.234+00:00] [INFO] Graph name: graph_51zow8i9
[2026-04-21T04:12:05.236+00:00] [INFO] -=- QNN DLC models to QNN Context Binary (qnn-context-binary-generator) -=-
[2026-04-21T04:12:05.236+00:00] [INFO] Contents of HTP Settings: {'context': {'weight_sharing_enabled': False}, 'devices': [{'device_id': 0, 'dsp_arch': 'v81', 'soc_model': 88}], 'graphs': [{'fp16_relaxed_precision': 1, 'vtcm_mb': 0, 'O': 3.0, 'graph_names': ['graph_51zow8i9']}]}
[2026-04-21T04:12:05.236+00:00] [INFO] Contents of HTP Config file used: {'context_configs': {'enable_graphs': ['graph_51zow8i9']}, 'graph_configs': [{'graph_name': 'graph_51zow8i9'}], 'backend_extensions': {'shared_library_path': 'libQnnHtpNetRunExtensions.so', 'config_file_path': '/tmp/tmpbi1909la/htp_setting.json'}}
[2026-04-21T04:12:05.236+00:00] [INFO] Running /qairt_sdk/default/2.45.0/bin/x86_64-linux-clang/qnn-context-binary-generator --backend /qairt_sdk/default/2.45.0/lib/x86_64-linux-clang/libQnnHtp.so --dlc_path /tmp/tmp9mtf76kr.dlc --output_dir /tmp/tmpbi1909la --binary_file qnn_model --config_file /tmp/tmpbi1909la/htp_context.json --profiling_level detailed --profiling_option optrace
[2026-04-21T04:12:05.238+00:00] [INFO] qnn-context-binary-generator pid:68
[2026-04-21T04:12:05.330+00:00] [INFO]  <W> Initializing HtpProvider
[2026-04-21T04:12:05.331+00:00] [INFO]     91.5ms 
[2026-04-21T04:12:05.331+00:00] [INFO] [ ERROR ]  <E> Unsupported input/output datatypes requested for the HTP Op 'Cast' in the node 'model_Gather_5_cast_data_bool_to_int8'. There is a mismatch for the combination of inputs and outputs.
[2026-04-21T04:12:05.331+00:00] [INFO]     91.5ms 
[2026-04-21T04:12:05.331+00:00] [INFO] [ ERROR ]  <E> Requested I/O datatype set:
[2026-04-21T04:12:05.331+00:00] [INFO]    in[0]:QNN_DATATYPE_BOOL_8
[2026-04-21T04:12:05.331+00:00] [INFO]    out[0]:QNN_DATATYPE_INT_8
[2026-04-21T04:12:05.331+00:00] [INFO]     91.5ms 
[2026-04-21T04:12:05.331+00:00] [INFO] [ ERROR ]  <E> Supported I/O datatype sets for the configuration: BF16
[2026-04-21T04:12:05.331+00:00] [INFO]    1:
[2026-04-21T04:12:05.331+00:00] [INFO]    in[0]:QNN_DATATYPE_BFLOAT_16
[2026-04-21T04:12:05.331+00:00] [INFO]    out[0]:QNN_DATATYPE_BFLOAT_16
[2026-04-21T04:12:05.331+00:00] [INFO]    2:
[2026-04-21T04:12:05.331+00:00] [INFO]    in[0]:QNN_DATATYPE_BFLOAT_16
[2026-04-21T04:12:05.332+00:00] [INFO]    out[0]:QNN_DATATYPE_FLOAT_32
[2026-04-21T04:12:05.332+00:00] [INFO]    3:
[2026-04-21T04:12:05.332+00:00] [INFO]    in[0]:QNN_DATATYPE_FLOAT_32
[2026-04-21T04:12:05.332+00:00] [INFO]    out[0]:QNN_DATATYPE_BFLOAT_16
[2026-04-21T04:12:05.332+00:00] [INFO]     91.5ms 
[2026-04-21T04:12:05.332+00:00] [INFO] [ ERROR ]  <E> Supported I/O datatype sets for the configuration: FP16
[2026-04-21T04:12:05.332+00:00] [INFO]    1:
[2026-04-21T04:12:05.332+00:00] [INFO]    in[0]:QNN_DATATYPE_FLOAT_16
[2026-04-21T04:12:05.332+00:00] [INFO]    out[0]:QNN_DATATYPE_INT_32
[2026-04-21T04:12:05.332+00:00] [INFO]    2:
[2026-04-21T04:12:05.332+00:00] [INFO]    in[0]:QNN_DATATYPE_FLOAT_16
[2026-04-21T04:12:05.332+00:00] [INFO]    out[0]:QNN_DATATYPE_FLOAT_16
[2026-04-21T04:12:05.332+00:00] [INFO]    3:
[2026-04-21T04:12:05.332+00:00] [INFO]    in[0]:QNN_DATATYPE_FLOAT_16
[2026-04-21T04:12:05.332+00:00] [INFO]    out[0]:QNN_DATATYPE_FLOAT_32
[2026-04-21T04:12:05.333+00:00] [INFO]    4:
[2026-04-21T04:12:05.333+00:00] [INFO]    in[0]:QNN_DATATYPE_FLOAT_32
[2026-04-21T04:12:05.333+00:00] [INFO]    out[0]:QNN_DATATYPE_FLOAT_16
[2026-04-21T04:12:05.333+00:00] [INFO]     91.5ms 
[2026-04-21T04:12:05.333+00:00] [INFO] [ ERROR ]  <E> Supported I/O datatype sets for the configuration: INT16
[2026-04-21T04:12:05.333+00:00] [INFO]    1:
[2026-04-21T04:12:05.333+00:00] [INFO]    in[0]:QNN_DATATYPE_UFIXED_POINT_16
[2026-04-21T04:12:05.333+00:00] [INFO]    out[0]:QNN_DATATYPE_UINT_8
[2026-04-21T04:12:05.333+00:00] [INFO]    2:
[2026-04-21T04:12:05.333+00:00] [INFO]    in[0]:QNN_DATATYPE_UFIXED_POINT_16
[2026-04-21T04:12:05.333+00:00] [INFO]    out[0]:QNN_DATATYPE_UFIXED_POINT_8
[2026-04-21T04:12:05.334+00:00] [INFO]    3:
[2026-04-21T04:12:05.334+00:00] [INFO]    in[0]:QNN_DATATYPE_UFIXED_POINT_16
[2026-04-21T04:12:05.334+00:00] [INFO]    out[0]:QNN_DATATYPE_SFIXED_POINT_8
[2026-04-21T04:12:05.334+00:00] [INFO]    4:
[2026-04-21T04:12:05.334+00:00] [INFO]    in[0]:QNN_DATATYPE_UFIXED_POINT_16
[2026-04-21T04:12:05.334+00:00] [INFO]    out[0]:QNN_DATATYPE_BOOL_8
[2026-04-21T04:12:05.334+00:00] [INFO]    5:
[2026-04-21T04:12:05.334+00:00] [INFO]    in[0]:QNN_DATATYPE_UFIXED_POINT_16
[2026-04-21T04:12:05.334+00:00] [INFO]    out[0]:QNN_DATATYPE_UFIXED_POINT_16
[2026-04-21T04:12:05.334+00:00] [INFO]    6:
[2026-04-21T04:12:05.334+00:00] [INFO]    in[0]:QNN_DATATYPE_SFIXED_POINT_16
[2026-04-21T04:12:05.335+00:00] [INFO]    out[0]:QNN_DATATYPE_UFIXED_POINT_16
[2026-04-21T04:12:05.335+00:00] [INFO]    7:
[2026-04-21T04:12:05.335+00:00] [INFO]    in[0]:QNN_DATATYPE_INT_16
[2026-04-21T04:12:05.335+00:00] [INFO]    out[0]:QNN_DATATYPE_INT_32
[2026-04-21T04:12:05.335+00:00] [INFO]     91.5ms 
[2026-04-21T04:12:05.335+00:00] [INFO] [ ERROR ]  <E> Supported I/O datatype sets for the configuration: INT8
[2026-04-21T04:12:05.335+00:00] [INFO]    1:
[2026-04-21T04:12:05.335+00:00] [INFO]    in[0]:QNN_DATATYPE_UINT_8
[2026-04-21T04:12:05.335+00:00] [INFO]    out[0]:QNN_DATATYPE_UINT_8
[2026-04-21T04:12:05.335+00:00] [INFO]    2:
[2026-04-21T04:12:05.335+00:00] [INFO]    in[0]:QNN_DATATYPE_UINT_8
[2026-04-21T04:12:05.335+00:00] [INFO]    out[0]:QNN_DATATYPE_FLOAT_16
[2026-04-21T04:12:05.336+00:00] [INFO]    3:
[2026-04-21T04:12:05.336+00:00] [INFO]    in[0]:QNN_DATATYPE_UINT_8
[2026-04-21T04:12:05.336+00:00] [INFO]    out[0]:QNN_DATATYPE_UFIXED_POINT_8
[2026-04-21T04:12:05.336+00:00] [INFO]    4:
[2026-04-21T04:12:05.336+00:00] [INFO]    in[0]:QNN_DATATYPE_UINT_8
[2026-04-21T04:12:05.336+00:00] [INFO]    out[0]:QNN_DATATYPE_SFIXED_POINT_8
[2026-04-21T04:12:05.336+00:00] [INFO]    5:
[2026-04-21T04:12:05.336+00:00] [INFO]    in[0]:QNN_DATATYPE_UINT_8
[2026-04-21T04:12:05.336+00:00] [INFO]    out[0]:QNN_DATATYPE_BOOL_8
[2026-04-21T04:12:05.336+00:00] [INFO]    6:
[2026-04-21T04:12:05.336+00:00] [INFO]    in[0]:QNN_DATATYPE_UINT_8
[2026-04-21T04:12:05.336+00:00] [INFO]    out[0]:QNN_DATATYPE_UINT_32
[2026-04-21T04:12:05.336+00:00] [INFO]    7:
[2026-04-21T04:12:05.337+00:00] [INFO]    in[0]:QNN_DATATYPE_UINT_8
[2026-04-21T04:12:05.337+00:00] [INFO]    out[0]:QNN_DATATYPE_INT_32
[2026-04-21T04:12:05.337+00:00] [INFO]    8:
[2026-04-21T04:12:05.337+00:00] [INFO]    in[0]:QNN_DATATYPE_UINT_8
[2026-04-21T04:12:05.337+00:00] [INFO]    out[0]:QNN_DATATYPE_FLOAT_32
[2026-04-21T04:12:05.337+00:00] [INFO]    9:
[2026-04-21T04:12:05.337+00:00] [INFO]    in[0]:QNN_DATATYPE_UFIXED_POINT_8
[2026-04-21T04:12:05.337+00:00] [INFO]    out[0]:QNN_DATATYPE_UINT_8
[2026-04-21T04:12:05.337+00:00] [INFO]    10:
[2026-04-21T04:12:05.337+00:00] [INFO]    in[0]:QNN_DATATYPE_UFIXED_POINT_8
[2026-04-21T04:12:05.337+00:00] [INFO]    out[0]:QNN_DATATYPE_UFIXED_POINT_8
[2026-04-21T04:12:05.337+00:00] [INFO]    11:
[2026-04-21T04:12:05.338+00:00] [INFO]    in[0]:QNN_DATATYPE_UFIXED_POINT_8
[2026-04-21T04:12:05.338+00:00] [INFO]    out[0]:QNN_DATATYPE_SFIXED_POINT_8
[2026-04-21T04:12:05.338+00:00] [INFO]    12:
[2026-04-21T04:12:05.338+00:00] [INFO]    in[0]:QNN_DATATYPE_UFIXED_POINT_8
[2026-04-21T04:12:05.338+00:00] [INFO]    out[0]:QNN_DATATYPE_BOOL_8
[2026-04-21T04:12:05.338+00:00] [INFO]    13:
[2026-04-21T04:12:05.338+00:00] [INFO]    in[0]:QNN_DATATYPE_UFIXED_POINT_8
[2026-04-21T04:12:05.338+00:00] [INFO]    out[0]:QNN_DATATYPE_UINT_32
[2026-04-21T04:12:05.338+00:00] [INFO]     91.5ms 
[2026-04-21T04:12:05.338+00:00] [INFO] [ ERROR ]  <E> Supported I/O datatype sets for the configuration: INT8 (continued)
[2026-04-21T04:12:05.338+00:00] [INFO]    14:
[2026-04-21T04:12:05.338+00:00] [INFO]    in[0]:QNN_DATATYPE_UFIXED_POINT_8
[2026-04-21T04:12:05.338+00:00] [INFO]    out[0]:QNN_DATATYPE_INT_32
[2026-04-21T04:12:05.339+00:00] [INFO]    15:
[2026-04-21T04:12:05.339+00:00] [INFO]    in[0]:QNN_DATATYPE_UFIXED_POINT_8
[2026-04-21T04:12:05.339+00:00] [INFO]    out[0]:QNN_DATATYPE_FLOAT_32
[2026-04-21T04:12:05.339+00:00] [INFO]    16:
[2026-04-21T04:12:05.339+00:00] [INFO]    in[0]:QNN_DATATYPE_SFIXED_POINT_8
[2026-04-21T04:12:05.339+00:00] [INFO]    out[0]:QNN_DATATYPE_UINT_8
[2026-04-21T04:12:05.339+00:00] [INFO]    17:
[2026-04-21T04:12:05.339+00:00] [INFO]    in[0]:QNN_DATATYPE_SFIXED_POINT_8
[2026-04-21T04:12:05.339+00:00] [INFO]    out[0]:QNN_DATATYPE_UFIXED_POINT_8
[2026-04-21T04:12:05.339+00:00] [INFO]    18:
[2026-04-21T04:12:05.339+00:00] [INFO]    in[0]:QNN_DATATYPE_SFIXED_POINT_8
[2026-04-21T04:12:05.339+00:00] [INFO]    out[0]:QNN_DATATYPE_SFIXED_POINT_8
[2026-04-21T04:12:05.340+00:00] [INFO]    19:
[2026-04-21T04:12:05.340+00:00] [INFO]    in[0]:QNN_DATATYPE_SFIXED_POINT_8
[2026-04-21T04:12:05.340+00:00] [INFO]    out[0]:QNN_DATATYPE_BOOL_8
[2026-04-21T04:12:05.340+00:00] [INFO]    20:
[2026-04-21T04:12:05.340+00:00] [INFO]    in[0]:QNN_DATATYPE_SFIXED_POINT_8
[2026-04-21T04:12:05.340+00:00] [INFO]    out[0]:QNN_DATATYPE_UINT_32
[2026-04-21T04:12:05.340+00:00] [INFO]    21:
[2026-04-21T04:12:05.340+00:00] [INFO]    in[0]:QNN_DATATYPE_SFIXED_POINT_8
[2026-04-21T04:12:05.340+00:00] [INFO]    out[0]:QNN_DATATYPE_INT_32
[2026-04-21T04:12:05.340+00:00] [INFO]    22:
[2026-04-21T04:12:05.340+00:00] [INFO]    in[0]:QNN_DATATYPE_SFIXED_POINT_8
[2026-04-21T04:12:05.341+00:00] [INFO]    out[0]:QNN_DATATYPE_FLOAT_32
[2026-04-21T04:12:05.341+00:00] [INFO]     91.5ms 
[2026-04-21T04:12:05.341+00:00] [INFO] [ ERROR ]  <E> Supported I/O datatype sets for the configuration: OTHERS
[2026-04-21T04:12:05.341+00:00] [INFO]    1:
[2026-04-21T04:12:05.341+00:00] [INFO]    in[0]:QNN_DATATYPE_BOOL_8
[2026-04-21T04:12:05.341+00:00] [INFO]    out[0]:QNN_DATATYPE_UINT_8
[2026-04-21T04:12:05.341+00:00] [INFO]    2:
[2026-04-21T04:12:05.341+00:00] [INFO]    in[0]:QNN_DATATYPE_BOOL_8
[2026-04-21T04:12:05.341+00:00] [INFO]    out[0]:QNN_DATATYPE_UFIXED_POINT_8
[2026-04-21T04:12:05.341+00:00] [INFO]    3:
[2026-04-21T04:12:05.341+00:00] [INFO]    in[0]:QNN_DATATYPE_BOOL_8
[2026-04-21T04:12:05.341+00:00] [INFO]    out[0]:QNN_DATATYPE_SFIXED_POINT_8
[2026-04-21T04:12:05.342+00:00] [INFO]    4:
[2026-04-21T04:12:05.342+00:00] [INFO]    in[0]:QNN_DATATYPE_BOOL_8
[2026-04-21T04:12:05.342+00:00] [INFO]    out[0]:QNN_DATATYPE_BOOL_8
[2026-04-21T04:12:05.342+00:00] [INFO]    5:
[2026-04-21T04:12:05.342+00:00] [INFO]    in[0]:QNN_DATATYPE_BOOL_8
[2026-04-21T04:12:05.342+00:00] [INFO]    out[0]:QNN_DATATYPE_UINT_32
[2026-04-21T04:12:05.342+00:00] [INFO]    6:
[2026-04-21T04:12:05.342+00:00] [INFO]    in[0]:QNN_DATATYPE_BOOL_8
[2026-04-21T04:12:05.342+00:00] [INFO]    out[0]:QNN_DATATYPE_INT_32
[2026-04-21T04:12:05.342+00:00] [INFO]    7:
[2026-04-21T04:12:05.342+00:00] [INFO]    in[0]:QNN_DATATYPE_BOOL_8
[2026-04-21T04:12:05.342+00:00] [INFO]    out[0]:QNN_DATATYPE_FLOAT_32
[2026-04-21T04:12:05.343+00:00] [INFO]    8:
[2026-04-21T04:12:05.343+00:00] [INFO]    in[0]:QNN_DATATYPE_UINT_32
[2026-04-21T04:12:05.343+00:00] [INFO]    out[0]:QNN_DATATYPE_UINT_8
[2026-04-21T04:12:05.343+00:00] [INFO]    9:
[2026-04-21T04:12:05.343+00:00] [INFO]    in[0]:QNN_DATATYPE_UINT_32
[2026-04-21T04:12:05.343+00:00] [INFO]    out[0]:QNN_DATATYPE_UFIXED_POINT_8
[2026-04-21T04:12:05.343+00:00] [INFO]    10:
[2026-04-21T04:12:05.343+00:00] [INFO]    in[0]:QNN_DATATYPE_UINT_32
[2026-04-21T04:12:05.343+00:00] [INFO]    out[0]:QNN_DATATYPE_SFIXED_POINT_8
[2026-04-21T04:12:05.343+00:00] [INFO]    11:
[2026-04-21T04:12:05.343+00:00] [INFO]    in[0]:QNN_DATATYPE_UINT_32
[2026-04-21T04:12:05.344+00:00] [INFO]    out[0]:QNN_DATATYPE_BOOL_8
[2026-04-21T04:12:05.344+00:00] [INFO]    12:
[2026-04-21T04:12:05.344+00:00] [INFO]    in[0]:QNN_DATATYPE_UINT_32
[2026-04-21T04:12:05.344+00:00] [INFO]    out[0]:QNN_DATATYPE_UFIXED_POINT_16
[2026-04-21T04:12:05.344+00:00] [INFO]    13:
[2026-04-21T04:12:05.344+00:00] [INFO]    in[0]:QNN_DATATYPE_UINT_32
[2026-04-21T04:12:05.344+00:00] [INFO]    out[0]:QNN_DATATYPE_UINT_32
[2026-04-21T04:12:05.344+00:00] [INFO]     91.5ms 
[2026-04-21T04:12:05.344+00:00] [INFO] [ ERROR ]  <E> Supported I/O datatype sets for the configuration: OTHERS (continued)
[2026-04-21T04:12:05.344+00:00] [INFO]    14:
[2026-04-21T04:12:05.344+00:00] [INFO]    in[0]:QNN_DATATYPE_UINT_32
[2026-04-21T04:12:05.344+00:00] [INFO]    out[0]:QNN_DATATYPE_INT_32
[2026-04-21T04:12:05.345+00:00] [INFO]    15:
[2026-04-21T04:12:05.345+00:00] [INFO]    in[0]:QNN_DATATYPE_UINT_32
[2026-04-21T04:12:05.345+00:00] [INFO]    out[0]:QNN_DATATYPE_INT_64
[2026-04-21T04:12:05.345+00:00] [INFO]    16:
[2026-04-21T04:12:05.345+00:00] [INFO]    in[0]:QNN_DATATYPE_UINT_32
[2026-04-21T04:12:05.345+00:00] [INFO]    out[0]:QNN_DATATYPE_FLOAT_32
[2026-04-21T04:12:05.345+00:00] [INFO]    17:
[2026-04-21T04:12:05.345+00:00] [INFO]    in[0]:QNN_DATATYPE_INT_32
[2026-04-21T04:12:05.345+00:00] [INFO]    out[0]:QNN_DATATYPE_UINT_8
[2026-04-21T04:12:05.345+00:00] [INFO]    18:
[2026-04-21T04:12:05.345+00:00] [INFO]    in[0]:QNN_DATATYPE_INT_32
[2026-04-21T04:12:05.345+00:00] [INFO]    out[0]:QNN_DATATYPE_UFIXED_POINT_8
[2026-04-21T04:12:05.346+00:00] [INFO]    19:
[2026-04-21T04:12:05.346+00:00] [INFO]    in[0]:QNN_DATATYPE_INT_32
[2026-04-21T04:12:05.346+00:00] [INFO]    out[0]:QNN_DATATYPE_SFIXED_POINT_8
[2026-04-21T04:12:05.346+00:00] [INFO]    20:
[2026-04-21T04:12:05.346+00:00] [INFO]    in[0]:QNN_DATATYPE_INT_32
[2026-04-21T04:12:05.346+00:00] [INFO]    out[0]:QNN_DATATYPE_BOOL_8
[2026-04-21T04:12:05.346+00:00] [INFO]    21:
[2026-04-21T04:12:05.346+00:00] [INFO]    in[0]:QNN_DATATYPE_INT_32
[2026-04-21T04:12:05.346+00:00] [INFO]    out[0]:QNN_DATATYPE_UFIXED_POINT_16
[2026-04-21T04:12:05.346+00:00] [INFO]    22:
[2026-04-21T04:12:05.346+00:00] [INFO]    in[0]:QNN_DATATYPE_INT_32
[2026-04-21T04:12:05.346+00:00] [INFO]    out[0]:QNN_DATATYPE_UINT_32
[2026-04-21T04:12:05.347+00:00] [INFO]    23:
[2026-04-21T04:12:05.347+00:00] [INFO]    in[0]:QNN_DATATYPE_INT_32
[2026-04-21T04:12:05.347+00:00] [INFO]    out[0]:QNN_DATATYPE_INT_32
[2026-04-21T04:12:05.347+00:00] [INFO]    24:
[2026-04-21T04:12:05.347+00:00] [INFO]    in[0]:QNN_DATATYPE_INT_32
[2026-04-21T04:12:05.347+00:00] [INFO]    out[0]:QNN_DATATYPE_INT_64
[2026-04-21T04:12:05.347+00:00] [INFO]    25:
[2026-04-21T04:12:05.347+00:00] [INFO]    in[0]:QNN_DATATYPE_INT_32
[2026-04-21T04:12:05.347+00:00] [INFO]    out[0]:QNN_DATATYPE_FLOAT_32
[2026-04-21T04:12:05.347+00:00] [INFO]    26:
[2026-04-21T04:12:05.347+00:00] [INFO]    in[0]:QNN_DATATYPE_INT_64
[2026-04-21T04:12:05.347+00:00] [INFO]    out[0]:QNN_DATATYPE_UINT_32
[2026-04-21T04:12:05.348+00:00] [INFO]     91.5ms 
[2026-04-21T04:12:05.348+00:00] [INFO] [ ERROR ]  <E> Supported I/O datatype sets for the configuration: OTHERS (continued)
[2026-04-21T04:12:05.348+00:00] [INFO]    27:
[2026-04-21T04:12:05.348+00:00] [INFO]    in[0]:QNN_DATATYPE_INT_64
[2026-04-21T04:12:05.348+00:00] [INFO]    out[0]:QNN_DATATYPE_INT_32
[2026-04-21T04:12:05.348+00:00] [INFO]    28:
[2026-04-21T04:12:05.348+00:00] [INFO]    in[0]:QNN_DATATYPE_FLOAT_32
[2026-04-21T04:12:05.348+00:00] [INFO]    out[0]:QNN_DATATYPE_UINT_8
[2026-04-21T04:12:05.348+00:00] [INFO]    29:
[2026-04-21T04:12:05.348+00:00] [INFO]    in[0]:QNN_DATATYPE_FLOAT_32
[2026-04-21T04:12:05.348+00:00] [INFO]    out[0]:QNN_DATATYPE_UFIXED_POINT_8
[2026-04-21T04:12:05.348+00:00] [INFO]    30:
[2026-04-21T04:12:05.348+00:00] [INFO]    in[0]:QNN_DATATYPE_FLOAT_32
[2026-04-21T04:12:05.348+00:00] [INFO]    out[0]:QNN_DATATYPE_SFIXED_POINT_8
[2026-04-21T04:12:05.349+00:00] [INFO]    31:
[2026-04-21T04:12:05.349+00:00] [INFO]    in[0]:QNN_DATATYPE_FLOAT_32
[2026-04-21T04:12:05.349+00:00] [INFO]    out[0]:QNN_DATATYPE_BOOL_8
[2026-04-21T04:12:05.349+00:00] [INFO]    32:
[2026-04-21T04:12:05.349+00:00] [INFO]    in[0]:QNN_DATATYPE_FLOAT_32
[2026-04-21T04:12:05.349+00:00] [INFO]    out[0]:QNN_DATATYPE_UFIXED_POINT_16
[2026-04-21T04:12:05.349+00:00] [INFO]    33:
[2026-04-21T04:12:05.349+00:00] [INFO]    in[0]:QNN_DATATYPE_FLOAT_32
[2026-04-21T04:12:05.349+00:00] [INFO]    out[0]:QNN_DATATYPE_UINT_32
[2026-04-21T04:12:05.349+00:00] [INFO]    34:
[2026-04-21T04:12:05.349+00:00] [INFO]    in[0]:QNN_DATATYPE_FLOAT_32
[2026-04-21T04:12:05.349+00:00] [INFO]    out[0]:QNN_DATATYPE_INT_32
[2026-04-21T04:12:05.350+00:00] [INFO]    35:
[2026-04-21T04:12:05.350+00:00] [INFO]    in[0]:QNN_DATATYPE_FLOAT_32
[2026-04-21T04:12:05.350+00:00] [INFO]    out[0]:QNN_DATATYPE_FLOAT_32
[2026-04-21T04:12:05.350+00:00] [INFO]    36:
[2026-04-21T04:12:05.350+00:00] [INFO]    in[0]:QNN_DATATYPE_BOOL_8
[2026-04-21T04:12:05.350+00:00] [INFO]    out[0]:QNN_DATATYPE_FLOAT_16
[2026-04-21T04:12:05.350+00:00] [INFO]    37:
[2026-04-21T04:12:05.350+00:00] [INFO]    in[0]:QNN_DATATYPE_INT_32
[2026-04-21T04:12:05.350+00:00] [INFO]    out[0]:QNN_DATATYPE_FLOAT_16
[2026-04-21T04:12:05.350+00:00] [INFO]     91.5ms 
[2026-04-21T04:12:05.350+00:00] [INFO] [ ERROR ]  <E> Please refer to the 'HTP Backend Op Definition Supplement' section of QNN SDK for more details
[2026-04-21T04:12:05.350+00:00] [INFO]     91.5ms 
[2026-04-21T04:12:05.351+00:00] [INFO] [ ERROR ]  <E> QnnBackend_validateOpConfig failed 3110
[2026-04-21T04:12:05.351+00:00] [INFO]     91.5ms 
[2026-04-21T04:12:05.351+00:00] [INFO] [ ERROR ]  <E> Failed to validate op model_Gather_5_cast_data_bool_to_int8 with error 0xc26
[2026-04-21T04:12:05.351+00:00] [INFO]     65.9ms 
[2026-04-21T04:12:05.351+00:00] [INFO] [ ERROR ] Exception encountered: Validate OpConfig failed: QNN_OP_PACKAGE_ERROR_VALIDATION_FAILURE: Op configuration failed validation
[2026-04-21T04:12:05.351+00:00] [INFO]     65.9ms 
[2026-04-21T04:12:05.351+00:00] [INFO] [ ERROR ] Failed to successfully compose graph
[2026-04-21T04:12:05.351+00:00] [INFO]     65.9ms 
[2026-04-21T04:12:05.351+00:00] [INFO] [ ERROR ] Graph composer failed, no graphs were created
[2026-04-21T04:12:05.351+00:00] [INFO]     91.6ms 
[2026-04-21T04:12:05.351+00:00] [INFO] [ ERROR ] Failed in QnnSystemDlc_composeGraphs() with error code 1002
[2026-04-21T04:12:05.351+00:00] [INFO]     91.6ms 
[2026-04-21T04:12:05.351+00:00] [INFO] [ ERROR ] Received nullptr for graphsInput.
[2026-04-21T04:12:05.351+00:00] [INFO]     91.6ms 
[2026-04-21T04:12:05.352+00:00] [INFO] [ ERROR ] Failed to copy graph infos while composing graphs from dlc.
[2026-04-21T04:12:05.352+00:00] [INFO]     91.6ms 
[2026-04-21T04:12:05.352+00:00] [INFO] [ ERROR ] ComposeGraphs Failed with error = 1
[2026-04-21T04:12:05.352+00:00] [INFO] Graph Compose failure
[2026-04-21T04:12:05.470+00:00] [WARNING] Conversion to context binary failed with exit code 14
[2026-04-21T04:12:05.470+00:00] [INFO] Attempting to enqueue job jgl0dk3mg
